<?xml version="1.0" encoding="UTF-8"?>
<coverage generated="1700811500072" clover="3.2.0">
  <project timestamp="1700811500072" name="All files">
    <metrics statements="60" coveredstatements="52" conditionals="28" coveredconditionals="5" methods="19" coveredmethods="11" elements="107" coveredelements="68" complexity="0" loc="60" ncloc="60" packages="2" files="2" classes="2"/>
    <package name="TaskList">
      <metrics statements="28" coveredstatements="25" conditionals="2" coveredconditionals="2" methods="12" coveredmethods="9"/>
      <file name="TaskList.vue" path="/home/kraudo/Workspace/test/maxComply/frontend/src/components/TaskList/TaskList.vue">
        <metrics statements="28" coveredstatements="25" conditionals="2" coveredconditionals="2" methods="12" coveredmethods="9"/>
        <line num="4" count="1" type="stmt"/>
        <line num="7" count="1" type="stmt"/>
        <line num="144" count="1" type="stmt"/>
        <line num="147" count="1" type="stmt"/>
        <line num="148" count="1" type="stmt"/>
        <line num="149" count="1" type="stmt"/>
        <line num="153" count="2" type="stmt"/>
        <line num="154" count="2" type="stmt"/>
        <line num="155" count="2" type="stmt"/>
        <line num="156" count="2" type="stmt"/>
        <line num="157" count="2" type="stmt"/>
        <line num="158" count="2" type="stmt"/>
        <line num="159" count="2" type="stmt"/>
        <line num="160" count="2" type="stmt"/>
        <line num="161" count="2" type="stmt"/>
        <line num="162" count="2" type="stmt"/>
        <line num="163" count="2" type="stmt"/>
        <line num="164" count="2" type="stmt"/>
        <line num="171" count="0" type="cond" truecount="2" falsecount="0"/>
        <line num="177" count="0" type="stmt"/>
        <line num="185" count="2" type="stmt"/>
        <line num="186" count="1" type="stmt"/>
        <line num="191" count="0" type="stmt"/>
        <line num="193" count="1" type="stmt"/>
        <line num="194" count="1" type="stmt"/>
        <line num="197" count="1" type="stmt"/>
        <line num="203" count="1" type="stmt"/>
        <line num="217" count="1" type="stmt"/>
      </file>
    </package>
    <package name="TaslDetails">
      <metrics statements="32" coveredstatements="27" conditionals="26" coveredconditionals="3" methods="7" coveredmethods="2"/>
      <file name="TaskDetails.vue" path="/home/kraudo/Workspace/test/maxComply/frontend/src/components/TaslDetails/TaskDetails.vue">
        <metrics statements="32" coveredstatements="27" conditionals="26" coveredconditionals="3" methods="7" coveredmethods="2"/>
        <line num="4" count="1" type="stmt"/>
        <line num="7" count="1" type="stmt"/>
        <line num="8" count="1" type="stmt"/>
        <line num="152" count="1" type="stmt"/>
        <line num="155" count="1" type="stmt"/>
        <line num="156" count="1" type="stmt"/>
        <line num="157" count="1" type="stmt"/>
        <line num="161" count="1" type="stmt"/>
        <line num="164" count="1" type="stmt"/>
        <line num="167" count="1" type="stmt"/>
        <line num="171" count="1" type="stmt"/>
        <line num="175" count="1" type="stmt"/>
        <line num="179" count="1" type="stmt"/>
        <line num="183" count="1" type="stmt"/>
        <line num="187" count="1" type="stmt"/>
        <line num="190" count="1" type="stmt"/>
        <line num="191" count="1" type="stmt"/>
        <line num="194" count="1" type="stmt"/>
        <line num="195" count="1" type="stmt"/>
        <line num="197" count="3" type="stmt"/>
        <line num="198" count="3" type="stmt"/>
        <line num="199" count="3" type="stmt"/>
        <line num="200" count="3" type="stmt"/>
        <line num="201" count="3" type="stmt"/>
        <line num="202" count="3" type="cond" truecount="3" falsecount="1"/>
        <line num="205" count="2" type="stmt"/>
        <line num="206" count="0" type="stmt"/>
        <line num="210" count="0" type="stmt"/>
        <line num="220" count="0" type="stmt"/>
        <line num="229" count="0" type="stmt"/>
        <line num="238" count="0" type="stmt"/>
        <line num="256" count="1" type="stmt"/>
      </file>
    </package>
  </project>
</coverage>
