<?xml version="1.0" encoding="UTF-8"?>
<coverage generated="1700807335244" clover="3.2.0">
  <project timestamp="1700807335244" name="All files">
    <metrics statements="56" coveredstatements="50" conditionals="26" coveredconditionals="3" methods="17" coveredmethods="11" elements="99" coveredelements="64" complexity="0" loc="56" ncloc="56" packages="2" files="2" classes="2"/>
    <package name="TaskList">
      <metrics statements="24" coveredstatements="23" conditionals="0" coveredconditionals="0" methods="10" coveredmethods="9"/>
      <file name="TaskList.vue" path="/home/kraudo/Workspace/test/maxComply/frontend/src/components/TaskList/TaskList.vue">
        <metrics statements="24" coveredstatements="23" conditionals="0" coveredconditionals="0" methods="10" coveredmethods="9"/>
        <line num="4" count="1" type="stmt"/>
        <line num="7" count="1" type="stmt"/>
        <line num="116" count="1" type="stmt"/>
        <line num="119" count="1" type="stmt"/>
        <line num="120" count="1" type="stmt"/>
        <line num="121" count="1" type="stmt"/>
        <line num="125" count="1" type="stmt"/>
        <line num="126" count="1" type="stmt"/>
        <line num="127" count="1" type="stmt"/>
        <line num="128" count="1" type="stmt"/>
        <line num="129" count="1" type="stmt"/>
        <line num="130" count="1" type="stmt"/>
        <line num="131" count="1" type="stmt"/>
        <line num="132" count="1" type="stmt"/>
        <line num="133" count="1" type="stmt"/>
        <line num="134" count="1" type="stmt"/>
        <line num="143" count="1" type="stmt"/>
        <line num="144" count="1" type="stmt"/>
        <line num="149" count="0" type="stmt"/>
        <line num="151" count="1" type="stmt"/>
        <line num="152" count="1" type="stmt"/>
        <line num="155" count="1" type="stmt"/>
        <line num="161" count="1" type="stmt"/>
        <line num="175" count="1" type="stmt"/>
      </file>
    </package>
    <package name="TaslDetails">
      <metrics statements="32" coveredstatements="27" conditionals="26" coveredconditionals="3" methods="7" coveredmethods="2"/>
      <file name="TaskDetails.vue" path="/home/kraudo/Workspace/test/maxComply/frontend/src/components/TaslDetails/TaskDetails.vue">
        <metrics statements="32" coveredstatements="27" conditionals="26" coveredconditionals="3" methods="7" coveredmethods="2"/>
        <line num="4" count="1" type="stmt"/>
        <line num="7" count="1" type="stmt"/>
        <line num="8" count="1" type="stmt"/>
        <line num="152" count="1" type="stmt"/>
        <line num="155" count="1" type="stmt"/>
        <line num="156" count="1" type="stmt"/>
        <line num="157" count="1" type="stmt"/>
        <line num="161" count="1" type="stmt"/>
        <line num="164" count="1" type="stmt"/>
        <line num="167" count="1" type="stmt"/>
        <line num="171" count="1" type="stmt"/>
        <line num="175" count="1" type="stmt"/>
        <line num="179" count="1" type="stmt"/>
        <line num="183" count="1" type="stmt"/>
        <line num="187" count="1" type="stmt"/>
        <line num="190" count="1" type="stmt"/>
        <line num="191" count="1" type="stmt"/>
        <line num="194" count="1" type="stmt"/>
        <line num="195" count="1" type="stmt"/>
        <line num="197" count="3" type="stmt"/>
        <line num="198" count="3" type="stmt"/>
        <line num="199" count="3" type="stmt"/>
        <line num="200" count="3" type="stmt"/>
        <line num="201" count="3" type="stmt"/>
        <line num="202" count="3" type="cond" truecount="3" falsecount="1"/>
        <line num="205" count="2" type="stmt"/>
        <line num="206" count="0" type="stmt"/>
        <line num="210" count="0" type="stmt"/>
        <line num="220" count="0" type="stmt"/>
        <line num="229" count="0" type="stmt"/>
        <line num="238" count="0" type="stmt"/>
        <line num="256" count="1" type="stmt"/>
      </file>
    </package>
  </project>
</coverage>
