{"/home/kraudo/Workspace/test/maxComply/frontend/src/components/TaskList/TaskList.vue": {"path":"/home/kraudo/Workspace/test/maxComply/frontend/src/components/TaskList/TaskList.vue","statementMap":{"0":{"start":{"line":4,"column":0},"end":{"line":6,"column":3}},"1":{"start":{"line":7,"column":0},"end":{"line":7,"column":25}},"2":{"start":{"line":116,"column":0},"end":{"line":118,"column":3}},"3":{"start":{"line":119,"column":0},"end":{"line":119,"column":24}},"4":{"start":{"line":120,"column":11},"end":{"line":120,"column":25}},"5":{"start":{"line":121,"column":19},"end":{"line":123,"column":1}},"6":{"start":{"line":125,"column":37},"end":{"line":125,"column":82}},"7":{"start":{"line":126,"column":31},"end":{"line":126,"column":70}},"8":{"start":{"line":127,"column":34},"end":{"line":127,"column":76}},"9":{"start":{"line":128,"column":36},"end":{"line":128,"column":80}},"10":{"start":{"line":129,"column":28},"end":{"line":129,"column":64}},"11":{"start":{"line":130,"column":28},"end":{"line":130,"column":64}},"12":{"start":{"line":131,"column":28},"end":{"line":131,"column":64}},"13":{"start":{"line":132,"column":2},"end":{"line":174,"column":7}},"14":{"start":{"line":133,"column":37},"end":{"line":136,"column":7}},"15":{"start":{"line":134,"column":39},"end":{"line":134,"column":79}},"16":{"start":{"line":143,"column":37},"end":{"line":171,"column":35}},"17":{"start":{"line":144,"column":6},"end":{"line":170,"column":80}},"18":{"start":{"line":149,"column":27},"end":{"line":149,"column":53}},"19":{"start":{"line":151,"column":41},"end":{"line":167,"column":37}},"20":{"start":{"line":152,"column":43},"end":{"line":164,"column":39}},"21":{"start":{"line":155,"column":45},"end":{"line":155,"column":124}},"22":{"start":{"line":161,"column":45},"end":{"line":161,"column":130}},"23":{"start":{"line":175,"column":2},"end":{"line":175,"column":49}}},"fnMap":{"0":{"name":"render","decl":{"start":{"line":124,"column":9},"end":{"line":124,"column":15}},"loc":{"start":{"line":124,"column":63},"end":{"line":175,"column":1}},"line":124},"1":{"name":"(anonymous_1)","decl":{"start":{"line":133,"column":31},"end":{"line":133,"column":32}},"loc":{"start":{"line":133,"column":37},"end":{"line":136,"column":7}},"line":133},"2":{"name":"(anonymous_2)","decl":{"start":{"line":134,"column":33},"end":{"line":134,"column":34}},"loc":{"start":{"line":134,"column":39},"end":{"line":134,"column":79}},"line":134},"3":{"name":"(anonymous_3)","decl":{"start":{"line":143,"column":31},"end":{"line":143,"column":32}},"loc":{"start":{"line":143,"column":37},"end":{"line":171,"column":35}},"line":143},"4":{"name":"(anonymous_4)","decl":{"start":{"line":143,"column":161},"end":{"line":143,"column":162}},"loc":{"start":{"line":143,"column":169},"end":{"line":171,"column":5}},"line":143},"5":{"name":"(anonymous_5)","decl":{"start":{"line":149,"column":17},"end":{"line":149,"column":18}},"loc":{"start":{"line":149,"column":27},"end":{"line":149,"column":53}},"line":149},"6":{"name":"(anonymous_6)","decl":{"start":{"line":151,"column":35},"end":{"line":151,"column":36}},"loc":{"start":{"line":151,"column":41},"end":{"line":167,"column":37}},"line":151},"7":{"name":"(anonymous_7)","decl":{"start":{"line":152,"column":37},"end":{"line":152,"column":38}},"loc":{"start":{"line":152,"column":43},"end":{"line":164,"column":39}},"line":152},"8":{"name":"(anonymous_8)","decl":{"start":{"line":155,"column":39},"end":{"line":155,"column":40}},"loc":{"start":{"line":155,"column":45},"end":{"line":155,"column":124}},"line":155},"9":{"name":"(anonymous_9)","decl":{"start":{"line":161,"column":39},"end":{"line":161,"column":40}},"loc":{"start":{"line":161,"column":45},"end":{"line":161,"column":130}},"line":161}},"branchMap":{},"s":{"0":1,"1":1,"2":1,"3":1,"4":1,"5":1,"6":1,"7":1,"8":1,"9":1,"10":1,"11":1,"12":1,"13":1,"14":1,"15":1,"16":1,"17":1,"18":0,"19":1,"20":1,"21":1,"22":1,"23":1},"f":{"0":1,"1":1,"2":1,"3":1,"4":1,"5":0,"6":1,"7":1,"8":1,"9":1},"b":{},"inputSourceMap":{"0":"{","1":"\"","2":"v","3":"e","4":"r","5":"s","6":"i","7":"o","8":"n","9":"\"","10":":","11":"3","12":",","13":"\"","14":"s","15":"o","16":"u","17":"r","18":"c","19":"e","20":"s","21":"\"","22":":","23":"[","24":"\"","25":"/","26":"h","27":"o","28":"m","29":"e","30":"/","31":"k","32":"r","33":"a","34":"u","35":"d","36":"o","37":"/","38":"W","39":"o","40":"r","41":"k","42":"s","43":"p","44":"a","45":"c","46":"e","47":"/","48":"t","49":"e","50":"s","51":"t","52":"/","53":"m","54":"a","55":"x","56":"C","57":"o","58":"m","59":"p","60":"l","61":"y","62":"/","63":"f","64":"r","65":"o","66":"n","67":"t","68":"e","69":"n","70":"d","71":"/","72":"s","73":"r","74":"c","75":"/","76":"c","77":"o","78":"m","79":"p","80":"o","81":"n","82":"e","83":"n","84":"t","85":"s","86":"/","87":"T","88":"a","89":"s","90":"k","91":"L","92":"i","93":"s","94":"t","95":"/","96":"T","97":"a","98":"s","99":"k","100":"L","101":"i","102":"s","103":"t","104":".","105":"v","106":"u","107":"e","108":"\"","109":"]","110":",","111":"\"","112":"n","113":"a","114":"m","115":"e","116":"s","117":"\"","118":":","119":"[","120":"]","121":",","122":"\"","123":"m","124":"a","125":"p","126":"p","127":"i","128":"n","129":"g","130":"s","131":"\"","132":":","133":"\"","134":";","135":";","136":";","137":";","138":";","139":";","140":";","141":"A","142":"A","143":"k","144":"C","145":"A","146":";","147":"A","148":"A","149":"A","150":"A","151":";","152":"A","153":"A","154":"A","155":"A","156":";","157":"A","158":"A","159":"C","160":"A","161":";","162":"A","163":"A","164":"A","165":"A","166":";","167":"A","168":"A","169":"A","170":"A","171":";","172":"A","173":"A","174":"C","175":"A","176":";","177":"A","178":"A","179":"A","180":"A","181":";","182":"A","183":"A","184":"A","185":"A","186":";","187":"A","188":"A","189":"A","190":"g","191":"C","192":";","193":"A","194":"A","195":"A","196":"A","197":";","198":";","199":";","200":";","201":";","202":";","203":";","204":";","205":";","206":";","207":"I","208":"A","209":"C","210":"h","211":"C","212":",","213":"M","214":"A","215":"A","216":"M","217":",","218":"O","219":"A","220":"A","221":"O","222":";","223":"I","224":"A","225":"A","226":"G","227":";","228":"I","229":"A","230":"A","231":"A","232":";","233":"I","234":"A","235":"A","236":"A","237":";","238":"I","239":"A","240":"A","241":"A","242":";","243":"I","244":"A","245":"A","246":"A","247":";","248":"I","249":"A","250":"A","251":"A","252":",","253":"G","254":"A","255":"A","256":"G","257":",","258":"E","259":"A","260":"A","261":"C","262":",","263":"K","264":"A","265":"A","266":"K","267":",","268":"C","269":"A","270":"A","271":"C","272":";","273":"I","274":"A","275":"C","276":"1","277":"B","278":",","279":"M","280":"A","281":"A","282":"M","283":",","284":"S","285":"A","286":"A","287":"S","288":";","289":"I","290":"A","291":"A","292":"G","293":";","294":"I","295":"A","296":"A","297":"A","298":";","299":"I","300":"A","301":"A","302":"A","303":";","304":"I","305":"A","306":"A","307":"A","308":";","309":"I","310":"A","311":"A","312":"A","313":";","314":"I","315":"A","316":"A","317":"A","318":",","319":"Y","320":"A","321":"A","322":"Y","323":",","324":"E","325":"A","326":"A","327":"C","328":",","329":"C","330":"A","331":"A","332":"C","333":";","334":"I","335":"A","336":"E","337":"h","338":"C","339":",","340":"M","341":"A","342":"A","343":"M","344":",","345":"U","346":"A","347":"A","348":"U","349":",","350":"G","351":"A","352":"A","353":"G","354":",","355":"C","356":"A","357":"A","358":"C","359":",","360":"O","361":"A","362":"A","363":"O","364":",","365":"E","366":"A","367":"A","368":"E","369":",","370":"K","371":"A","372":"A","373":"K","374":",","375":"E","376":"A","377":"A","378":"E","379":",","380":"O","381":"A","382":"A","383":"O","384":",","385":"K","386":"A","387":"A","388":"K","389":";","390":"M","391":"A","392":"C","393":"/","394":"C","395":";","396":"M","397":"A","398":"A","399":"A","400":";","401":"M","402":"A","403":"A","404":"A","405":";","406":"M","407":"A","408":"A","409":"A","410":",","411":"M","412":"A","413":"A","414":"M","415":",","416":"C","417":"A","418":"A","419":"C","420":",","421":"M","422":"A","423":"A","424":"M","425":",","426":"C","427":"A","428":"A","429":"C","430":";","431":"Q","432":"A","433":"C","434":"b","435":",","436":"O","437":"A","438":"A","439":"O","440":",","441":"E","442":"A","443":"A","444":"E","445":",","446":"O","447":"A","448":"A","449":"O","450":";","451":"Q","452":"A","453":"C","454":"h","455":"B","456":",","457":"O","458":"A","459":"A","460":"O","461":",","462":"E","463":"A","464":"A","465":"E","466":",","467":"O","468":"A","469":"A","470":"O","471":";","472":"Q","473":"A","474":"C","475":"h","476":"B","477":",","478":"K","479":"A","480":"A","481":"K","482":",","483":"E","484":"A","485":"A","486":"E","487":",","488":"K","489":"A","490":"A","491":"K","492":";","493":"Q","494":"A","495":"C","496":"Z","497":",","498":"Q","499":"A","500":"A","501":"Q","502":",","503":"E","504":"A","505":"A","506":"E","507":",","508":"K","509":"A","510":"A","511":"K","512":";","513":"Q","514":"A","515":"C","516":"f","517":",","518":"O","519":"A","520":"A","521":"O","522":",","523":"E","524":"A","525":"A","526":"E","527":";","528":"M","529":"A","530":"C","531":"V","532":",","533":"C","534":"A","535":"A","536":"C","537":",","538":"C","539":"A","540":"A","541":"C","542":";","543":"I","544":"A","545":"C","546":"H","547":",","548":"C","549":"A","550":"A","551":"C","552":";","553":"I","554":"A","555":"E","556":"D","557":",","558":"M","559":"A","560":"A","561":"M","562":",","563":"U","564":"A","565":"A","566":"U","567":",","568":"G","569":"A","570":"A","571":"I","572":",","573":"M","574":"A","575":"A","576":"M","577":",","578":"I","579":"A","580":"A","581":"K","582":";","583":"M","584":"A","585":"C","586":"9","587":"B","588":",","589":"O","590":"A","591":"A","592":"O","593":",","594":"C","595":"A","596":"A","597":"C","598":",","599":"K","600":"A","601":"A","602":"K","603":",","604":"G","605":"A","606":"A","607":"G","608":",","609":"I","610":"A","611":"A","612":"I","613":";","614":"M","615":"A","616":"C","617":"p","618":"B","619":",","620":"U","621":"A","622":"A","623":"U","624":",","625":"C","626":"A","627":"A","628":"C","629":",","630":"S","631":"A","632":"A","633":"S","634":",","635":"E","636":"A","637":"A","638":"E","639":",","640":"M","641":"A","642":"A","643":"M","644":",","645":"E","646":"A","647":"A","648":"E","649":",","650":"I","651":"A","652":"A","653":"I","654":",","655":"C","656":"A","657":"A","658":"C","659":";","660":"M","661":"A","662":"C","663":"n","664":"C","665":",","666":"S","667":"A","668":"A","669":"S","670":",","671":"C","672":"A","673":"A","674":"C","675":",","676":"a","677":"A","678":"A","679":"a","680":",","681":"C","682":"A","683":"A","684":"C","685":",","686":"M","687":"A","688":"A","689":"M","690":",","691":"C","692":"A","693":"A","694":"C","695":",","696":"C","697":"A","698":"A","699":"C","700":",","701":"I","702":"A","703":"A","704":"I","705":",","706":"C","707":"A","708":"A","709":"C","710":",","711":"M","712":"A","713":"A","714":"M","715":";","716":"Q","717":"A","718":"C","719":"1","720":"C","721":",","722":"O","723":"A","724":"A","725":"O","726":",","727":"C","728":"A","729":"A","730":"C","731":",","732":"K","733":"A","734":"A","735":"K","736":",","737":"G","738":"A","739":"A","740":"G","741":",","742":"K","743":"A","744":"A","745":"K","746":";","747":"M","748":"A","749":"C","750":"t","751":"B","752":",","753":"C","754":"A","755":"A","756":"C","757":",","758":"C","759":"A","760":"A","761":"C","762":";","763":"I","764":"A","765":"C","766":"H","767":",","768":"C","769":"A","770":"A","771":"C","772":";","773":"I","774":"A","775":"E","776":"D","777":";","778":"I","779":"A","780":"A","781":"A","782":";","783":"I","784":"A","785":"A","786":"A","787":";","788":"I","789":"A","790":"A","791":"A","792":";","793":"I","794":"A","795":"A","796":"A","797":";","798":"I","799":"A","800":"A","801":"A","802":",","803":"S","804":"A","805":"A","806":"S","807":",","808":"E","809":"A","810":"A","811":"C","812":",","813":"M","814":"A","815":"A","816":"M","817":";","818":"M","819":"A","820":"C","821":"f","822":",","823":"O","824":"A","825":"A","826":"O","827":",","828":"C","829":"A","830":"A","831":"C","832":",","833":"K","834":"A","835":"A","836":"K","837":",","838":"G","839":"A","840":"A","841":"G","842":",","843":"I","844":"A","845":"A","846":"I","847":";","848":"M","849":"A","850":"C","851":"p","852":"B","853":",","854":"S","855":"A","856":"A","857":"S","858":",","859":"C","860":"A","861":"A","862":"C","863":",","864":"U","865":"A","866":"A","867":"U","868":",","869":"C","870":"A","871":"A","872":"C","873":",","874":"C","875":"A","876":"A","877":"C","878":",","879":"C","880":"A","881":"A","882":"C","883":",","884":"I","885":"A","886":"A","887":"I","888":",","889":"C","890":"A","891":"A","892":"C","893":",","894":"M","895":"A","896":"A","897":"M","898":";","899":"Q","900":"A","901":"C","902":"j","903":"C","904":",","905":"I","906":"A","907":"A","908":"I","909":",","910":"S","911":"A","912":"A","913":"S","914":",","915":"C","916":"A","917":"A","918":"C","919":",","920":"K","921":"A","922":"A","923":"K","924":",","925":"C","926":"A","927":"A","928":"C","929":",","930":"M","931":"A","932":"A","933":"M","934":",","935":"G","936":"A","937":"A","938":"G","939":",","940":"C","941":"A","942":"A","943":"C","944":",","945":"E","946":"A","947":"A","948":"E","949":";","950":"U","951":"A","952":"C","953":"/","954":"B","955":",","956":"U","957":"A","958":"A","959":"U","960":",","961":"C","962":"A","963":"A","964":"C","965":",","966":"S","967":"A","968":"A","969":"S","970":",","971":"C","972":"A","973":"A","974":"C","975":",","976":"K","977":"A","978":"A","979":"K","980":",","981":"C","982":"A","983":"A","984":"C","985":",","986":"C","987":"A","988":"A","989":"C","990":",","991":"C","992":"A","993":"A","994":"C","995":",","996":"C","997":"A","998":"A","999":"C","1000":",","1001":"E","1002":"A","1003":"A","1004":"E","1005":",","1006":"C","1007":"A","1008":"A","1009":"C","1010":";","1011":"Q","1012":"A","1013":"C","1014":"l","1015":"C","1016":";","1017":"Q","1018":"A","1019":"C","1020":"A","1021":",","1022":"O","1023":"A","1024":"A","1025":"O","1026":",","1027":"C","1028":"A","1029":"A","1030":"C","1031":",","1032":"K","1033":"A","1034":"A","1035":"K","1036":",","1037":"G","1038":"A","1039":"A","1040":"G","1041":",","1042":"K","1043":"A","1044":"A","1045":"K","1046":";","1047":"M","1048":"A","1049":"C","1050":"t","1051":"B","1052":",","1053":"C","1054":"A","1055":"A","1056":"C","1057":",","1058":"C","1059":"A","1060":"A","1061":"C","1062":";","1063":"I","1064":"A","1065":"C","1066":"H","1067":",","1068":"C","1069":"A","1070":"A","1071":"C","1072":",","1073":"C","1074":"A","1075":"A","1076":"C","1077":"\"","1078":",","1079":"\"","1080":"f","1081":"i","1082":"l","1083":"e","1084":"\"","1085":":","1086":"\"","1087":"/","1088":"h","1089":"o","1090":"m","1091":"e","1092":"/","1093":"k","1094":"r","1095":"a","1096":"u","1097":"d","1098":"o","1099":"/","1100":"W","1101":"o","1102":"r","1103":"k","1104":"s","1105":"p","1106":"a","1107":"c","1108":"e","1109":"/","1110":"t","1111":"e","1112":"s","1113":"t","1114":"/","1115":"m","1116":"a","1117":"x","1118":"C","1119":"o","1120":"m","1121":"p","1122":"l","1123":"y","1124":"/","1125":"f","1126":"r","1127":"o","1128":"n","1129":"t","1130":"e","1131":"n","1132":"d","1133":"/","1134":"s","1135":"r","1136":"c","1137":"/","1138":"c","1139":"o","1140":"m","1141":"p","1142":"o","1143":"n","1144":"e","1145":"n","1146":"t","1147":"s","1148":"/","1149":"T","1150":"a","1151":"s","1152":"k","1153":"L","1154":"i","1155":"s","1156":"t","1157":"/","1158":"T","1159":"a","1160":"s","1161":"k","1162":"L","1163":"i","1164":"s","1165":"t","1166":".","1167":"v","1168":"u","1169":"e","1170":"\"","1171":",","1172":"\"","1173":"s","1174":"o","1175":"u","1176":"r","1177":"c","1178":"e","1179":"s","1180":"C","1181":"o","1182":"n","1183":"t","1184":"e","1185":"n","1186":"t","1187":"\"","1188":":","1189":"[","1190":"\"","1191":"<","1192":"t","1193":"e","1194":"m","1195":"p","1196":"l","1197":"a","1198":"t","1199":"e","1200":">","1201":"\\","1202":"n","1203":"\\","1204":"t","1205":"<","1206":"d","1207":"i","1208":"v","1209":"\\","1210":"n","1211":"\\","1212":"t","1213":"\\","1214":"t","1215":"c","1216":"l","1217":"a","1218":"s","1219":"s","1220":"N","1221":"a","1222":"m","1223":"e","1224":"=","1225":"\\","1226":"\"","1227":"l","1228":"i","1229":"s","1230":"t","1231":"-","1232":"c","1233":"o","1234":"n","1235":"t","1236":"a","1237":"i","1238":"n","1239":"e","1240":"r","1241":"\\","1242":"\"","1243":"\\","1244":"n","1245":"\\","1246":"t","1247":">","1248":"\\","1249":"n","1250":"\\","1251":"t","1252":"\\","1253":"t","1254":"<","1255":"q","1256":"-","1257":"t","1258":"o","1259":"o","1260":"l","1261":"b","1262":"a","1263":"r","1264":">","1265":"\\","1266":"n","1267":"\\","1268":"t","1269":"\\","1270":"t","1271":"\\","1272":"t","1273":"<","1274":"q","1275":"-","1276":"t","1277":"o","1278":"o","1279":"l","1280":"b","1281":"a","1282":"r","1283":"-","1284":"t","1285":"i","1286":"t","1287":"l","1288":"e","1289":">","1290":"T","1291":"a","1292":"s","1293":"k","1294":" ","1295":"L","1296":"i","1297":"s","1298":"t","1299":"<","1300":"/","1301":"q","1302":"-","1303":"t","1304":"o","1305":"o","1306":"l","1307":"b","1308":"a","1309":"r","1310":"-","1311":"t","1312":"i","1313":"t","1314":"l","1315":"e","1316":">","1317":"\\","1318":"n","1319":"\\","1320":"t","1321":"\\","1322":"t","1323":"<","1324":"/","1325":"q","1326":"-","1327":"t","1328":"o","1329":"o","1330":"l","1331":"b","1332":"a","1333":"r","1334":">","1335":"\\","1336":"n","1337":"\\","1338":"t","1339":"\\","1340":"t","1341":"<","1342":"q","1343":"-","1344":"l","1345":"i","1346":"s","1347":"t","1348":"\\","1349":"n","1350":"\\","1351":"t","1352":"\\","1353":"t","1354":"\\","1355":"t","1356":"b","1357":"o","1358":"r","1359":"d","1360":"e","1361":"r","1362":"e","1363":"d","1364":"\\","1365":"n","1366":"\\","1367":"t","1368":"\\","1369":"t","1370":"\\","1371":"t","1372":"s","1373":"e","1374":"p","1375":"a","1376":"r","1377":"a","1378":"t","1379":"o","1380":"r","1381":"\\","1382":"n","1383":"\\","1384":"t","1385":"\\","1386":"t","1387":">","1388":"\\","1389":"n","1390":"\\","1391":"t","1392":"\\","1393":"t","1394":"\\","1395":"t","1396":"<","1397":"q","1398":"-","1399":"i","1400":"t","1401":"e","1402":"m","1403":"\\","1404":"n","1405":"\\","1406":"t","1407":"\\","1408":"t","1409":"\\","1410":"t","1411":"\\","1412":"t","1413":"v","1414":"-","1415":"f","1416":"o","1417":"r","1418":"=","1419":"\\","1420":"\"","1421":"t","1422":"a","1423":"s","1424":"k","1425":" ","1426":"i","1427":"n","1428":" ","1429":"t","1430":"a","1431":"s","1432":"k","1433":"S","1434":"t","1435":"o","1436":"r","1437":"e","1438":".","1439":"t","1440":"a","1441":"s","1442":"k","1443":"s","1444":"\\","1445":"\"","1446":"\\","1447":"n","1448":"\\","1449":"t","1450":"\\","1451":"t","1452":"\\","1453":"t","1454":"\\","1455":"t","1456":":","1457":"k","1458":"e","1459":"y","1460":"=","1461":"\\","1462":"\"","1463":"t","1464":"a","1465":"s","1466":"k","1467":".","1468":"i","1469":"d","1470":"\\","1471":"\"","1472":"\\","1473":"n","1474":"\\","1475":"t","1476":"\\","1477":"t","1478":"\\","1479":"t","1480":"\\","1481":"t","1482":"v","1483":"-","1484":"r","1485":"i","1486":"p","1487":"p","1488":"l","1489":"e","1490":"\\","1491":"n","1492":"\\","1493":"t","1494":"\\","1495":"t","1496":"\\","1497":"t","1498":"\\","1499":"t","1500":"o","1501":"u","1502":"t","1503":"l","1504":"i","1505":"n","1506":"e","1507":"d","1508":"\\","1509":"n","1510":"\\","1511":"t","1512":"\\","1513":"t","1514":"\\","1515":"t","1516":"\\","1517":"t","1518":"c","1519":"l","1520":"i","1521":"c","1522":"k","1523":"a","1524":"b","1525":"l","1526":"e","1527":"\\","1528":"n","1529":"\\","1530":"t","1531":"\\","1532":"t","1533":"\\","1534":"t","1535":"\\","1536":"t","1537":"c","1538":"l","1539":"a","1540":"s","1541":"s","1542":"=","1543":"\\","1544":"\"","1545":"l","1546":"i","1547":"s","1548":"t","1549":"-","1550":"i","1551":"t","1552":"e","1553":"m","1554":"\\","1555":"\"","1556":"\\","1557":"n","1558":"\\","1559":"t","1560":"\\","1561":"t","1562":"\\","1563":"t","1564":"\\","1565":"t","1566":"@","1567":"c","1568":"l","1569":"i","1570":"c","1571":"k","1572":"=","1573":"\\","1574":"\"","1575":"s","1576":"e","1577":"l","1578":"e","1579":"c","1580":"t","1581":"T","1582":"a","1583":"s","1584":"k","1585":"(","1586":"t","1587":"a","1588":"s","1589":"k","1590":".","1591":"i","1592":"d","1593":")","1594":"\\","1595":"\"","1596":"\\","1597":"n","1598":"\\","1599":"t","1600":"\\","1601":"t","1602":"\\","1603":"t","1604":">","1605":"\\","1606":"n","1607":"\\","1608":"t","1609":"\\","1610":"t","1611":"\\","1612":"t","1613":"\\","1614":"t","1615":"<","1616":"q","1617":"-","1618":"i","1619":"t","1620":"e","1621":"m","1622":"-","1623":"s","1624":"e","1625":"c","1626":"t","1627":"i","1628":"o","1629":"n","1630":">","1631":"\\","1632":"n","1633":"\\","1634":"t","1635":"\\","1636":"t","1637":"\\","1638":"t","1639":"\\","1640":"t","1641":"\\","1642":"t","1643":"<","1644":"q","1645":"-","1646":"i","1647":"t","1648":"e","1649":"m","1650":"-","1651":"l","1652":"a","1653":"b","1654":"e","1655":"l","1656":" ","1657":"c","1658":"l","1659":"a","1660":"s","1661":"s","1662":"=","1663":"\\","1664":"\"","1665":"l","1666":"i","1667":"s","1668":"t","1669":"-","1670":"i","1671":"t","1672":"e","1673":"m","1674":"-","1675":"t","1676":"i","1677":"t","1678":"l","1679":"e","1680":"\\","1681":"\"","1682":">","1683":"\\","1684":"n","1685":"\\","1686":"t","1687":"\\","1688":"t","1689":"\\","1690":"t","1691":"\\","1692":"t","1693":"\\","1694":"t","1695":"\\","1696":"t","1697":"{","1698":"{","1699":" ","1700":"t","1701":"a","1702":"s","1703":"k","1704":".","1705":"n","1706":"a","1707":"m","1708":"e","1709":" ","1710":"}","1711":"}","1712":"\\","1713":"n","1714":"\\","1715":"t","1716":"\\","1717":"t","1718":"\\","1719":"t","1720":"\\","1721":"t","1722":"\\","1723":"t","1724":"<","1725":"/","1726":"q","1727":"-","1728":"i","1729":"t","1730":"e","1731":"m","1732":"-","1733":"l","1734":"a","1735":"b","1736":"e","1737":"l","1738":">","1739":"\\","1740":"n","1741":"\\","1742":"t","1743":"\\","1744":"t","1745":"\\","1746":"t","1747":"\\","1748":"t","1749":"\\","1750":"t","1751":"<","1752":"q","1753":"-","1754":"i","1755":"t","1756":"e","1757":"m","1758":"-","1759":"l","1760":"a","1761":"b","1762":"e","1763":"l","1764":" ","1765":"c","1766":"a","1767":"p","1768":"t","1769":"i","1770":"o","1771":"n","1772":">","1773":"\\","1774":"n","1775":"\\","1776":"t","1777":"\\","1778":"t","1779":"\\","1780":"t","1781":"\\","1782":"t","1783":"\\","1784":"t","1785":"\\","1786":"t","1787":"{","1788":"{","1789":" ","1790":"t","1791":"a","1792":"s","1793":"k","1794":".","1795":"s","1796":"u","1797":"b","1798":"H","1799":"e","1800":"a","1801":"d","1802":"i","1803":"n","1804":"g","1805":" ","1806":"}","1807":"}","1808":"\\","1809":"n","1810":"\\","1811":"t","1812":"\\","1813":"t","1814":"\\","1815":"t","1816":"\\","1817":"t","1818":"\\","1819":"t","1820":"<","1821":"/","1822":"q","1823":"-","1824":"i","1825":"t","1826":"e","1827":"m","1828":"-","1829":"l","1830":"a","1831":"b","1832":"e","1833":"l","1834":">","1835":"\\","1836":"n","1837":"\\","1838":"t","1839":"\\","1840":"t","1841":"\\","1842":"t","1843":"\\","1844":"t","1845":"<","1846":"/","1847":"q","1848":"-","1849":"i","1850":"t","1851":"e","1852":"m","1853":"-","1854":"s","1855":"e","1856":"c","1857":"t","1858":"i","1859":"o","1860":"n","1861":">","1862":"\\","1863":"n","1864":"\\","1865":"t","1866":"\\","1867":"t","1868":"\\","1869":"t","1870":"<","1871":"/","1872":"q","1873":"-","1874":"i","1875":"t","1876":"e","1877":"m","1878":">","1879":"\\","1880":"n","1881":"\\","1882":"t","1883":"\\","1884":"t","1885":"<","1886":"/","1887":"q","1888":"-","1889":"l","1890":"i","1891":"s","1892":"t","1893":">","1894":"\\","1895":"n","1896":"\\","1897":"t","1898":"<","1899":"/","1900":"d","1901":"i","1902":"v","1903":">","1904":"\\","1905":"n","1906":"<","1907":"/","1908":"t","1909":"e","1910":"m","1911":"p","1912":"l","1913":"a","1914":"t","1915":"e","1916":">","1917":"\\","1918":"n","1919":"\\","1920":"n","1921":"<","1922":"s","1923":"c","1924":"r","1925":"i","1926":"p","1927":"t","1928":" ","1929":"s","1930":"e","1931":"t","1932":"u","1933":"p","1934":">","1935":"\\","1936":"n","1937":"i","1938":"m","1939":"p","1940":"o","1941":"r","1942":"t","1943":" ","1944":"{","1945":" ","1946":"r","1947":"e","1948":"f","1949":",","1950":" ","1951":"o","1952":"n","1953":"M","1954":"o","1955":"u","1956":"n","1957":"t","1958":"e","1959":"d","1960":" ","1961":"}","1962":" ","1963":"f","1964":"r","1965":"o","1966":"m","1967":" ","1968":"'","1969":"v","1970":"u","1971":"e","1972":"'","1973":";","1974":"\\","1975":"n","1976":"i","1977":"m","1978":"p","1979":"o","1980":"r","1981":"t","1982":" ","1983":"{","1984":" ","1985":"u","1986":"s","1987":"e","1988":"T","1989":"a","1990":"s","1991":"k","1992":"S","1993":"t","1994":"o","1995":"r","1996":"e","1997":" ","1998":"}","1999":" ","2000":"f","2001":"r","2002":"o","2003":"m","2004":" ","2005":"'","2006":".","2007":".","2008":"/","2009":".","2010":".","2011":"/","2012":"s","2013":"t","2014":"o","2015":"r","2016":"e","2017":"s","2018":"/","2019":"t","2020":"a","2021":"s","2022":"k","2023":"S","2024":"t","2025":"o","2026":"r","2027":"e","2028":"'","2029":";","2030":"\\","2031":"n","2032":"i","2033":"m","2034":"p","2035":"o","2036":"r","2037":"t","2038":" ","2039":"{","2040":" ","2041":"N","2042":"o","2043":"t","2044":"i","2045":"f","2046":"y","2047":" ","2048":"}","2049":" ","2050":"f","2051":"r","2052":"o","2053":"m","2054":" ","2055":"'","2056":"q","2057":"u","2058":"a","2059":"s","2060":"a","2061":"r","2062":"'","2063":";","2064":"\\","2065":"n","2066":"c","2067":"o","2068":"n","2069":"s","2070":"t","2071":" ","2072":"l","2073":"o","2074":"a","2075":"d","2076":"i","2077":"n","2078":"g","2079":" ","2080":"=","2081":" ","2082":"r","2083":"e","2084":"f","2085":"(","2086":"f","2087":"a","2088":"l","2089":"s","2090":"e","2091":")","2092":";","2093":"\\","2094":"n","2095":"c","2096":"o","2097":"n","2098":"s","2099":"t","2100":" ","2101":"t","2102":"a","2103":"s","2104":"k","2105":"S","2106":"t","2107":"o","2108":"r","2109":"e","2110":" ","2111":"=","2112":" ","2113":"u","2114":"s","2115":"e","2116":"T","2117":"a","2118":"s","2119":"k","2120":"S","2121":"t","2122":"o","2123":"r","2124":"e","2125":"(","2126":")","2127":";","2128":"\\","2129":"n","2130":"\\","2131":"n","2132":"c","2133":"o","2134":"n","2135":"s","2136":"t","2137":" ","2138":"s","2139":"h","2140":"o","2141":"w","2142":"N","2143":"o","2144":"t","2145":"i","2146":"f","2147":"y","2148":" ","2149":"=","2150":" ","2151":"(","2152":"m","2153":"e","2154":"s","2155":"s","2156":"a","2157":"g","2158":"e","2159":",","2160":" ","2161":"c","2162":"o","2163":"l","2164":"o","2165":"r","2166":",","2167":" ","2168":"l","2169":"o","2170":"a","2171":"d","2172":"i","2173":"n","2174":"g","2175":")","2176":" ","2177":"=","2178":">","2179":" ","2180":"{","2181":"\\","2182":"n","2183":"\\","2184":"t","2185":"N","2186":"o","2187":"t","2188":"i","2189":"f","2190":"y","2191":".","2192":"c","2193":"r","2194":"e","2195":"a","2196":"t","2197":"e","2198":"(","2199":"{","2200":"\\","2201":"n","2202":"\\","2203":"t","2204":"\\","2205":"t","2206":"s","2207":"p","2208":"i","2209":"n","2210":"n","2211":"e","2212":"r","2213":":","2214":" ","2215":"l","2216":"o","2217":"a","2218":"d","2219":"i","2220":"n","2221":"g","2222":",","2223":"\\","2224":"n","2225":"\\","2226":"t","2227":"\\","2228":"t","2229":"m","2230":"e","2231":"s","2232":"s","2233":"a","2234":"g","2235":"e","2236":":","2237":" ","2238":"m","2239":"e","2240":"s","2241":"s","2242":"a","2243":"g","2244":"e","2245":",","2246":"\\","2247":"n","2248":"\\","2249":"t","2250":"\\","2251":"t","2252":"c","2253":"o","2254":"l","2255":"o","2256":"r","2257":":","2258":" ","2259":"c","2260":"o","2261":"l","2262":"o","2263":"r","2264":",","2265":"\\","2266":"n","2267":"\\","2268":"t","2269":"\\","2270":"t","2271":"p","2272":"o","2273":"s","2274":"i","2275":"t","2276":"i","2277":"o","2278":"n","2279":":","2280":" ","2281":"'","2282":"t","2283":"o","2284":"p","2285":"'","2286":",","2287":"\\","2288":"n","2289":"\\","2290":"t","2291":"\\","2292":"t","2293":"t","2294":"i","2295":"m","2296":"e","2297":"o","2298":"u","2299":"t","2300":":","2301":" ","2302":"2","2303":"0","2304":"0","2305":"0","2306":",","2307":"\\","2308":"n","2309":"\\","2310":"t","2311":"}","2312":")","2313":";","2314":"\\","2315":"n","2316":"}","2317":";","2318":"\\","2319":"n","2320":"\\","2321":"n","2322":"c","2323":"o","2324":"n","2325":"s","2326":"t","2327":" ","2328":"s","2329":"e","2330":"l","2331":"e","2332":"c","2333":"t","2334":"T","2335":"a","2336":"s","2337":"k","2338":" ","2339":"=","2340":" ","2341":"(","2342":"t","2343":"a","2344":"s","2345":"k","2346":"I","2347":"d","2348":")","2349":" ","2350":"=","2351":">","2352":" ","2353":"{","2354":"\\","2355":"n","2356":"\\","2357":"t","2358":"l","2359":"o","2360":"a","2361":"d","2362":"i","2363":"n","2364":"g","2365":".","2366":"v","2367":"a","2368":"l","2369":"u","2370":"e","2371":" ","2372":"=","2373":" ","2374":"t","2375":"r","2376":"u","2377":"e","2378":";","2379":"\\","2380":"n","2381":"\\","2382":"t","2383":"s","2384":"h","2385":"o","2386":"w","2387":"N","2388":"o","2389":"t","2390":"i","2391":"f","2392":"y","2393":"(","2394":"'","2395":"L","2396":"o","2397":"a","2398":"d","2399":"i","2400":"n","2401":"g","2402":"'","2403":",","2404":" ","2405":"'","2406":"b","2407":"l","2408":"u","2409":"e","2410":"'","2411":",","2412":" ","2413":"t","2414":"r","2415":"u","2416":"e","2417":")","2418":";","2419":"\\","2420":"n","2421":"\\","2422":"t","2423":"t","2424":"a","2425":"s","2426":"k","2427":"S","2428":"t","2429":"o","2430":"r","2431":"e","2432":".","2433":"f","2434":"e","2435":"t","2436":"c","2437":"h","2438":"T","2439":"a","2440":"s","2441":"k","2442":"B","2443":"y","2444":"I","2445":"d","2446":"(","2447":"t","2448":"a","2449":"s","2450":"k","2451":"I","2452":"d","2453":")","2454":".","2455":"t","2456":"h","2457":"e","2458":"n","2459":"(","2460":"(","2461":")","2462":" ","2463":"=","2464":">","2465":" ","2466":"{","2467":"\\","2468":"n","2469":"\\","2470":"t","2471":"\\","2472":"t","2473":"l","2474":"o","2475":"a","2476":"d","2477":"i","2478":"n","2479":"g","2480":".","2481":"v","2482":"a","2483":"l","2484":"u","2485":"e","2486":" ","2487":"=","2488":" ","2489":"f","2490":"a","2491":"l","2492":"s","2493":"e","2494":";","2495":"\\","2496":"n","2497":"\\","2498":"t","2499":"}","2500":")","2501":";","2502":"\\","2503":"n","2504":"}","2505":";","2506":"\\","2507":"n","2508":"\\","2509":"n","2510":"o","2511":"n","2512":"M","2513":"o","2514":"u","2515":"n","2516":"t","2517":"e","2518":"d","2519":"(","2520":"(","2521":")","2522":" ","2523":"=","2524":">","2525":" ","2526":"{","2527":"\\","2528":"n","2529":"\\","2530":"t","2531":"l","2532":"o","2533":"a","2534":"d","2535":"i","2536":"n","2537":"g","2538":".","2539":"v","2540":"a","2541":"l","2542":"u","2543":"e","2544":" ","2545":"=","2546":" ","2547":"t","2548":"r","2549":"u","2550":"e","2551":";","2552":"\\","2553":"n","2554":"\\","2555":"t","2556":"t","2557":"a","2558":"s","2559":"k","2560":"S","2561":"t","2562":"o","2563":"r","2564":"e","2565":".","2566":"f","2567":"e","2568":"t","2569":"c","2570":"h","2571":"T","2572":"a","2573":"s","2574":"k","2575":"s","2576":"(","2577":")","2578":".","2579":"t","2580":"h","2581":"e","2582":"n","2583":"(","2584":"(","2585":")","2586":" ","2587":"=","2588":">","2589":" ","2590":"{","2591":"\\","2592":"n","2593":"\\","2594":"t","2595":"\\","2596":"t","2597":"i","2598":"f","2599":" ","2600":"(","2601":"t","2602":"a","2603":"s","2604":"k","2605":"S","2606":"t","2607":"o","2608":"r","2609":"e","2610":".","2611":"t","2612":"a","2613":"s","2614":"k","2615":"s","2616":".","2617":"l","2618":"e","2619":"n","2620":"g","2621":"t","2622":"h","2623":" ","2624":">","2625":" ","2626":"0","2627":")","2628":" ","2629":"{","2630":"\\","2631":"n","2632":"\\","2633":"t","2634":"\\","2635":"t","2636":"\\","2637":"t","2638":"s","2639":"e","2640":"l","2641":"e","2642":"c","2643":"t","2644":"T","2645":"a","2646":"s","2647":"k","2648":"(","2649":"t","2650":"a","2651":"s","2652":"k","2653":"S","2654":"t","2655":"o","2656":"r","2657":"e","2658":".","2659":"t","2660":"a","2661":"s","2662":"k","2663":"s","2664":"[","2665":"0","2666":"]","2667":".","2668":"i","2669":"d","2670":")","2671":";","2672":"\\","2673":"n","2674":"\\","2675":"t","2676":"\\","2677":"t","2678":"}","2679":"\\","2680":"n","2681":"\\","2682":"t","2683":"\\","2684":"t","2685":"l","2686":"o","2687":"a","2688":"d","2689":"i","2690":"n","2691":"g","2692":".","2693":"v","2694":"a","2695":"l","2696":"u","2697":"e","2698":" ","2699":"=","2700":" ","2701":"f","2702":"a","2703":"l","2704":"s","2705":"e","2706":";","2707":"\\","2708":"n","2709":"\\","2710":"t","2711":"}","2712":")","2713":";","2714":"\\","2715":"n","2716":"}","2717":")","2718":";","2719":"\\","2720":"n","2721":"<","2722":"/","2723":"s","2724":"c","2725":"r","2726":"i","2727":"p","2728":"t","2729":">","2730":"\\","2731":"n","2732":"\\","2733":"n","2734":"<","2735":"s","2736":"t","2737":"y","2738":"l","2739":"e","2740":" ","2741":"s","2742":"c","2743":"o","2744":"p","2745":"e","2746":" ","2747":"l","2748":"a","2749":"n","2750":"g","2751":"=","2752":"\\","2753":"\"","2754":"s","2755":"c","2756":"s","2757":"s","2758":"\\","2759":"\"","2760":">","2761":"\\","2762":"n","2763":"@","2764":"i","2765":"m","2766":"p","2767":"o","2768":"r","2769":"t","2770":" ","2771":"'","2772":".","2773":".","2774":"/","2775":".","2776":".","2777":"/","2778":"c","2779":"s","2780":"s","2781":"/","2782":"a","2783":"p","2784":"p","2785":".","2786":"s","2787":"c","2788":"s","2789":"s","2790":"'","2791":";","2792":"\\","2793":"n","2794":"<","2795":"/","2796":"s","2797":"t","2798":"y","2799":"l","2800":"e","2801":">","2802":"\"","2803":"]","2804":"}"},"_coverageSchema":"1a1c01bbd47fc00a2c39e90264f33305004495a9","hash":"38effdb2fa19f963b78ae4641b017e0327798799"}
,"/home/kraudo/Workspace/test/maxComply/frontend/src/components/TaslDetails/TaskDetails.vue": {"path":"/home/kraudo/Workspace/test/maxComply/frontend/src/components/TaslDetails/TaskDetails.vue","statementMap":{"0":{"start":{"line":4,"column":0},"end":{"line":6,"column":3}},"1":{"start":{"line":7,"column":0},"end":{"line":7,"column":25}},"2":{"start":{"line":8,"column":0},"end":{"line":8,"column":44}},"3":{"start":{"line":152,"column":0},"end":{"line":154,"column":3}},"4":{"start":{"line":155,"column":0},"end":{"line":155,"column":24}},"5":{"start":{"line":156,"column":11},"end":{"line":156,"column":25}},"6":{"start":{"line":157,"column":19},"end":{"line":160,"column":1}},"7":{"start":{"line":161,"column":19},"end":{"line":163,"column":1}},"8":{"start":{"line":164,"column":19},"end":{"line":166,"column":1}},"9":{"start":{"line":167,"column":19},"end":{"line":170,"column":1}},"10":{"start":{"line":171,"column":19},"end":{"line":174,"column":1}},"11":{"start":{"line":175,"column":19},"end":{"line":178,"column":1}},"12":{"start":{"line":179,"column":19},"end":{"line":182,"column":1}},"13":{"start":{"line":183,"column":19},"end":{"line":186,"column":1}},"14":{"start":{"line":187,"column":19},"end":{"line":189,"column":1}},"15":{"start":{"line":190,"column":20},"end":{"line":190,"column":109}},"16":{"start":{"line":191,"column":20},"end":{"line":193,"column":1}},"17":{"start":{"line":194,"column":33},"end":{"line":194,"column":111}},"18":{"start":{"line":195,"column":20},"end":{"line":195,"column":33}},"19":{"start":{"line":197,"column":29},"end":{"line":197,"column":66}},"20":{"start":{"line":198,"column":30},"end":{"line":198,"column":68}},"21":{"start":{"line":199,"column":32},"end":{"line":199,"column":72}},"22":{"start":{"line":200,"column":27},"end":{"line":200,"column":62}},"23":{"start":{"line":201,"column":28},"end":{"line":201,"column":64}},"24":{"start":{"line":202,"column":2},"end":{"line":255,"column":150}},"25":{"start":{"line":205,"column":37},"end":{"line":253,"column":7}},"26":{"start":{"line":206,"column":6},"end":{"line":248,"column":144}},"27":{"start":{"line":210,"column":41},"end":{"line":210,"column":75}},"28":{"start":{"line":220,"column":41},"end":{"line":220,"column":75}},"29":{"start":{"line":229,"column":41},"end":{"line":229,"column":75}},"30":{"start":{"line":238,"column":41},"end":{"line":238,"column":75}},"31":{"start":{"line":256,"column":2},"end":{"line":256,"column":49}}},"fnMap":{"0":{"name":"render","decl":{"start":{"line":196,"column":9},"end":{"line":196,"column":15}},"loc":{"start":{"line":196,"column":63},"end":{"line":256,"column":1}},"line":196},"1":{"name":"(anonymous_1)","decl":{"start":{"line":205,"column":31},"end":{"line":205,"column":32}},"loc":{"start":{"line":205,"column":37},"end":{"line":253,"column":7}},"line":205},"2":{"name":"(anonymous_2)","decl":{"start":{"line":205,"column":165},"end":{"line":205,"column":166}},"loc":{"start":{"line":205,"column":174},"end":{"line":249,"column":5}},"line":205},"3":{"name":"(anonymous_3)","decl":{"start":{"line":210,"column":31},"end":{"line":210,"column":32}},"loc":{"start":{"line":210,"column":41},"end":{"line":210,"column":75}},"line":210},"4":{"name":"(anonymous_4)","decl":{"start":{"line":220,"column":31},"end":{"line":220,"column":32}},"loc":{"start":{"line":220,"column":41},"end":{"line":220,"column":75}},"line":220},"5":{"name":"(anonymous_5)","decl":{"start":{"line":229,"column":31},"end":{"line":229,"column":32}},"loc":{"start":{"line":229,"column":41},"end":{"line":229,"column":75}},"line":229},"6":{"name":"(anonymous_6)","decl":{"start":{"line":238,"column":31},"end":{"line":238,"column":32}},"loc":{"start":{"line":238,"column":41},"end":{"line":238,"column":75}},"line":238}},"branchMap":{"0":{"loc":{"start":{"line":202,"column":9},"end":{"line":255,"column":149}},"type":"cond-expr","locations":[{"start":{"line":202,"column":32},"end":{"line":255,"column":54}},{"start":{"line":255,"column":59},"end":{"line":255,"column":148}}],"line":202},"1":{"loc":{"start":{"line":202,"column":219},"end":{"line":255,"column":52}},"type":"cond-expr","locations":[{"start":{"line":202,"column":249},"end":{"line":255,"column":6}},{"start":{"line":255,"column":10},"end":{"line":255,"column":52}}],"line":202},"2":{"loc":{"start":{"line":208,"column":53},"end":{"line":248,"column":139}},"type":"cond-expr","locations":[{"start":{"line":208,"column":83},"end":{"line":208,"column":252}},{"start":{"line":208,"column":256},"end":{"line":248,"column":139}}],"line":208},"3":{"loc":{"start":{"line":208,"column":256},"end":{"line":248,"column":139}},"type":"cond-expr","locations":[{"start":{"line":208,"column":286},"end":{"line":218,"column":136}},{"start":{"line":218,"column":140},"end":{"line":248,"column":139}}],"line":208},"4":{"loc":{"start":{"line":214,"column":22},"end":{"line":214,"column":68}},"type":"cond-expr","locations":[{"start":{"line":214,"column":41},"end":{"line":214,"column":61}},{"start":{"line":214,"column":64},"end":{"line":214,"column":68}}],"line":214},"5":{"loc":{"start":{"line":215,"column":17},"end":{"line":215,"column":72}},"type":"cond-expr","locations":[{"start":{"line":215,"column":60},"end":{"line":215,"column":64}},{"start":{"line":215,"column":67},"end":{"line":215,"column":72}}],"line":215},"6":{"loc":{"start":{"line":215,"column":17},"end":{"line":215,"column":57}},"type":"binary-expr","locations":[{"start":{"line":215,"column":17},"end":{"line":215,"column":33}},{"start":{"line":215,"column":37},"end":{"line":215,"column":57}}],"line":215},"7":{"loc":{"start":{"line":218,"column":140},"end":{"line":248,"column":139}},"type":"cond-expr","locations":[{"start":{"line":218,"column":172},"end":{"line":227,"column":122}},{"start":{"line":227,"column":126},"end":{"line":248,"column":139}}],"line":218},"8":{"loc":{"start":{"line":227,"column":126},"end":{"line":248,"column":139}},"type":"cond-expr","locations":[{"start":{"line":227,"column":160},"end":{"line":237,"column":111}},{"start":{"line":237,"column":115},"end":{"line":248,"column":139}}],"line":227},"9":{"loc":{"start":{"line":237,"column":115},"end":{"line":248,"column":139}},"type":"cond-expr","locations":[{"start":{"line":237,"column":149},"end":{"line":248,"column":93}},{"start":{"line":248,"column":97},"end":{"line":248,"column":139}}],"line":237},"10":{"loc":{"start":{"line":243,"column":22},"end":{"line":243,"column":68}},"type":"cond-expr","locations":[{"start":{"line":243,"column":41},"end":{"line":243,"column":61}},{"start":{"line":243,"column":64},"end":{"line":243,"column":68}}],"line":243},"11":{"loc":{"start":{"line":244,"column":17},"end":{"line":244,"column":72}},"type":"cond-expr","locations":[{"start":{"line":244,"column":60},"end":{"line":244,"column":64}},{"start":{"line":244,"column":67},"end":{"line":244,"column":72}}],"line":244},"12":{"loc":{"start":{"line":244,"column":17},"end":{"line":244,"column":57}},"type":"binary-expr","locations":[{"start":{"line":244,"column":17},"end":{"line":244,"column":33}},{"start":{"line":244,"column":37},"end":{"line":244,"column":57}}],"line":244}},"s":{"0":1,"1":1,"2":1,"3":1,"4":1,"5":1,"6":1,"7":1,"8":1,"9":1,"10":1,"11":1,"12":1,"13":1,"14":1,"15":1,"16":1,"17":1,"18":1,"19":3,"20":3,"21":3,"22":3,"23":3,"24":3,"25":2,"26":0,"27":0,"28":0,"29":0,"30":0,"31":1},"f":{"0":3,"1":2,"2":0,"3":0,"4":0,"5":0,"6":0},"b":{"0":[3,0],"1":[2,1],"2":[0,0],"3":[0,0],"4":[0,0],"5":[0,0],"6":[0,0],"7":[0,0],"8":[0,0],"9":[0,0],"10":[0,0],"11":[0,0],"12":[0,0]},"inputSourceMap":{"0":"{","1":"\"","2":"v","3":"e","4":"r","5":"s","6":"i","7":"o","8":"n","9":"\"","10":":","11":"3","12":",","13":"\"","14":"s","15":"o","16":"u","17":"r","18":"c","19":"e","20":"s","21":"\"","22":":","23":"[","24":"\"","25":"/","26":"h","27":"o","28":"m","29":"e","30":"/","31":"k","32":"r","33":"a","34":"u","35":"d","36":"o","37":"/","38":"W","39":"o","40":"r","41":"k","42":"s","43":"p","44":"a","45":"c","46":"e","47":"/","48":"t","49":"e","50":"s","51":"t","52":"/","53":"m","54":"a","55":"x","56":"C","57":"o","58":"m","59":"p","60":"l","61":"y","62":"/","63":"f","64":"r","65":"o","66":"n","67":"t","68":"e","69":"n","70":"d","71":"/","72":"s","73":"r","74":"c","75":"/","76":"c","77":"o","78":"m","79":"p","80":"o","81":"n","82":"e","83":"n","84":"t","85":"s","86":"/","87":"T","88":"a","89":"s","90":"l","91":"D","92":"e","93":"t","94":"a","95":"i","96":"l","97":"s","98":"/","99":"T","100":"a","101":"s","102":"k","103":"D","104":"e","105":"t","106":"a","107":"i","108":"l","109":"s","110":".","111":"v","112":"u","113":"e","114":"\"","115":"]","116":",","117":"\"","118":"n","119":"a","120":"m","121":"e","122":"s","123":"\"","124":":","125":"[","126":"]","127":",","128":"\"","129":"m","130":"a","131":"p","132":"p","133":"i","134":"n","135":"g","136":"s","137":"\"","138":":","139":"\"","140":";","141":";","142":";","143":";","144":";","145":";","146":";","147":";","148":"A","149":"A","150":"m","151":"G","152":"A","153":";","154":"A","155":"A","156":"A","157":"A","158":";","159":"A","160":"A","161":"A","162":"A","163":";","164":"A","165":"A","166":"C","167":"A","168":";","169":"A","170":"A","171":"A","172":"A","173":";","174":"A","175":"A","176":"A","177":"A","178":";","179":"A","180":"A","181":"C","182":"A","183":";","184":"A","185":"A","186":"A","187":"A","188":";","189":"A","190":"A","191":"A","192":"A","193":";","194":"A","195":"A","196":"A","197":"g","198":"C","199":";","200":"A","201":"A","202":"A","203":"A","204":";","205":";","206":";","207":";","208":";","209":";","210":";","211":";","212":";","213":";","214":"I","215":"A","216":"E","217":"h","218":"C","219":",","220":"M","221":"A","222":"A","223":"M","224":",","225":"Q","226":"A","227":"A","228":"Q","229":";","230":"I","231":"A","232":"A","233":"G","234":";","235":"I","236":"A","237":"A","238":"A","239":";","240":"I","241":"A","242":"A","243":"A","244":";","245":"I","246":"A","247":"A","248":"A","249":";","250":"I","251":"A","252":"A","253":"A","254":";","255":"I","256":"A","257":"A","258":"A","259":",","260":"G","261":"A","262":"A","263":"G","264":",","265":"E","266":"A","267":"A","268":"C","269":",","270":"C","271":"A","272":"A","273":"C","274":",","275":"C","276":"A","277":"A","278":"C","279":",","280":"C","281":"A","282":"A","283":"C","284":";","285":"I","286":"A","287":"C","288":"x","289":"B","290":",","291":"M","292":"A","293":"A","294":"M","295":",","296":"Y","297":"A","298":"A","299":"Y","300":";","301":"I","302":"A","303":"A","304":"G","305":";","306":"I","307":"A","308":"A","309":"A","310":";","311":"I","312":"A","313":"A","314":"A","315":";","316":"I","317":"A","318":"A","319":"A","320":";","321":"I","322":"A","323":"A","324":"A","325":";","326":"I","327":"A","328":"A","329":"A","330":",","331":"G","332":"A","333":"A","334":"G","335":",","336":"E","337":"A","338":"A","339":"C","340":",","341":"I","342":"A","343":"A","344":"I","345":",","346":"C","347":"A","348":"A","349":"C","350":";","351":"I","352":"A","353":"C","354":"9","355":"B","356":",","357":"M","358":"A","359":"A","360":"M","361":",","362":"S","363":"A","364":"A","365":"S","366":";","367":"I","368":"A","369":"A","370":"G","371":";","372":"I","373":"A","374":"A","375":"A","376":";","377":"I","378":"A","379":"A","380":"A","381":";","382":"I","383":"A","384":"A","385":"A","386":";","387":"I","388":"A","389":"A","390":"A","391":";","392":"I","393":"A","394":"A","395":"A","396":",","397":"Y","398":"A","399":"A","400":"Y","401":",","402":"E","403":"A","404":"A","405":"C","406":",","407":"C","408":"A","409":"A","410":"C","411":";","412":"I","413":"A","414":"C","415":"h","416":"C","417":",","418":"M","419":"A","420":"A","421":"M","422":",","423":"U","424":"A","425":"A","426":"U","427":";","428":"I","429":"A","430":"A","431":"G","432":";","433":"I","434":"A","435":"A","436":"A","437":";","438":"I","439":"A","440":"A","441":"A","442":";","443":"I","444":"A","445":"A","446":"A","447":";","448":"I","449":"A","450":"A","451":"A","452":";","453":"I","454":"A","455":"A","456":"A","457":",","458":"G","459":"A","460":"A","461":"G","462":",","463":"E","464":"A","465":"A","466":"C","467":",","468":"I","469":"A","470":"A","471":"I","472":",","473":"C","474":"A","475":"A","476":"C","477":";","478":"I","479":"A","480":"E","481":"5","482":"B","483":",","484":"M","485":"A","486":"A","487":"M","488":",","489":"U","490":"A","491":"A","492":"U","493":",","494":"G","495":"A","496":"A","497":"G","498":",","499":"C","500":"A","501":"A","502":"C","503":",","504":"O","505":"A","506":"A","507":"O","508":",","509":"E","510":"A","511":"A","512":"E","513":",","514":"K","515":"A","516":"A","517":"K","518":",","519":"K","520":"A","521":"A","522":"K","523":";","524":"M","525":"A","526":"C","527":"t","528":"C","529":";","530":"M","531":"A","532":"A","533":"A","534":";","535":"M","536":"A","537":"A","538":"A","539":";","540":"M","541":"A","542":"A","543":"A","544":",","545":"M","546":"A","547":"A","548":"M","549":",","550":"C","551":"A","552":"A","553":"C","554":",","555":"M","556":"A","557":"A","558":"M","559":",","560":"C","561":"A","562":"A","563":"C","564":";","565":"Q","566":"A","567":"C","568":"b","569":",","570":"O","571":"A","572":"A","573":"O","574":",","575":"E","576":"A","577":"A","578":"E","579":",","580":"O","581":"A","582":"A","583":"O","584":";","585":"Q","586":"A","587":"C","588":"h","589":"B","590":",","591":"K","592":"A","593":"A","594":"K","595":",","596":"E","597":"A","598":"A","599":"E","600":",","601":"K","602":"A","603":"A","604":"K","605":";","606":"Q","607":"A","608":"C","609":"Z","610":",","611":"Q","612":"A","613":"A","614":"Q","615":",","616":"E","617":"A","618":"A","619":"E","620":",","621":"K","622":"A","623":"A","624":"K","625":";","626":"Q","627":"A","628":"C","629":"f","630":",","631":"O","632":"A","633":"A","634":"O","635":",","636":"E","637":"A","638":"A","639":"E","640":";","641":"M","642":"A","643":"C","644":"V","645":",","646":"C","647":"A","648":"A","649":"C","650":",","651":"C","652":"A","653":"A","654":"C","655":";","656":"I","657":"A","658":"C","659":"H","660":",","661":"C","662":"A","663":"A","664":"C","665":";","666":"I","667":"A","668":"E","669":"D","670":",","671":"M","672":"A","673":"A","674":"M","675":",","676":"k","677":"B","678":"A","679":"A","680":"k","681":"B","682":",","683":"G","684":"A","685":"A","686":"I","687":",","688":"K","689":"A","690":"A","691":"K","692":",","693":"I","694":"A","695":"A","696":"K","697":";","698":"M","699":"A","700":"C","701":"r","702":"C","703":",","704":"M","705":"A","706":"A","707":"M","708":",","709":"K","710":"A","711":"A","712":"K","713":",","714":"G","715":"A","716":"A","717":"G","718":",","719":"E","720":"A","721":"A","722":"E","723":";","724":"M","725":"A","726":"C","727":"h","728":"B","729":",","730":"I","731":"A","732":"A","733":"I","734":",","735":"K","736":"A","737":"A","738":"K","739":",","740":"C","741":"A","742":"A","743":"C","744":",","745":"U","746":"A","747":"A","748":"U","749":",","750":"E","751":"A","752":"A","753":"E","754":";","755":"Q","756":"A","757":"C","758":"r","759":"B","760":",","761":"I","762":"A","763":"A","764":"I","765":",","766":"K","767":"A","768":"A","769":"K","770":",","771":"C","772":"A","773":"A","774":"C","775":",","776":"U","777":"A","778":"A","779":"U","780":",","781":"C","782":"A","783":"A","784":"C","785":",","786":"G","787":"A","788":"A","789":"G","790":",","791":"E","792":"A","793":"A","794":"E","795":";","796":"U","797":"A","798":"C","799":"z","800":"B","801":",","802":"K","803":"A","804":"A","805":"K","806":",","807":"C","808":"A","809":"A","810":"C","811":",","812":"I","813":"A","814":"A","815":"I","816":",","817":"C","818":"A","819":"A","820":"C","821":",","822":"G","823":"A","824":"A","825":"G","826":",","827":"I","828":"A","829":"A","830":"I","831":",","832":"G","833":"A","834":"A","835":"G","836":",","837":"I","838":"A","839":"A","840":"I","841":",","842":"G","843":"A","844":"A","845":"G","846":",","847":"C","848":"A","849":"A","850":"C","851":",","852":"M","853":"A","854":"A","855":"M","856":",","857":"I","858":"A","859":"A","860":"I","861":",","862":"K","863":"A","864":"A","865":"K","866":",","867":"C","868":"A","869":"A","870":"C","871":",","872":"U","873":"A","874":"A","875":"U","876":",","877":"C","878":"A","879":"A","880":"C","881":",","882":"G","883":"A","884":"A","885":"G","886":",","887":"I","888":"A","889":"A","890":"K","891":",","892":"i","893":"B","894":"A","895":"A","896":"g","897":"B","898":",","899":"K","900":"A","901":"A","902":"K","903":",","904":"C","905":"A","906":"A","907":"C","908":",","909":"U","910":"A","911":"A","912":"U","913":",","914":"C","915":"A","916":"A","917":"C","918":",","919":"G","920":"A","921":"A","922":"I","923":",","924":"E","925":"A","926":"A","927":"C","928":",","929":"C","930":"A","931":"A","932":"C","933":";","934":"Q","935":"A","936":"C","937":"x","938":"G","939":";","940":"Q","941":"A","942":"C","943":"A","944":",","945":"I","946":"A","947":"A","948":"I","949":",","950":"K","951":"A","952":"A","953":"K","954":",","955":"C","956":"A","957":"A","958":"C","959":",","960":"U","961":"A","962":"A","963":"U","964":",","965":"C","966":"A","967":"A","968":"C","969":",","970":"G","971":"A","972":"A","973":"G","974":",","975":"E","976":"A","977":"A","978":"E","979":";","980":"U","981":"A","982":"C","983":"z","984":"B","985":",","986":"K","987":"A","988":"A","989":"K","990":",","991":"C","992":"A","993":"A","994":"C","995":",","996":"I","997":"A","998":"A","999":"I","1000":",","1001":"C","1002":"A","1003":"A","1004":"C","1005":",","1006":"G","1007":"A","1008":"A","1009":"G","1010":",","1011":"I","1012":"A","1013":"A","1014":"I","1015":",","1016":"G","1017":"A","1018":"A","1019":"G","1020":",","1021":"I","1022":"A","1023":"A","1024":"I","1025":",","1026":"G","1027":"A","1028":"A","1029":"G","1030":",","1031":"C","1032":"A","1033":"A","1034":"C","1035":",","1036":"M","1037":"A","1038":"A","1039":"M","1040":",","1041":"I","1042":"A","1043":"A","1044":"I","1045":",","1046":"K","1047":"A","1048":"A","1049":"K","1050":",","1051":"C","1052":"A","1053":"A","1054":"C","1055":",","1056":"U","1057":"A","1058":"A","1059":"U","1060":",","1061":"C","1062":"A","1063":"A","1064":"C","1065":",","1066":"G","1067":"A","1068":"A","1069":"G","1070":",","1071":"I","1072":"A","1073":"A","1074":"K","1075":",","1076":"i","1077":"B","1078":"A","1079":"A","1080":"g","1081":"B","1082":",","1083":"K","1084":"A","1085":"A","1086":"K","1087":",","1088":"C","1089":"A","1090":"A","1091":"C","1092":",","1093":"U","1094":"A","1095":"A","1096":"U","1097":",","1098":"C","1099":"A","1100":"A","1101":"C","1102":",","1103":"G","1104":"A","1105":"A","1106":"I","1107":",","1108":"E","1109":"A","1110":"A","1111":"C","1112":",","1113":"C","1114":"A","1115":"A","1116":"C","1117":";","1118":"Q","1119":"A","1120":"C","1121":"x","1122":"G","1123":";","1124":"M","1125":"A","1126":"C","1127":"D","1128":";","1129":"M","1130":"A","1131":"C","1132":"A","1133":",","1134":"O","1135":"A","1136":"A","1137":"O","1138":",","1139":"K","1140":"A","1141":"A","1142":"K","1143":";","1144":"I","1145":"A","1146":"C","1147":"b","1148":",","1149":"C","1150":"A","1151":"A","1152":"C","1153":";","1154":"I","1155":"A","1156":"C","1157":"D","1158":",","1159":"M","1160":"A","1161":"A","1162":"M","1163":",","1164":"U","1165":"A","1166":"A","1167":"U","1168":",","1169":"G","1170":"A","1171":"A","1172":"I","1173":",","1174":"I","1175":"A","1176":"A","1177":"I","1178":",","1179":"I","1180":"A","1181":"A","1182":"K","1183":";","1184":"M","1185":"A","1186":"C","1187":"5","1188":"B","1189":",","1190":"O","1191":"A","1192":"A","1193":"O","1194":";","1195":"Q","1196":"A","1197":"C","1198":"N","1199":",","1200":"E","1201":"A","1202":"A","1203":"E","1204":",","1205":"E","1206":"A","1207":"A","1208":"E","1209":",","1210":"I","1211":"A","1212":"A","1213":"I","1214":",","1215":"C","1216":"A","1217":"A","1218":"C","1219":",","1220":"E","1221":"A","1222":"A","1223":"E","1224":",","1225":"I","1226":"A","1227":"A","1228":"I","1229":",","1230":"E","1231":"A","1232":"A","1233":"E","1234":";","1235":"Q","1236":"A","1237":"C","1238":"j","1239":"B","1240":",","1241":"E","1242":"A","1243":"A","1244":"E","1245":",","1246":"E","1247":"A","1248":"A","1249":"E","1250":",","1251":"I","1252":"A","1253":"A","1254":"I","1255":",","1256":"C","1257":"A","1258":"A","1259":"C","1260":",","1261":"E","1262":"A","1263":"A","1264":"E","1265":",","1266":"I","1267":"A","1268":"A","1269":"I","1270":",","1271":"E","1272":"A","1273":"A","1274":"E","1275":";","1276":"Q","1277":"A","1278":"C","1279":"j","1280":"B","1281":",","1282":"E","1283":"A","1284":"A","1285":"E","1286":",","1287":"E","1288":"A","1289":"A","1290":"E","1291":",","1292":"I","1293":"A","1294":"A","1295":"I","1296":",","1297":"C","1298":"A","1299":"A","1300":"C","1301":",","1302":"E","1303":"A","1304":"A","1305":"E","1306":",","1307":"I","1308":"A","1309":"A","1310":"I","1311":",","1312":"E","1313":"A","1314":"A","1315":"E","1316":";","1317":"Q","1318":"A","1319":"C","1320":"j","1321":"B","1322":",","1323":"E","1324":"A","1325":"A","1326":"E","1327":",","1328":"E","1329":"A","1330":"A","1331":"E","1332":",","1333":"I","1334":"A","1335":"A","1336":"I","1337":",","1338":"C","1339":"A","1340":"A","1341":"C","1342":",","1343":"E","1344":"A","1345":"A","1346":"E","1347":",","1348":"I","1349":"A","1350":"A","1351":"I","1352":";","1353":"M","1354":"A","1355":"C","1356":"h","1357":"B","1358":",","1359":"C","1360":"A","1361":"A","1362":"C","1363":";","1364":"I","1365":"A","1366":"C","1367":"F","1368":",","1369":"C","1370":"A","1371":"A","1372":"C","1373":";","1374":"I","1375":"A","1376":"C","1377":"D","1378":",","1379":"M","1380":"A","1381":"A","1382":"M","1383":",","1384":"U","1385":"A","1386":"A","1387":"U","1388":",","1389":"G","1390":"A","1391":"A","1392":"G","1393":",","1394":"Y","1395":"A","1396":"A","1397":"Y","1398":";","1399":"M","1400":"A","1401":"C","1402":"9","1403":"B","1404":",","1405":"M","1406":"A","1407":"A","1408":"M","1409":",","1410":"M","1411":"A","1412":"A","1413":"M","1414":",","1415":"G","1416":"A","1417":"A","1418":"G","1419":",","1420":"Y","1421":"A","1422":"A","1423":"Y","1424":",","1425":"C","1426":"A","1427":"A","1428":"C","1429":",","1430":"K","1431":"A","1432":"A","1433":"K","1434":",","1435":"C","1436":"A","1437":"A","1438":"C","1439":",","1440":"E","1441":"A","1442":"A","1443":"E","1444":";","1445":"M","1446":"A","1447":"E","1448":"p","1449":"C","1450":",","1451":"I","1452":"A","1453":"A","1454":"I","1455":";","1456":"Q","1457":"A","1458":"C","1459":"H","1460":",","1461":"M","1462":"A","1463":"A","1464":"M","1465":",","1466":"S","1467":"A","1468":"A","1469":"S","1470":",","1471":"C","1472":"A","1473":"A","1474":"C","1475":",","1476":"c","1477":"A","1478":"A","1479":"c","1480":",","1481":"C","1482":"A","1483":"A","1484":"C","1485":",","1486":"M","1487":"A","1488":"A","1489":"M","1490":",","1491":"E","1492":"A","1493":"A","1494":"E","1495":",","1496":"Q","1497":"A","1498":"A","1499":"Q","1500":",","1501":"C","1502":"A","1503":"A","1504":"C","1505":",","1506":"K","1507":"A","1508":"A","1509":"K","1510":",","1511":"C","1512":"A","1513":"A","1514":"C","1515":";","1516":"Q","1517":"A","1518":"C","1519":"t","1520":"D","1521":",","1522":"U","1523":"A","1524":"A","1525":"U","1526":",","1527":"C","1528":"A","1529":"A","1530":"C","1531":",","1532":"8","1533":"B","1534":"A","1535":"A","1536":"8","1537":"B","1538":",","1539":"E","1540":"A","1541":"A","1542":"E","1543":",","1544":"O","1545":"A","1546":"A","1547":"O","1548":",","1549":"C","1550":"A","1551":"A","1552":"C","1553":";","1554":"M","1555":"A","1556":"C","1557":"p","1558":"D","1559":",","1560":"C","1561":"A","1562":"A","1563":"C","1564":",","1565":"C","1566":"A","1567":"A","1568":"C","1569":",","1570":"O","1571":"A","1572":"A","1573":"O","1574":",","1575":"K","1576":"A","1577":"A","1578":"K","1579":",","1580":"E","1581":"A","1582":"A","1583":"E","1584":";","1585":"Q","1586":"A","1587":"C","1588":"f","1589":",","1590":"U","1591":"A","1592":"A","1593":"U","1594":",","1595":"C","1596":"A","1597":"A","1598":"C","1599":",","1600":"6","1601":"B","1602":"A","1603":"A","1604":"6","1605":"B","1606":",","1607":"E","1608":"A","1609":"A","1610":"E","1611":",","1612":"K","1613":"A","1614":"A","1615":"K","1616":",","1617":"C","1618":"A","1619":"A","1620":"C","1621":";","1622":"M","1623":"A","1624":"C","1625":"j","1626":"D","1627":",","1628":"C","1629":"A","1630":"A","1631":"C","1632":",","1633":"S","1634":"A","1635":"A","1636":"S","1637":";","1638":"Q","1639":"A","1640":"C","1641":"T","1642":",","1643":"U","1644":"A","1645":"A","1646":"U","1647":",","1648":"C","1649":"A","1650":"A","1651":"C","1652":",","1653":"K","1654":"A","1655":"A","1656":"K","1657":",","1658":"G","1659":"A","1660":"A","1661":"G","1662":",","1663":"K","1664":"A","1665":"A","1666":"K","1667":";","1668":"M","1669":"A","1670":"C","1671":"z","1672":"B","1673":";","1674":"I","1675":"A","1676":"C","1677":"D","1678":",","1679":"C","1680":"A","1681":"A","1682":"C","1683":";","1684":"I","1685":"A","1686":"C","1687":"D","1688":";","1689":"I","1690":"A","1691":"A","1692":"A","1693":";","1694":"I","1695":"A","1696":"A","1697":"A","1698":";","1699":"I","1700":"A","1701":"A","1702":"A","1703":";","1704":"I","1705":"A","1706":"A","1707":"A","1708":";","1709":"I","1710":"A","1711":"A","1712":"A","1713":",","1714":"W","1715":"A","1716":"A","1717":"W","1718":",","1719":"E","1720":"A","1721":"A","1722":"C","1723":",","1724":"M","1725":"A","1726":"A","1727":"M","1728":";","1729":"M","1730":"A","1731":"C","1732":"j","1733":"B","1734":",","1735":"Y","1736":"A","1737":"A","1738":"Y","1739":",","1740":"C","1741":"A","1742":"A","1743":"C","1744":",","1745":"K","1746":"A","1747":"A","1748":"K","1749":",","1750":"G","1751":"A","1752":"A","1753":"G","1754":",","1755":"S","1756":"A","1757":"A","1758":"S","1759":",","1760":"C","1761":"A","1762":"A","1763":"C","1764":",","1765":"Y","1766":"A","1767":"A","1768":"Y","1769":";","1770":"I","1771":"A","1772":"C","1773":"5","1774":"C","1775":",","1776":"C","1777":"A","1778":"A","1779":"C","1780":",","1781":"C","1782":"A","1783":"A","1784":"C","1785":"\"","1786":",","1787":"\"","1788":"f","1789":"i","1790":"l","1791":"e","1792":"\"","1793":":","1794":"\"","1795":"/","1796":"h","1797":"o","1798":"m","1799":"e","1800":"/","1801":"k","1802":"r","1803":"a","1804":"u","1805":"d","1806":"o","1807":"/","1808":"W","1809":"o","1810":"r","1811":"k","1812":"s","1813":"p","1814":"a","1815":"c","1816":"e","1817":"/","1818":"t","1819":"e","1820":"s","1821":"t","1822":"/","1823":"m","1824":"a","1825":"x","1826":"C","1827":"o","1828":"m","1829":"p","1830":"l","1831":"y","1832":"/","1833":"f","1834":"r","1835":"o","1836":"n","1837":"t","1838":"e","1839":"n","1840":"d","1841":"/","1842":"s","1843":"r","1844":"c","1845":"/","1846":"c","1847":"o","1848":"m","1849":"p","1850":"o","1851":"n","1852":"e","1853":"n","1854":"t","1855":"s","1856":"/","1857":"T","1858":"a","1859":"s","1860":"l","1861":"D","1862":"e","1863":"t","1864":"a","1865":"i","1866":"l","1867":"s","1868":"/","1869":"T","1870":"a","1871":"s","1872":"k","1873":"D","1874":"e","1875":"t","1876":"a","1877":"i","1878":"l","1879":"s","1880":".","1881":"v","1882":"u","1883":"e","1884":"\"","1885":",","1886":"\"","1887":"s","1888":"o","1889":"u","1890":"r","1891":"c","1892":"e","1893":"s","1894":"C","1895":"o","1896":"n","1897":"t","1898":"e","1899":"n","1900":"t","1901":"\"","1902":":","1903":"[","1904":"\"","1905":"<","1906":"t","1907":"e","1908":"m","1909":"p","1910":"l","1911":"a","1912":"t","1913":"e","1914":">","1915":"\\","1916":"n","1917":"\\","1918":"t","1919":"<","1920":"d","1921":"i","1922":"v","1923":"\\","1924":"n","1925":"\\","1926":"t","1927":"\\","1928":"t","1929":"v","1930":"-","1931":"i","1932":"f","1933":"=","1934":"\\","1935":"\"","1936":"s","1937":"e","1938":"l","1939":"e","1940":"c","1941":"t","1942":"e","1943":"d","1944":"T","1945":"a","1946":"s","1947":"k","1948":"\\","1949":"\"","1950":"\\","1951":"n","1952":"\\","1953":"t","1954":"\\","1955":"t","1956":"c","1957":"l","1958":"a","1959":"s","1960":"s","1961":"N","1962":"a","1963":"m","1964":"e","1965":"=","1966":"\\","1967":"\"","1968":"t","1969":"a","1970":"s","1971":"k","1972":"-","1973":"d","1974":"e","1975":"t","1976":"a","1977":"i","1978":"l","1979":"\\","1980":"\"","1981":"\\","1982":"n","1983":"\\","1984":"t","1985":">","1986":"\\","1987":"n","1988":"\\","1989":"t","1990":"\\","1991":"t","1992":"<","1993":"h","1994":"4","1995":" ","1996":"c","1997":"l","1998":"a","1999":"s","2000":"s","2001":"=","2002":"\\","2003":"\"","2004":"t","2005":"a","2006":"s","2007":"k","2008":"-","2009":"t","2010":"i","2011":"t","2012":"l","2013":"e","2014":"\\","2015":"\"","2016":">","2017":"\\","2018":"n","2019":"\\","2020":"t","2021":"\\","2022":"t","2023":"\\","2024":"t","2025":"{","2026":"{","2027":" ","2028":"s","2029":"e","2030":"l","2031":"e","2032":"c","2033":"t","2034":"e","2035":"d","2036":"T","2037":"a","2038":"s","2039":"k","2040":".","2041":"n","2042":"a","2043":"m","2044":"e","2045":" ","2046":"}","2047":"}","2048":"\\","2049":"n","2050":"\\","2051":"t","2052":"\\","2053":"t","2054":"<","2055":"/","2056":"h","2057":"4","2058":">","2059":"\\","2060":"n","2061":"\\","2062":"t","2063":"\\","2064":"t","2065":"<","2066":"d","2067":"i","2068":"v","2069":" ","2070":"v","2071":"-","2072":"i","2073":"f","2074":"=","2075":"\\","2076":"\"","2077":"s","2078":"e","2079":"l","2080":"e","2081":"c","2082":"t","2083":"e","2084":"d","2085":"T","2086":"a","2087":"s","2088":"k","2089":".","2090":"s","2091":"t","2092":"a","2093":"t","2094":"u","2095":"s","2096":"\\","2097":"\"","2098":">","2099":"\\","2100":"n","2101":"\\","2102":"t","2103":"\\","2104":"t","2105":"\\","2106":"t","2107":"<","2108":"q","2109":"-","2110":"f","2111":"o","2112":"r","2113":"m","2114":" ","2115":"@","2116":"s","2117":"u","2118":"b","2119":"m","2120":"i","2121":"t","2122":"=","2123":"\\","2124":"\"","2125":"s","2126":"u","2127":"b","2128":"m","2129":"i","2130":"t","2131":"F","2132":"o","2133":"r","2134":"m","2135":"\\","2136":"\"","2137":">","2138":"\\","2139":"n","2140":"\\","2141":"t","2142":"\\","2143":"t","2144":"\\","2145":"t","2146":"\\","2147":"t","2148":"<","2149":"d","2150":"i","2151":"v","2152":"\\","2153":"n","2154":"\\","2155":"t","2156":"\\","2157":"t","2158":"\\","2159":"t","2160":"\\","2161":"t","2162":"\\","2163":"t","2164":"v","2165":"-","2166":"f","2167":"o","2168":"r","2169":"=","2170":"\\","2171":"\"","2172":"f","2173":"i","2174":"e","2175":"l","2176":"d","2177":" ","2178":"i","2179":"n","2180":" ","2181":"s","2182":"e","2183":"l","2184":"e","2185":"c","2186":"t","2187":"e","2188":"d","2189":"T","2190":"a","2191":"s","2192":"k","2193":".","2194":"f","2195":"i","2196":"e","2197":"l","2198":"d","2199":"s","2200":"\\","2201":"\"","2202":"\\","2203":"n","2204":"\\","2205":"t","2206":"\\","2207":"t","2208":"\\","2209":"t","2210":"\\","2211":"t","2212":"\\","2213":"t","2214":":","2215":"k","2216":"e","2217":"y","2218":"=","2219":"\\","2220":"\"","2221":"f","2222":"i","2223":"e","2224":"l","2225":"d","2226":".","2227":"i","2228":"d","2229":"\\","2230":"\"","2231":"\\","2232":"n","2233":"\\","2234":"t","2235":"\\","2236":"t","2237":"\\","2238":"t","2239":"\\","2240":"t","2241":">","2242":"\\","2243":"n","2244":"\\","2245":"t","2246":"\\","2247":"t","2248":"\\","2249":"t","2250":"\\","2251":"t","2252":"\\","2253":"t","2254":"<","2255":"d","2256":"i","2257":"v","2258":">","2259":"\\","2260":"n","2261":"\\","2262":"t","2263":"\\","2264":"t","2265":"\\","2266":"t","2267":"\\","2268":"t","2269":"\\","2270":"t","2271":"\\","2272":"t","2273":"<","2274":"d","2275":"i","2276":"v","2277":"\\","2278":"n","2279":"\\","2280":"t","2281":"\\","2282":"t","2283":"\\","2284":"t","2285":"\\","2286":"t","2287":"\\","2288":"t","2289":"\\","2290":"t","2291":"\\","2292":"t","2293":"v","2294":"-","2295":"i","2296":"f","2297":"=","2298":"\\","2299":"\"","2300":"f","2301":"i","2302":"e","2303":"l","2304":"d","2305":".","2306":"t","2307":"y","2308":"p","2309":"e","2310":" ","2311":"=","2312":"=","2313":"=","2314":" ","2315":"'","2316":"p","2317":"a","2318":"r","2319":"a","2320":"g","2321":"r","2322":"a","2323":"p","2324":"h","2325":"'","2326":"\\","2327":"\"","2328":"\\","2329":"n","2330":"\\","2331":"t","2332":"\\","2333":"t","2334":"\\","2335":"t","2336":"\\","2337":"t","2338":"\\","2339":"t","2340":"\\","2341":"t","2342":"\\","2343":"t","2344":"c","2345":"l","2346":"a","2347":"s","2348":"s","2349":"N","2350":"a","2351":"m","2352":"e","2353":"=","2354":"\\","2355":"\"","2356":"f","2357":"i","2358":"e","2359":"l","2360":"d","2361":"-","2362":"t","2363":"e","2364":"x","2365":"t","2366":"\\","2367":"\"","2368":"\\","2369":"n","2370":"\\","2371":"t","2372":"\\","2373":"t","2374":"\\","2375":"t","2376":"\\","2377":"t","2378":"\\","2379":"t","2380":"\\","2381":"t","2382":">","2383":"\\","2384":"n","2385":"\\","2386":"t","2387":"\\","2388":"t","2389":"\\","2390":"t","2391":"\\","2392":"t","2393":"\\","2394":"t","2395":"\\","2396":"t","2397":"\\","2398":"t","2399":"<","2400":"p","2401":">","2402":"{","2403":"{","2404":" ","2405":"f","2406":"i","2407":"e","2408":"l","2409":"d","2410":".","2411":"c","2412":"o","2413":"n","2414":"t","2415":"e","2416":"n","2417":"t","2418":" ","2419":"}","2420":"}","2421":"<","2422":"/","2423":"p","2424":">","2425":"\\","2426":"n","2427":"\\","2428":"t","2429":"\\","2430":"t","2431":"\\","2432":"t","2433":"\\","2434":"t","2435":"\\","2436":"t","2437":"\\","2438":"t","2439":"<","2440":"/","2441":"d","2442":"i","2443":"v","2444":">","2445":"\\","2446":"n","2447":"\\","2448":"t","2449":"\\","2450":"t","2451":"\\","2452":"t","2453":"\\","2454":"t","2455":"\\","2456":"t","2457":"\\","2458":"t","2459":"<","2460":"d","2461":"i","2462":"v","2463":"\\","2464":"n","2465":"\\","2466":"t","2467":"\\","2468":"t","2469":"\\","2470":"t","2471":"\\","2472":"t","2473":"\\","2474":"t","2475":"\\","2476":"t","2477":"\\","2478":"t","2479":"v","2480":"-","2481":"e","2482":"l","2483":"s","2484":"e","2485":"-","2486":"i","2487":"f","2488":"=","2489":"\\","2490":"\"","2491":"f","2492":"i","2493":"e","2494":"l","2495":"d","2496":".","2497":"t","2498":"y","2499":"p","2500":"e","2501":" ","2502":"=","2503":"=","2504":"=","2505":" ","2506":"'","2507":"i","2508":"n","2509":"p","2510":"u","2511":"t","2512":"T","2513":"e","2514":"x","2515":"t","2516":"'","2517":"\\","2518":"\"","2519":"\\","2520":"n","2521":"\\","2522":"t","2523":"\\","2524":"t","2525":"\\","2526":"t","2527":"\\","2528":"t","2529":"\\","2530":"t","2531":"\\","2532":"t","2533":"\\","2534":"t","2535":"c","2536":"l","2537":"a","2538":"s","2539":"s","2540":"N","2541":"a","2542":"m","2543":"e","2544":"=","2545":"\\","2546":"\"","2547":"f","2548":"i","2549":"e","2550":"l","2551":"d","2552":"-","2553":"i","2554":"n","2555":"p","2556":"u","2557":"t","2558":"\\","2559":"\"","2560":"\\","2561":"n","2562":"\\","2563":"t","2564":"\\","2565":"t","2566":"\\","2567":"t","2568":"\\","2569":"t","2570":"\\","2571":"t","2572":"\\","2573":"t","2574":">","2575":"\\","2576":"n","2577":"\\","2578":"t","2579":"\\","2580":"t","2581":"\\","2582":"t","2583":"\\","2584":"t","2585":"\\","2586":"t","2587":"\\","2588":"t","2589":"\\","2590":"t","2591":"<","2592":"q","2593":"-","2594":"i","2595":"n","2596":"p","2597":"u","2598":"t","2599":"\\","2600":"n","2601":"\\","2602":"t","2603":"\\","2604":"t","2605":"\\","2606":"t","2607":"\\","2608":"t","2609":"\\","2610":"t","2611":"\\","2612":"t","2613":"\\","2614":"t","2615":"\\","2616":"t","2617":"v","2618":"-","2619":"m","2620":"o","2621":"d","2622":"e","2623":"l","2624":"=","2625":"\\","2626":"\"","2627":"f","2628":"o","2629":"r","2630":"m","2631":"D","2632":"a","2633":"t","2634":"a","2635":"[","2636":"f","2637":"i","2638":"e","2639":"l","2640":"d","2641":".","2642":"i","2643":"d","2644":"]","2645":"\\","2646":"\"","2647":"\\","2648":"n","2649":"\\","2650":"t","2651":"\\","2652":"t","2653":"\\","2654":"t","2655":"\\","2656":"t","2657":"\\","2658":"t","2659":"\\","2660":"t","2661":"\\","2662":"t","2663":"\\","2664":"t","2665":"o","2666":"u","2667":"t","2668":"l","2669":"i","2670":"n","2671":"e","2672":"d","2673":"\\","2674":"n","2675":"\\","2676":"t","2677":"\\","2678":"t","2679":"\\","2680":"t","2681":"\\","2682":"t","2683":"\\","2684":"t","2685":"\\","2686":"t","2687":"\\","2688":"t","2689":"\\","2690":"t","2691":":","2692":"l","2693":"a","2694":"b","2695":"e","2696":"l","2697":"=","2698":"\\","2699":"\"","2700":"f","2701":"i","2702":"e","2703":"l","2704":"d","2705":".","2706":"l","2707":"a","2708":"b","2709":"e","2710":"l","2711":"\\","2712":"\"","2713":"\\","2714":"n","2715":"\\","2716":"t","2717":"\\","2718":"t","2719":"\\","2720":"t","2721":"\\","2722":"t","2723":"\\","2724":"t","2725":"\\","2726":"t","2727":"\\","2728":"t","2729":"\\","2730":"t","2731":":","2732":"r","2733":"u","2734":"l","2735":"e","2736":"s","2737":"=","2738":"\\","2739":"\"","2740":"g","2741":"e","2742":"t","2743":"V","2744":"a","2745":"l","2746":"i","2747":"d","2748":"a","2749":"t","2750":"i","2751":"o","2752":"n","2753":"R","2754":"u","2755":"l","2756":"e","2757":"s","2758":"(","2759":"f","2760":"i","2761":"e","2762":"l","2763":"d","2764":")","2765":"\\","2766":"\"","2767":"\\","2768":"n","2769":"\\","2770":"t","2771":"\\","2772":"t","2773":"\\","2774":"t","2775":"\\","2776":"t","2777":"\\","2778":"t","2779":"\\","2780":"t","2781":"\\","2782":"t","2783":"\\","2784":"t","2785":":","2786":"m","2787":"a","2788":"x","2789":"-","2790":"l","2791":"e","2792":"n","2793":"g","2794":"t","2795":"h","2796":"=","2797":"\\","2798":"\"","2799":"f","2800":"i","2801":"e","2802":"l","2803":"d","2804":".","2805":"v","2806":"a","2807":"l","2808":"i","2809":"d","2810":"a","2811":"t","2812":"i","2813":"o","2814":"n","2815":" ","2816":"?","2817":" ","2818":"f","2819":"i","2820":"e","2821":"l","2822":"d","2823":".","2824":"v","2825":"a","2826":"l","2827":"i","2828":"d","2829":"a","2830":"t","2831":"i","2832":"o","2833":"n","2834":".","2835":"m","2836":"a","2837":"x","2838":" ","2839":":","2840":" ","2841":"n","2842":"u","2843":"l","2844":"l","2845":"\\","2846":"\"","2847":"\\","2848":"n","2849":"\\","2850":"t","2851":"\\","2852":"t","2853":"\\","2854":"t","2855":"\\","2856":"t","2857":"\\","2858":"t","2859":"\\","2860":"t","2861":"\\","2862":"t","2863":"\\","2864":"t","2865":":","2866":"c","2867":"o","2868":"u","2869":"n","2870":"t","2871":"e","2872":"r","2873":"=","2874":"\\","2875":"\"","2876":"f","2877":"i","2878":"e","2879":"l","2880":"d","2881":".","2882":"v","2883":"a","2884":"l","2885":"i","2886":"d","2887":"a","2888":"t","2889":"i","2890":"o","2891":"n","2892":" ","2893":"&","2894":"&","2895":" ","2896":"f","2897":"i","2898":"e","2899":"l","2900":"d","2901":".","2902":"v","2903":"a","2904":"l","2905":"i","2906":"d","2907":"a","2908":"t","2909":"i","2910":"o","2911":"n","2912":".","2913":"m","2914":"a","2915":"x","2916":" ","2917":"?","2918":" ","2919":"t","2920":"r","2921":"u","2922":"e","2923":" ","2924":":","2925":" ","2926":"f","2927":"a","2928":"l","2929":"s","2930":"e","2931":"\\","2932":"\"","2933":"\\","2934":"n","2935":"\\","2936":"t","2937":"\\","2938":"t","2939":"\\","2940":"t","2941":"\\","2942":"t","2943":"\\","2944":"t","2945":"\\","2946":"t","2947":"\\","2948":"t","2949":"\\","2950":"t","2951":":","2952":"c","2953":"o","2954":"l","2955":"s","2956":"p","2957":"a","2958":"n","2959":"=","2960":"\\","2961":"\"","2962":"g","2963":"e","2964":"t","2965":"C","2966":"o","2967":"l","2968":"S","2969":"p","2970":"a","2971":"n","2972":"(","2973":"f","2974":"i","2975":"e","2976":"l","2977":"d","2978":".","2979":"s","2980":"i","2981":"z","2982":"e","2983":")","2984":"\\","2985":"\"","2986":"\\","2987":"n","2988":"\\","2989":"t","2990":"\\","2991":"t","2992":"\\","2993":"t","2994":"\\","2995":"t","2996":"\\","2997":"t","2998":"\\","2999":"t","3000":"\\","3001":"t","3002":"\\","3003":"t","3004":":","3005":"o","3006":"p","3007":"t","3008":"i","3009":"o","3010":"n","3011":"a","3012":"l","3013":"=","3014":"\\","3015":"\"","3016":"f","3017":"i","3018":"e","3019":"l","3020":"d","3021":".","3022":"o","3023":"p","3024":"t","3025":"i","3026":"o","3027":"n","3028":"a","3029":"l","3030":"\\","3031":"\"","3032":"\\","3033":"n","3034":"\\","3035":"t","3036":"\\","3037":"t","3038":"\\","3039":"t","3040":"\\","3041":"t","3042":"\\","3043":"t","3044":"\\","3045":"t","3046":"\\","3047":"t","3048":"/","3049":">","3050":"\\","3051":"n","3052":"\\","3053":"t","3054":"\\","3055":"t","3056":"\\","3057":"t","3058":"\\","3059":"t","3060":"\\","3061":"t","3062":"\\","3063":"t","3064":"<","3065":"/","3066":"d","3067":"i","3068":"v","3069":">","3070":"\\","3071":"n","3072":"\\","3073":"t","3074":"\\","3075":"t","3076":"\\","3077":"t","3078":"\\","3079":"t","3080":"\\","3081":"t","3082":"\\","3083":"t","3084":"<","3085":"d","3086":"i","3087":"v","3088":"\\","3089":"n","3090":"\\","3091":"t","3092":"\\","3093":"t","3094":"\\","3095":"t","3096":"\\","3097":"t","3098":"\\","3099":"t","3100":"\\","3101":"t","3102":"\\","3103":"t","3104":"v","3105":"-","3106":"e","3107":"l","3108":"s","3109":"e","3110":"-","3111":"i","3112":"f","3113":"=","3114":"\\","3115":"\"","3116":"f","3117":"i","3118":"e","3119":"l","3120":"d","3121":".","3122":"t","3123":"y","3124":"p","3125":"e","3126":" ","3127":"=","3128":"=","3129":"=","3130":" ","3131":"'","3132":"i","3133":"n","3134":"p","3135":"u","3136":"t","3137":"S","3138":"e","3139":"l","3140":"e","3141":"c","3142":"t","3143":"'","3144":"\\","3145":"\"","3146":"\\","3147":"n","3148":"\\","3149":"t","3150":"\\","3151":"t","3152":"\\","3153":"t","3154":"\\","3155":"t","3156":"\\","3157":"t","3158":"\\","3159":"t","3160":"\\","3161":"t","3162":"c","3163":"l","3164":"a","3165":"s","3166":"s","3167":"N","3168":"a","3169":"m","3170":"e","3171":"=","3172":"\\","3173":"\"","3174":"f","3175":"i","3176":"e","3177":"l","3178":"d","3179":"-","3180":"i","3181":"n","3182":"p","3183":"u","3184":"t","3185":"\\","3186":"\"","3187":"\\","3188":"n","3189":"\\","3190":"t","3191":"\\","3192":"t","3193":"\\","3194":"t","3195":"\\","3196":"t","3197":"\\","3198":"t","3199":"\\","3200":"t","3201":">","3202":"\\","3203":"n","3204":"\\","3205":"t","3206":"\\","3207":"t","3208":"\\","3209":"t","3210":"\\","3211":"t","3212":"\\","3213":"t","3214":"\\","3215":"t","3216":"\\","3217":"t","3218":"<","3219":"q","3220":"-","3221":"s","3222":"e","3223":"l","3224":"e","3225":"c","3226":"t","3227":"\\","3228":"n","3229":"\\","3230":"t","3231":"\\","3232":"t","3233":"\\","3234":"t","3235":"\\","3236":"t","3237":"\\","3238":"t","3239":"\\","3240":"t","3241":"\\","3242":"t","3243":"\\","3244":"t","3245":"v","3246":"-","3247":"m","3248":"o","3249":"d","3250":"e","3251":"l","3252":"=","3253":"\\","3254":"\"","3255":"f","3256":"o","3257":"r","3258":"m","3259":"D","3260":"a","3261":"t","3262":"a","3263":"[","3264":"f","3265":"i","3266":"e","3267":"l","3268":"d","3269":".","3270":"i","3271":"d","3272":"]","3273":"\\","3274":"\"","3275":"\\","3276":"n","3277":"\\","3278":"t","3279":"\\","3280":"t","3281":"\\","3282":"t","3283":"\\","3284":"t","3285":"\\","3286":"t","3287":"\\","3288":"t","3289":"\\","3290":"t","3291":"\\","3292":"t","3293":"o","3294":"u","3295":"t","3296":"l","3297":"i","3298":"n","3299":"e","3300":"d","3301":"\\","3302":"n","3303":"\\","3304":"t","3305":"\\","3306":"t","3307":"\\","3308":"t","3309":"\\","3310":"t","3311":"\\","3312":"t","3313":"\\","3314":"t","3315":"\\","3316":"t","3317":"\\","3318":"t","3319":":","3320":"l","3321":"a","3322":"b","3323":"e","3324":"l","3325":"=","3326":"\\","3327":"\"","3328":"f","3329":"i","3330":"e","3331":"l","3332":"d","3333":".","3334":"l","3335":"a","3336":"b","3337":"e","3338":"l","3339":"\\","3340":"\"","3341":"\\","3342":"n","3343":"\\","3344":"t","3345":"\\","3346":"t","3347":"\\","3348":"t","3349":"\\","3350":"t","3351":"\\","3352":"t","3353":"\\","3354":"t","3355":"\\","3356":"t","3357":"\\","3358":"t","3359":":","3360":"o","3361":"p","3362":"t","3363":"i","3364":"o","3365":"n","3366":"s","3367":"=","3368":"\\","3369":"\"","3370":"f","3371":"i","3372":"e","3373":"l","3374":"d","3375":".","3376":"o","3377":"p","3378":"t","3379":"i","3380":"o","3381":"n","3382":"s","3383":"\\","3384":"\"","3385":"\\","3386":"n","3387":"\\","3388":"t","3389":"\\","3390":"t","3391":"\\","3392":"t","3393":"\\","3394":"t","3395":"\\","3396":"t","3397":"\\","3398":"t","3399":"\\","3400":"t","3401":"\\","3402":"t","3403":":","3404":"r","3405":"u","3406":"l","3407":"e","3408":"s","3409":"=","3410":"\\","3411":"\"","3412":"g","3413":"e","3414":"t","3415":"V","3416":"a","3417":"l","3418":"i","3419":"d","3420":"a","3421":"t","3422":"i","3423":"o","3424":"n","3425":"R","3426":"u","3427":"l","3428":"e","3429":"s","3430":"(","3431":"f","3432":"i","3433":"e","3434":"l","3435":"d","3436":")","3437":"\\","3438":"\"","3439":"\\","3440":"n","3441":"\\","3442":"t","3443":"\\","3444":"t","3445":"\\","3446":"t","3447":"\\","3448":"t","3449":"\\","3450":"t","3451":"\\","3452":"t","3453":"\\","3454":"t","3455":"\\","3456":"t","3457":":","3458":"c","3459":"o","3460":"l","3461":"s","3462":"p","3463":"a","3464":"n","3465":"=","3466":"\\","3467":"\"","3468":"g","3469":"e","3470":"t","3471":"C","3472":"o","3473":"l","3474":"S","3475":"p","3476":"a","3477":"n","3478":"(","3479":"f","3480":"i","3481":"e","3482":"l","3483":"d","3484":".","3485":"s","3486":"i","3487":"z","3488":"e","3489":")","3490":"\\","3491":"\"","3492":"\\","3493":"n","3494":"\\","3495":"t","3496":"\\","3497":"t","3498":"\\","3499":"t","3500":"\\","3501":"t","3502":"\\","3503":"t","3504":"\\","3505":"t","3506":"\\","3507":"t","3508":"\\","3509":"t","3510":":","3511":"o","3512":"p","3513":"t","3514":"i","3515":"o","3516":"n","3517":"a","3518":"l","3519":"=","3520":"\\","3521":"\"","3522":"f","3523":"i","3524":"e","3525":"l","3526":"d","3527":".","3528":"o","3529":"p","3530":"t","3531":"i","3532":"o","3533":"n","3534":"a","3535":"l","3536":"\\","3537":"\"","3538":"\\","3539":"n","3540":"\\","3541":"t","3542":"\\","3543":"t","3544":"\\","3545":"t","3546":"\\","3547":"t","354
[...]
4874":"\\","4875":"t","4876":"\\","4877":"t","4878":"\\","4879":"t","4880":"\\","4881":"t","4882":"/","4883":">","4884":"\\","4885":"n","4886":"\\","4887":"t","4888":"\\","4889":"t","4890":"\\","4891":"t","4892":"\\","4893":"t","4894":"\\","4895":"t","4896":"\\","4897":"t","4898":"<","4899":"/","4900":"d","4901":"i","4902":"v","4903":">","4904":"\\","4905":"n","4906":"\\","4907":"t","4908":"\\","4909":"t","4910":"\\","4911":"t","4912":"\\","4913":"t","4914":"\\","4915":"t","4916":"<","4917":"/","4918":"d","4919":"i","4920":"v","4921":">","4922":"\\","4923":"n","4924":"\\","4925":"t","4926":"\\","4927":"t","4928":"\\","4929":"t","4930":"\\","4931":"t","4932":"<","4933":"/","4934":"d","4935":"i","4936":"v","4937":">","4938":"\\","4939":"n","4940":"\\","4941":"t","4942":"\\","4943":"t","4944":"\\","4945":"t","4946":"\\","4947":"t","4948":"<","4949":"q","4950":"-","4951":"b","4952":"t","4953":"n","4954":"\\","4955":"n","4956":"\\","4957":"t","4958":"\\","4959":"t","4960":"\\","4961":"t","4962":"\\","4963":"t","4964":"\\","4965":"t","4966":"t","4967":"y","4968":"p","4969":"e","4970":"=","4971":"\\","4972":"\"","4973":"s","4974":"u","4975":"b","4976":"m","4977":"i","4978":"t","4979":"\\","4980":"\"","4981":"\\","4982":"n","4983":"\\","4984":"t","4985":"\\","4986":"t","4987":"\\","4988":"t","4989":"\\","4990":"t","4991":"\\","4992":"t","4993":"l","4994":"a","4995":"b","4996":"e","4997":"l","4998":"=","4999":"\\","5000":"\"","5001":"S","5002":"u","5003":"b","5004":"m","5005":"i","5006":"t","5007":"\\","5008":"\"","5009":"\\","5010":"n","5011":"\\","5012":"t","5013":"\\","5014":"t","5015":"\\","5016":"t","5017":"\\","5018":"t","5019":"\\","5020":"t","5021":"c","5022":"l","5023":"a","5024":"s","5025":"s","5026":"=","5027":"\\","5028":"\"","5029":"f","5030":"o","5031":"r","5032":"m","5033":"-","5034":"s","5035":"u","5036":"b","5037":"m","5038":"i","5039":"t","5040":"\\","5041":"\"","5042":"\\","5043":"n","5044":"\\","5045":"t","5046":"\\","5047":"t","5048":"\\","5049":"t","5050":"\\","5051":"t","5052":"/","5053":">","5054":"\\","5055":"n","5056":"\\","5057":"t","5058":"\\","5059":"t","5060":"\\","5061":"t","5062":"<","5063":"/","5064":"q","5065":"-","5066":"f","5067":"o","5068":"r","5069":"m","5070":">","5071":"\\","5072":"n","5073":"\\","5074":"t","5075":"\\","5076":"t","5077":"<","5078":"/","5079":"d","5080":"i","5081":"v","5082":">","5083":"\\","5084":"n","5085":"\\","5086":"t","5087":"<","5088":"/","5089":"d","5090":"i","5091":"v","5092":">","5093":"\\","5094":"n","5095":"\\","5096":"t","5097":"<","5098":"d","5099":"i","5100":"v","5101":" ","5102":"v","5103":"-","5104":"e","5105":"l","5106":"s","5107":"e","5108":">","5109":"\\","5110":"n","5111":"\\","5112":"t","5113":"\\","5114":"t","5115":"<","5116":"p","5117":">","5118":"N","5119":"o","5120":" ","5121":"t","5122":"a","5123":"s","5124":"k","5125":" ","5126":"s","5127":"e","5128":"l","5129":"e","5130":"c","5131":"t","5132":"e","5133":"d","5134":".","5135":"<","5136":"/","5137":"p","5138":">","5139":"\\","5140":"n","5141":"\\","5142":"t","5143":"<","5144":"/","5145":"d","5146":"i","5147":"v","5148":">","5149":"\\","5150":"n","5151":"<","5152":"/","5153":"t","5154":"e","5155":"m","5156":"p","5157":"l","5158":"a","5159":"t","5160":"e","5161":">","5162":"\\","5163":"n","5164":"\\","5165":"n","5166":"<","5167":"s","5168":"c","5169":"r","5170":"i","5171":"p","5172":"t","5173":" ","5174":"s","5175":"e","5176":"t","5177":"u","5178":"p","5179":">","5180":"\\","5181":"n","5182":"i","5183":"m","5184":"p","5185":"o","5186":"r","5187":"t","5188":" ","5189":"{","5190":" ","5191":"r","5192":"e","5193":"f","5194":",","5195":" ","5196":"w","5197":"a","5198":"t","5199":"c","5200":"h","5201":"E","5202":"f","5203":"f","5204":"e","5205":"c","5206":"t","5207":" ","5208":"}","5209":" ","5210":"f","5211":"r","5212":"o","5213":"m","5214":" ","5215":"'","5216":"v","5217":"u","5218":"e","5219":"'","5220":";","5221":"\\","5222":"n","5223":"i","5224":"m","5225":"p","5226":"o","5227":"r","5228":"t","5229":" ","5230":"{","5231":" ","5232":"u","5233":"s","5234":"e","5235":"T","5236":"a","5237":"s","5238":"k","5239":"S","5240":"t","5241":"o","5242":"r","5243":"e","5244":" ","5245":"}","5246":" ","5247":"f","5248":"r","5249":"o","5250":"m","5251":" ","5252":"'","5253":".","5254":".","5255":"/","5256":".","5257":".","5258":"/","5259":"s","5260":"t","5261":"o","5262":"r","5263":"e","5264":"s","5265":"/","5266":"t","5267":"a","5268":"s","5269":"k","5270":"S","5271":"t","5272":"o","5273":"r","5274":"e","5275":"'","5276":";","5277":"\\","5278":"n","5279":"i","5280":"m","5281":"p","5282":"o","5283":"r","5284":"t","5285":" ","5286":"{","5287":" ","5288":"N","5289":"o","5290":"t","5291":"i","5292":"f","5293":"y","5294":" ","5295":"}","5296":" ","5297":"f","5298":"r","5299":"o","5300":"m","5301":" ","5302":"'","5303":"q","5304":"u","5305":"a","5306":"s","5307":"a","5308":"r","5309":"'","5310":";","5311":"\\","5312":"n","5313":"\\","5314":"n","5315":"c","5316":"o","5317":"n","5318":"s","5319":"t","5320":" ","5321":"f","5322":"o","5323":"r","5324":"m","5325":"D","5326":"a","5327":"t","5328":"a","5329":" ","5330":"=","5331":" ","5332":"r","5333":"e","5334":"f","5335":"(","5336":"{","5337":"}","5338":")","5339":";","5340":"\\","5341":"n","5342":"c","5343":"o","5344":"n","5345":"s","5346":"t","5347":" ","5348":"s","5349":"e","5350":"l","5351":"e","5352":"c","5353":"t","5354":"e","5355":"d","5356":"T","5357":"a","5358":"s","5359":"k","5360":" ","5361":"=","5362":" ","5363":"r","5364":"e","5365":"f","5366":"(","5367":"n","5368":"u","5369":"l","5370":"l","5371":")","5372":";","5373":"\\","5374":"n","5375":"c","5376":"o","5377":"n","5378":"s","5379":"t","5380":" ","5381":"t","5382":"a","5383":"s","5384":"k","5385":"S","5386":"t","5387":"o","5388":"r","5389":"e","5390":" ","5391":"=","5392":" ","5393":"u","5394":"s","5395":"e","5396":"T","5397":"a","5398":"s","5399":"k","5400":"S","5401":"t","5402":"o","5403":"r","5404":"e","5405":"(","5406":")","5407":";","5408":"\\","5409":"n","5410":"c","5411":"o","5412":"n","5413":"s","5414":"t","5415":" ","5416":"s","5417":"u","5418":"b","5419":"m","5420":"i","5421":"t","5422":"t","5423":"i","5424":"n","5425":"g","5426":" ","5427":"=","5428":" ","5429":"r","5430":"e","5431":"f","5432":"(","5433":"t","5434":"r","5435":"u","5436":"e","5437":")","5438":";","5439":"\\","5440":"n","5441":"\\","5442":"n","5443":"c","5444":"o","5445":"n","5446":"s","5447":"t","5448":" ","5449":"s","5450":"h","5451":"o","5452":"w","5453":"N","5454":"o","5455":"t","5456":"i","5457":"f","5458":"y","5459":" ","5460":"=","5461":" ","5462":"(","5463":"m","5464":"e","5465":"s","5466":"s","5467":"a","5468":"g","5469":"e","5470":",","5471":" ","5472":"c","5473":"o","5474":"l","5475":"o","5476":"r","5477":")","5478":" ","5479":"=","5480":">","5481":" ","5482":"{","5483":"\\","5484":"n","5485":"\\","5486":"t","5487":"N","5488":"o","5489":"t","5490":"i","5491":"f","5492":"y","5493":".","5494":"c","5495":"r","5496":"e","5497":"a","5498":"t","5499":"e","5500":"(","5501":"{","5502":"\\","5503":"n","5504":"\\","5505":"t","5506":"\\","5507":"t","5508":"m","5509":"e","5510":"s","5511":"s","5512":"a","5513":"g","5514":"e","5515":":","5516":" ","5517":"m","5518":"e","5519":"s","5520":"s","5521":"a","5522":"g","5523":"e","5524":",","5525":"\\","5526":"n","5527":"\\","5528":"t","5529":"\\","5530":"t","5531":"c","5532":"o","5533":"l","5534":"o","5535":"r","5536":":","5537":" ","5538":"c","5539":"o","5540":"l","5541":"o","5542":"r","5543":",","5544":"\\","5545":"n","5546":"\\","5547":"t","5548":"\\","5549":"t","5550":"p","5551":"o","5552":"s","5553":"i","5554":"t","5555":"i","5556":"o","5557":"n","5558":":","5559":" ","5560":"'","5561":"t","5562":"o","5563":"p","5564":"'","5565":",","5566":"\\","5567":"n","5568":"\\","5569":"t","5570":"\\","5571":"t","5572":"t","5573":"i","5574":"m","5575":"e","5576":"o","5577":"u","5578":"t","5579":":","5580":" ","5581":"2","5582":"0","5583":"0","5584":"0","5585":",","5586":"\\","5587":"n","5588":"\\","5589":"t","5590":"}","5591":")","5592":";","5593":"\\","5594":"n","5595":"}","5596":";","5597":"\\","5598":"n","5599":"\\","5600":"n","5601":"c","5602":"o","5603":"n","5604":"s","5605":"t","5606":" ","5607":"g","5608":"e","5609":"t","5610":"V","5611":"a","5612":"l","5613":"i","5614":"d","5615":"a","5616":"t","5617":"i","5618":"o","5619":"n","5620":"R","5621":"u","5622":"l","5623":"e","5624":"s","5625":" ","5626":"=","5627":" ","5628":"(","5629":"f","5630":"i","5631":"e","5632":"l","5633":"d","5634":")","5635":" ","5636":"=","5637":">","5638":" ","5639":"{","5640":"\\","5641":"n","5642":"\\","5643":"t","5644":"c","5645":"o","5646":"n","5647":"s","5648":"t","5649":" ","5650":"r","5651":"u","5652":"l","5653":"e","5654":"s","5655":" ","5656":"=","5657":" ","5658":"[","5659":"]","5660":";","5661":"\\","5662":"n","5663":"\\","5664":"t","5665":"i","5666":"f","5667":" ","5668":"(","5669":"f","5670":"i","5671":"e","5672":"l","5673":"d","5674":".","5675":"v","5676":"a","5677":"l","5678":"i","5679":"d","5680":"a","5681":"t","5682":"i","5683":"o","5684":"n","5685":")","5686":" ","5687":"{","5688":"\\","5689":"n","5690":"\\","5691":"t","5692":"\\","5693":"t","5694":"i","5695":"f","5696":" ","5697":"(","5698":"f","5699":"i","5700":"e","5701":"l","5702":"d","5703":".","5704":"v","5705":"a","5706":"l","5707":"i","5708":"d","5709":"a","5710":"t","5711":"i","5712":"o","5713":"n","5714":".","5715":"m","5716":"i","5717":"n","5718":")","5719":" ","5720":"{","5721":"\\","5722":"n","5723":"\\","5724":"t","5725":"\\","5726":"t","5727":"\\","5728":"t","5729":"r","5730":"u","5731":"l","5732":"e","5733":"s","5734":".","5735":"p","5736":"u","5737":"s","5738":"h","5739":"(","5740":"v","5741":"a","5742":"l","5743":" ","5744":"=","5745":">","5746":" ","5747":"v","5748":"a","5749":"l","5750":" ","5751":"&","5752":"&","5753":" ","5754":"v","5755":"a","5756":"l","5757":".","5758":"l","5759":"e","5760":"n","5761":"g","5762":"t","5763":"h","5764":" ","5765":">","5766":"=","5767":" ","5768":"f","5769":"i","5770":"e","5771":"l","5772":"d","5773":".","5774":"v","5775":"a","5776":"l","5777":"i","5778":"d","5779":"a","5780":"t","5781":"i","5782":"o","5783":"n","5784":".","5785":"m","5786":"i","5787":"n","5788":" ","5789":"|","5790":"|","5791":" ","5792":"`","5793":"M","5794":"i","5795":"n","5796":" ","5797":"l","5798":"e","5799":"n","5800":"g","5801":"t","5802":"h","5803":" ","5804":"i","5805":"s","5806":" ","5807":"$","5808":"{","5809":"f","5810":"i","5811":"e","5812":"l","5813":"d","5814":".","5815":"v","5816":"a","5817":"l","5818":"i","5819":"d","5820":"a","5821":"t","5822":"i","5823":"o","5824":"n","5825":".","5826":"m","5827":"i","5828":"n","5829":"}","5830":"`","5831":")","5832":";","5833":"\\","5834":"n","5835":"\\","5836":"t","5837":"\\","5838":"t","5839":"}","5840":"\\","5841":"n","5842":"\\","5843":"t","5844":"\\","5845":"t","5846":"i","5847":"f","5848":" ","5849":"(","5850":"f","5851":"i","5852":"e","5853":"l","5854":"d","5855":".","5856":"v","5857":"a","5858":"l","5859":"i","5860":"d","5861":"a","5862":"t","5863":"i","5864":"o","5865":"n","5866":".","5867":"m","5868":"a","5869":"x","5870":")","5871":" ","5872":"{","5873":"\\","5874":"n","5875":"\\","5876":"t","5877":"\\","5878":"t","5879":"\\","5880":"t","5881":"r","5882":"u","5883":"l","5884":"e","5885":"s","5886":".","5887":"p","5888":"u","5889":"s","5890":"h","5891":"(","5892":"v","5893":"a","5894":"l","5895":" ","5896":"=","5897":">","5898":" ","5899":"v","5900":"a","5901":"l","5902":" ","5903":"&","5904":"&","5905":" ","5906":"v","5907":"a","5908":"l","5909":".","5910":"l","5911":"e","5912":"n","5913":"g","5914":"t","5915":"h","5916":" ","5917":"<","5918":"=","5919":" ","5920":"f","5921":"i","5922":"e","5923":"l","5924":"d","5925":".","5926":"v","5927":"a","5928":"l","5929":"i","5930":"d","5931":"a","5932":"t","5933":"i","5934":"o","5935":"n","5936":".","5937":"m","5938":"a","5939":"x","5940":" ","5941":"|","5942":"|","5943":" ","5944":"`","5945":"M","5946":"a","5947":"x","5948":" ","5949":"l","5950":"e","5951":"n","5952":"g","5953":"t","5954":"h","5955":" ","5956":"i","5957":"s","5958":" ","5959":"$","5960":"{","5961":"f","5962":"i","5963":"e","5964":"l","5965":"d","5966":".","5967":"v","5968":"a","5969":"l","5970":"i","5971":"d","5972":"a","5973":"t","5974":"i","5975":"o","5976":"n","5977":".","5978":"m","5979":"a","5980":"x","5981":"}","5982":"`","5983":")","5984":";","5985":"\\","5986":"n","5987":"\\","5988":"t","5989":"\\","5990":"t","5991":"}","5992":"\\","5993":"n","5994":"\\","5995":"t","5996":"}","5997":"\\","5998":"n","5999":"\\","6000":"t","6001":"r","6002":"e","6003":"t","6004":"u","6005":"r","6006":"n","6007":" ","6008":"r","6009":"u","6010":"l","6011":"e","6012":"s","6013":";","6014":"\\","6015":"n","6016":"}","6017":";","6018":"\\","6019":"n","6020":"c","6021":"o","6022":"n","6023":"s","6024":"t","6025":" ","6026":"g","6027":"e","6028":"t","6029":"C","6030":"o","6031":"l","6032":"S","6033":"p","6034":"a","6035":"n","6036":" ","6037":"=","6038":" ","6039":"(","6040":"s","6041":"i","6042":"z","6043":"e","6044":")","6045":" ","6046":"=","6047":">","6048":" ","6049":"{","6050":"\\","6051":"n","6052":"\\","6053":"t","6054":"r","6055":"e","6056":"t","6057":"u","6058":"r","6059":"n","6060":" ","6061":"{","6062":"\\","6063":"n","6064":"\\","6065":"t","6066":"\\","6067":"t","6068":"l","6069":"g","6070":":","6071":" ","6072":"s","6073":"i","6074":"z","6075":"e","6076":".","6077":"l","6078":"g","6079":" ","6080":"|","6081":"|","6082":" ","6083":"1","6084":"2","6085":",","6086":"\\","6087":"n","6088":"\\","6089":"t","6090":"\\","6091":"t","6092":"m","6093":"d","6094":":","6095":" ","6096":"s","6097":"i","6098":"z","6099":"e","6100":".","6101":"m","6102":"d","6103":" ","6104":"|","6105":"|","6106":" ","6107":"1","6108":"2","6109":",","6110":"\\","6111":"n","6112":"\\","6113":"t","6114":"\\","6115":"t","6116":"s","6117":"m","6118":":","6119":" ","6120":"s","6121":"i","6122":"z","6123":"e","6124":".","6125":"s","6126":"m","6127":" ","6128":"|","6129":"|","6130":" ","6131":"1","6132":"2","6133":",","6134":"\\","6135":"n","6136":"\\","6137":"t","6138":"\\","6139":"t","6140":"x","6141":"s","6142":":","6143":" ","6144":"s","6145":"i","6146":"z","6147":"e","6148":".","6149":"x","6150":"s","6151":" ","6152":"|","6153":"|","6154":" ","6155":"1","6156":"2","6157":",","6158":"\\","6159":"n","6160":"\\","6161":"t","6162":"}","6163":";","6164":"\\","6165":"n","6166":"}","6167":";","6168":"\\","6169":"n","6170":"c","6171":"o","6172":"n","6173":"s","6174":"t","6175":" ","6176":"s","6177":"u","6178":"b","6179":"m","6180":"i","6181":"t","6182":"F","6183":"o","6184":"r","6185":"m","6186":" ","6187":"=","6188":" ","6189":"a","6190":"s","6191":"y","6192":"n","6193":"c","6194":" ","6195":"(","6196":")","6197":" ","6198":"=","6199":">","6200":" ","6201":"{","6202":"\\","6203":"n","6204":"\\","6205":"t","6206":"c","6207":"o","6208":"n","6209":"s","6210":"t","6211":" ","6212":"t","6213":"a","6214":"s","6215":"k","6216":"I","6217":"d","6218":" ","6219":"=","6220":" ","6221":"s","6222":"e","6223":"l","6224":"e","6225":"c","6226":"t","6227":"e","6228":"d","6229":"T","6230":"a","6231":"s","6232":"k","6233":".","6234":"v","6235":"a","6236":"l","6237":"u","6238":"e","6239":".","6240":"i","6241":"d","6242":";","6243":"\\","6244":"n","6245":"\\","6246":"n","6247":"\\","6248":"t","6249":"t","6250":"r","6251":"y","6252":" ","6253":"{","6254":"\\","6255":"n","6256":"\\","6257":"t","6258":"\\","6259":"t","6260":"a","6261":"w","6262":"a","6263":"i","6264":"t","6265":" ","6266":"t","6267":"a","6268":"s","6269":"k","6270":"S","6271":"t","6272":"o","6273":"r","6274":"e","6275":".","6276":"s","6277":"u","6278":"b","6279":"m","6280":"i","6281":"t","6282":"T","6283":"a","6284":"s","6285":"k","6286":"F","6287":"o","6288":"r","6289":"m","6290":"(","6291":"t","6292":"a","6293":"s","6294":"k","6295":"I","6296":"d","6297":",","6298":" ","6299":"f","6300":"o","6301":"r","6302":"m","6303":"D","6304":"a","6305":"t","6306":"a","6307":".","6308":"v","6309":"a","6310":"l","6311":"u","6312":"e","6313":")","6314":";","6315":"\\","6316":"n","6317":"\\","6318":"t","6319":"\\","6320":"t","6321":"s","6322":"h","6323":"o","6324":"w","6325":"N","6326":"o","6327":"t","6328":"i","6329":"f","6330":"y","6331":"(","6332":"'","6333":"F","6334":"o","6335":"r","6336":"m","6337":" ","6338":"s","6339":"u","6340":"b","6341":"m","6342":"i","6343":"t","6344":"t","6345":"e","6346":"d","6347":" ","6348":"s","6349":"u","6350":"c","6351":"c","6352":"e","6353":"s","6354":"s","6355":"f","6356":"u","6357":"l","6358":"l","6359":"y","6360":"!","6361":"'","6362":",","6363":" ","6364":"'","6365":"g","6366":"r","6367":"e","6368":"e","6369":"n","6370":"'","6371":")","6372":";","6373":"\\","6374":"n","6375":"\\","6376":"t","6377":"}","6378":" ","6379":"c","6380":"a","6381":"t","6382":"c","6383":"h","6384":" ","6385":"(","6386":"e","6387":"r","6388":"r","6389":"o","6390":"r","6391":")","6392":" ","6393":"{","6394":"\\","6395":"n","6396":"\\","6397":"t","6398":"\\","6399":"t","6400":"s","6401":"h","6402":"o","6403":"w","6404":"N","6405":"o","6406":"t","6407":"i","6408":"f","6409":"y","6410":"(","6411":"'","6412":"E","6413":"r","6414":"r","6415":"o","6416":"r","6417":" ","6418":"w","6419":"h","6420":"i","6421":"l","6422":"e","6423":" ","6424":"s","6425":"u","6426":"b","6427":"m","6428":"i","6429":"t","6430":"t","6431":"i","6432":"n","6433":"g","6434":" ","6435":"f","6436":"o","6437":"r","6438":"m","6439":"'","6440":",","6441":" ","6442":"'","6443":"r","6444":"e","6445":"d","6446":"'","6447":")","6448":";","6449":"\\","6450":"n","6451":"\\","6452":"t","6453":"}","6454":" ","6455":"f","6456":"i","6457":"n","6458":"a","6459":"l","6460":"l","6461":"y","6462":" ","6463":"{","6464":"\\","6465":"n","6466":"\\","6467":"t","6468":"\\","6469":"t","6470":"s","6471":"u","6472":"b","6473":"m","6474":"i","6475":"t","6476":"t","6477":"i","6478":"n","6479":"g","6480":".","6481":"v","6482":"a","6483":"l","6484":"u","6485":"e","6486":" ","6487":"=","6488":" ","6489":"f","6490":"a","6491":"l","6492":"s","6493":"e","6494":";","6495":"\\","6496":"n","6497":"\\","6498":"t","6499":"}","6500":"\\","6501":"n","6502":"}","6503":";","6504":"\\","6505":"n","6506":"w","6507":"a","6508":"t","6509":"c","6510":"h","6511":"E","6512":"f","6513":"f","6514":"e","6515":"c","6516":"t","6517":"(","6518":"(","6519":")","6520":" ","6521":"=","6522":">","6523":" ","6524":"{","6525":"\\","6526":"n","6527":"\\","6528":"t","6529":"s","6530":"e","6531":"l","6532":"e","6533":"c","6534":"t","6535":"e","6536":"d","6537":"T","6538":"a","6539":"s","6540":"k","6541":".","6542":"v","6543":"a","6544":"l","6545":"u","6546":"e","6547":" ","6548":"=","6549":" ","6550":"t","6551":"a","6552":"s","6553":"k","6554":"S","6555":"t","6556":"o","6557":"r","6558":"e","6559":".","6560":"s","6561":"e","6562":"l","6563":"e","6564":"c","6565":"t","6566":"e","6567":"d","6568":"T","6569":"a","6570":"s","6571":"k","6572":";","6573":"\\","6574":"n","6575":"}","6576":")","6577":";","6578":"\\","6579":"n","6580":"<","6581":"/","6582":"s","6583":"c","6584":"r","6585":"i","6586":"p","6587":"t","6588":">","6589":"\\","6590":"n","6591":"\\","6592":"n","6593":"<","6594":"s","6595":"t","6596":"y","6597":"l","6598":"e","6599":" ","6600":"s","6601":"c","6602":"o","6603":"p","6604":"e","6605":" ","6606":"l","6607":"a","6608":"n","6609":"g","6610":"=","6611":"\\","6612":"\"","6613":"s","6614":"c","6615":"s","6616":"s","6617":"\\","6618":"\"","6619":">","6620":"\\","6621":"n","6622":"@","6623":"i","6624":"m","6625":"p","6626":"o","6627":"r","6628":"t","6629":" ","6630":"'","6631":".","6632":".","6633":"/","6634":".","6635":".","6636":"/","6637":"c","6638":"s","6639":"s","6640":"/","6641":"a","6642":"p","6643":"p","6644":".","6645":"s","6646":"c","6647":"s","6648":"s","6649":"'","6650":";","6651":"\\","6652":"n","6653":"<","6654":"/","6655":"s","6656":"t","6657":"y","6658":"l","6659":"e","6660":">","6661":"\"","6662":"]","6663":"}"},"_coverageSchema":"1a1c01bbd47fc00a2c39e90264f33305004495a9","hash":"aaf07cb288f65d51e8b8c8e6155809bc3ca5683b"}
}
