{"/home/kraudo/Workspace/test/maxComply/frontend/src/components/TaskList/TaskList.vue": {"path":"/home/kraudo/Workspace/test/maxComply/frontend/src/components/TaskList/TaskList.vue","statementMap":{"0":{"start":{"line":4,"column":0},"end":{"line":6,"column":3}},"1":{"start":{"line":7,"column":0},"end":{"line":7,"column":25}},"2":{"start":{"line":144,"column":0},"end":{"line":146,"column":3}},"3":{"start":{"line":147,"column":0},"end":{"line":147,"column":24}},"4":{"start":{"line":148,"column":11},"end":{"line":148,"column":25}},"5":{"start":{"line":149,"column":19},"end":{"line":151,"column":1}},"6":{"start":{"line":153,"column":37},"end":{"line":153,"column":82}},"7":{"start":{"line":154,"column":31},"end":{"line":154,"column":70}},"8":{"start":{"line":155,"column":28},"end":{"line":155,"column":64}},"9":{"start":{"line":156,"column":29},"end":{"line":156,"column":66}},"10":{"start":{"line":157,"column":34},"end":{"line":157,"column":76}},"11":{"start":{"line":158,"column":36},"end":{"line":158,"column":80}},"12":{"start":{"line":159,"column":28},"end":{"line":159,"column":64}},"13":{"start":{"line":160,"column":28},"end":{"line":160,"column":64}},"14":{"start":{"line":161,"column":28},"end":{"line":161,"column":64}},"15":{"start":{"line":162,"column":2},"end":{"line":216,"column":7}},"16":{"start":{"line":163,"column":37},"end":{"line":166,"column":7}},"17":{"start":{"line":164,"column":39},"end":{"line":164,"column":79}},"18":{"start":{"line":171,"column":63},"end":{"line":171,"column":89}},"19":{"start":{"line":177,"column":37},"end":{"line":179,"column":7}},"20":{"start":{"line":185,"column":37},"end":{"line":213,"column":35}},"21":{"start":{"line":186,"column":6},"end":{"line":212,"column":80}},"22":{"start":{"line":191,"column":27},"end":{"line":191,"column":53}},"23":{"start":{"line":193,"column":41},"end":{"line":209,"column":37}},"24":{"start":{"line":194,"column":43},"end":{"line":206,"column":39}},"25":{"start":{"line":197,"column":45},"end":{"line":197,"column":124}},"26":{"start":{"line":203,"column":45},"end":{"line":203,"column":130}},"27":{"start":{"line":217,"column":2},"end":{"line":217,"column":49}}},"fnMap":{"0":{"name":"render","decl":{"start":{"line":152,"column":9},"end":{"line":152,"column":15}},"loc":{"start":{"line":152,"column":63},"end":{"line":217,"column":1}},"line":152},"1":{"name":"(anonymous_1)","decl":{"start":{"line":163,"column":31},"end":{"line":163,"column":32}},"loc":{"start":{"line":163,"column":37},"end":{"line":166,"column":7}},"line":163},"2":{"name":"(anonymous_2)","decl":{"start":{"line":164,"column":33},"end":{"line":164,"column":34}},"loc":{"start":{"line":164,"column":39},"end":{"line":164,"column":79}},"line":164},"3":{"name":"(anonymous_3)","decl":{"start":{"line":171,"column":53},"end":{"line":171,"column":54}},"loc":{"start":{"line":171,"column":63},"end":{"line":171,"column":89}},"line":171},"4":{"name":"(anonymous_4)","decl":{"start":{"line":177,"column":31},"end":{"line":177,"column":32}},"loc":{"start":{"line":177,"column":37},"end":{"line":179,"column":7}},"line":177},"5":{"name":"(anonymous_5)","decl":{"start":{"line":185,"column":31},"end":{"line":185,"column":32}},"loc":{"start":{"line":185,"column":37},"end":{"line":213,"column":35}},"line":185},"6":{"name":"(anonymous_6)","decl":{"start":{"line":185,"column":154},"end":{"line":185,"column":155}},"loc":{"start":{"line":185,"column":162},"end":{"line":213,"column":5}},"line":185},"7":{"name":"(anonymous_7)","decl":{"start":{"line":191,"column":17},"end":{"line":191,"column":18}},"loc":{"start":{"line":191,"column":27},"end":{"line":191,"column":53}},"line":191},"8":{"name":"(anonymous_8)","decl":{"start":{"line":193,"column":35},"end":{"line":193,"column":36}},"loc":{"start":{"line":193,"column":41},"end":{"line":209,"column":37}},"line":193},"9":{"name":"(anonymous_9)","decl":{"start":{"line":194,"column":37},"end":{"line":194,"column":38}},"loc":{"start":{"line":194,"column":43},"end":{"line":206,"column":39}},"line":194},"10":{"name":"(anonymous_10)","decl":{"start":{"line":197,"column":39},"end":{"line":197,"column":40}},"loc":{"start":{"line":197,"column":45},"end":{"line":197,"column":124}},"line":197},"11":{"name":"(anonymous_11)","decl":{"start":{"line":203,"column":39},"end":{"line":203,"column":40}},"loc":{"start":{"line":203,"column":45},"end":{"line":203,"column":130}},"line":203}},"branchMap":{"0":{"loc":{"start":{"line":171,"column":27},"end":{"line":171,"column":90}},"type":"binary-expr","locations":[{"start":{"line":171,"column":27},"end":{"line":171,"column":36}},{"start":{"line":171,"column":41},"end":{"line":171,"column":89}}],"line":171}},"s":{"0":1,"1":1,"2":1,"3":1,"4":1,"5":1,"6":2,"7":2,"8":2,"9":2,"10":2,"11":2,"12":2,"13":2,"14":2,"15":2,"16":2,"17":2,"18":0,"19":0,"20":2,"21":1,"22":0,"23":1,"24":1,"25":1,"26":1,"27":1},"f":{"0":2,"1":2,"2":2,"3":0,"4":0,"5":2,"6":1,"7":0,"8":1,"9":1,"10":1,"11":1},"b":{"0":[2,1]},"inputSourceMap":{"0":"{","1":"\"","2":"v","3":"e","4":"r","5":"s","6":"i","7":"o","8":"n","9":"\"","10":":","11":"3","12":",","13":"\"","14":"s","15":"o","16":"u","17":"r","18":"c","19":"e","20":"s","21":"\"","22":":","23":"[","24":"\"","25":"/","26":"h","27":"o","28":"m","29":"e","30":"/","31":"k","32":"r","33":"a","34":"u","35":"d","36":"o","37":"/","38":"W","39":"o","40":"r","41":"k","42":"s","43":"p","44":"a","45":"c","46":"e","47":"/","48":"t","49":"e","50":"s","51":"t","52":"/","53":"m","54":"a","55":"x","56":"C","57":"o","58":"m","59":"p","60":"l","61":"y","62":"/","63":"f","64":"r","65":"o","66":"n","67":"t","68":"e","69":"n","70":"d","71":"/","72":"s","73":"r","74":"c","75":"/","76":"c","77":"o","78":"m","79":"p","80":"o","81":"n","82":"e","83":"n","84":"t","85":"s","86":"/","87":"T","88":"a","89":"s","90":"k","91":"L","92":"i","93":"s","94":"t","95":"/","96":"T","97":"a","98":"s","99":"k","100":"L","101":"i","102":"s","103":"t","104":".","105":"v","106":"u","107":"e","108":"\"","109":"]","110":",","111":"\"","112":"n","113":"a","114":"m","115":"e","116":"s","117":"\"","118":":","119":"[","120":"]","121":",","122":"\"","123":"m","124":"a","125":"p","126":"p","127":"i","128":"n","129":"g","130":"s","131":"\"","132":":","133":"\"","134":";","135":";","136":";","137":";","138":";","139":";","140":";","141":"A","142":"A","143":"6","144":"C","145":"A","146":";","147":"A","148":"A","149":"A","150":"A","151":";","152":"A","153":"A","154":"A","155":"A","156":";","157":"A","158":"A","159":"C","160":"A","161":";","162":"A","163":"A","164":"A","165":"A","166":";","167":"A","168":"A","169":"A","170":"A","171":";","172":"A","173":"A","174":"C","175":"A","176":";","177":"A","178":"A","179":"A","180":"A","181":";","182":"A","183":"A","184":"A","185":"A","186":";","187":"A","188":"A","189":"A","190":"g","191":"C","192":";","193":"A","194":"A","195":"A","196":"A","197":";","198":";","199":";","200":";","201":";","202":";","203":";","204":";","205":";","206":";","207":"I","208":"A","209":"C","210":"h","211":"C","212":",","213":"M","214":"A","215":"A","216":"M","217":",","218":"O","219":"A","220":"A","221":"O","222":";","223":"I","224":"A","225":"A","226":"G","227":";","228":"I","229":"A","230":"A","231":"A","232":";","233":"I","234":"A","235":"A","236":"A","237":";","238":"I","239":"A","240":"A","241":"A","242":";","243":"I","244":"A","245":"A","246":"A","247":";","248":"I","249":"A","250":"A","251":"A","252":",","253":"G","254":"A","255":"A","256":"G","257":",","258":"E","259":"A","260":"A","261":"C","262":",","263":"K","264":"A","265":"A","266":"K","267":",","268":"C","269":"A","270":"A","271":"C","272":";","273":"I","274":"A","275":"C","276":"1","277":"B","278":",","279":"M","280":"A","281":"A","282":"M","283":",","284":"S","285":"A","286":"A","287":"S","288":";","289":"I","290":"A","291":"A","292":"G","293":";","294":"I","295":"A","296":"A","297":"A","298":";","299":"I","300":"A","301":"A","302":"A","303":";","304":"I","305":"A","306":"A","307":"A","308":";","309":"I","310":"A","311":"A","312":"A","313":";","314":"I","315":"A","316":"A","317":"A","318":",","319":"Y","320":"A","321":"A","322":"Y","323":",","324":"E","325":"A","326":"A","327":"C","328":",","329":"C","330":"A","331":"A","332":"C","333":";","334":"I","335":"A","336":"C","337":"h","338":"C","339":",","340":"M","341":"A","342":"A","343":"M","344":",","345":"U","346":"A","347":"A","348":"U","349":";","350":"I","351":"A","352":"A","353":"G","354":";","355":"I","356":"A","357":"A","358":"A","359":";","360":"I","361":"A","362":"A","363":"A","364":";","365":"I","366":"A","367":"A","368":"A","369":";","370":"I","371":"A","372":"A","373":"A","374":";","375":"I","376":"A","377":"A","378":"A","379":",","380":"G","381":"A","382":"A","383":"G","384":",","385":"E","386":"A","387":"A","388":"C","389":",","390":"E","391":"A","392":"A","393":"E","394":",","395":"C","396":"A","397":"A","398":"C","399":";","400":"I","401":"A","402":"C","403":"1","404":"B","405":",","406":"M","407":"A","408":"A","409":"M","410":",","411":"Q","412":"A","413":"A","414":"Q","415":";","416":"I","417":"A","418":"A","419":"G","420":";","421":"I","422":"A","423":"A","424":"A","425":";","426":"I","427":"A","428":"A","429":"A","430":";","431":"I","432":"A","433":"A","434":"A","435":";","436":"I","437":"A","438":"A","439":"A","440":";","441":"I","442":"A","443":"A","444":"A","445":",","446":"G","447":"A","448":"A","449":"G","450":",","451":"E","452":"A","453":"A","454":"C","455":",","456":"E","457":"A","458":"A","459":"E","460":",","461":"C","462":"A","463":"A","464":"C","465":";","466":"I","467":"A","468":"E","469":"x","470":"B","471":",","472":"M","473":"A","474":"A","475":"M","476":",","477":"U","478":"A","479":"A","480":"U","481":",","482":"G","483":"A","484":"A","485":"G","486":",","487":"C","488":"A","489":"A","490":"C","491":",","492":"O","493":"A","494":"A","495":"O","496":",","497":"E","498":"A","499":"A","500":"E","501":",","502":"K","503":"A","504":"A","505":"K","506":",","507":"E","508":"A","509":"A","510":"E","511":",","512":"O","513":"A","514":"A","515":"O","516":",","517":"K","518":"A","519":"A","520":"K","521":";","522":"M","523":"A","524":"C","525":"/","526":"C","527":";","528":"M","529":"A","530":"A","531":"A","532":";","533":"M","534":"A","535":"A","536":"A","537":";","538":"M","539":"A","540":"A","541":"A","542":",","543":"M","544":"A","545":"A","546":"M","547":",","548":"C","549":"A","550":"A","551":"C","552":",","553":"M","554":"A","555":"A","556":"M","557":",","558":"C","559":"A","560":"A","561":"C","562":";","563":"Q","564":"A","565":"C","566":"b","567":",","568":"O","569":"A","570":"A","571":"O","572":",","573":"E","574":"A","575":"A","576":"E","577":",","578":"O","579":"A","580":"A","581":"O","582":";","583":"Q","584":"A","585":"C","586":"h","587":"B","588":",","589":"O","590":"A","591":"A","592":"O","593":",","594":"E","595":"A","596":"A","597":"E","598":",","599":"O","600":"A","601":"A","602":"O","603":";","604":"Q","605":"A","606":"C","607":"h","608":"B","609":",","610":"K","611":"A","612":"A","613":"K","614":",","615":"E","616":"A","617":"A","618":"E","619":",","620":"K","621":"A","622":"A","623":"K","624":";","625":"Q","626":"A","627":"C","628":"Z","629":",","630":"Q","631":"A","632":"A","633":"Q","634":",","635":"E","636":"A","637":"A","638":"E","639":",","640":"K","641":"A","642":"A","643":"K","644":";","645":"Q","646":"A","647":"C","648":"f","649":",","650":"O","651":"A","652":"A","653":"O","654":",","655":"E","656":"A","657":"A","658":"E","659":";","660":"M","661":"A","662":"C","663":"V","664":",","665":"C","666":"A","667":"A","668":"C","669":",","670":"C","671":"A","672":"A","673":"C","674":";","675":"I","676":"A","677":"C","678":"H","679":",","680":"C","681":"A","682":"A","683":"C","684":";","685":"I","686":"A","687":"C","688":"D","689":",","690":"M","691":"A","692":"A","693":"M","694":",","695":"Y","696":"A","697":"A","698":"Y","699":",","700":"G","701":"A","702":"A","703":"G","704":",","705":"M","706":"A","707":"A","708":"M","709":";","710":"M","711":"A","712":"C","713":"1","714":"B","715":",","716":"I","717":"A","718":"A","719":"I","720":",","721":"U","722":"A","723":"A","724":"U","725":",","726":"C","727":"A","728":"A","729":"C","730":",","731":"K","732":"A","733":"A","734":"K","735":",","736":"E","737":"A","738":"A","739":"E","740":";","741":"Q","742":"A","743":"C","744":"r","745":"B","746":",","747":"Q","748":"A","749":"A","750":"Q","751":",","752":"C","753":"A","754":"A","755":"C","756":",","757":"K","758":"A","759":"A","760":"K","761":",","762":"G","763":"A","764":"A","765":"G","766":",","767":"S","768":"A","769":"A","770":"S","771":",","772":"C","773":"A","774":"A","775":"C","776":",","777":"K","778":"A","779":"A","780":"K","781":",","782":"C","783":"A","784":"A","785":"C","786":",","787":"M","788":"A","789":"A","790":"M","791":",","792":"C","793":"A","794":"A","795":"C","796":",","797":"I","798":"A","799":"A","800":"I","801":",","802":"I","803":"A","804":"A","805":"I","806":";","807":"U","808":"A","809":"C","810":"/","811":"C","812":",","813":"O","814":"A","815":"A","816":"O","817":",","818":"I","819":"A","820":"A","821":"I","822":",","823":"C","824":"A","825":"A","826":"C","827":",","828":"I","829":"A","830":"A","831":"I","832":",","833":"C","834":"A","835":"A","836":"C","837":",","838":"W","839":"A","840":"A","841":"W","842":",","843":"C","844":"A","845":"A","846":"C","847":",","848":"C","849":"A","850":"A","851":"C","852":",","853":"C","854":"A","855":"A","856":"C","857":",","858":"Q","859":"A","860":"A","861":"Q","862":",","863":"C","864":"A","865":"A","866":"C","867":",","868":"U","869":"A","870":"A","871":"U","872":",","873":"C","874":"A","875":"A","876":"C","877":",","878":"K","879":"A","880":"A","881":"K","882":",","883":"C","884":"A","885":"A","886":"C","887":",","888":"W","889":"A","890":"A","891":"W","892":",","893":"C","894":"A","895":"A","896":"C","897":",","898":"C","899":"A","900":"A","901":"C","902":",","903":"C","904":"A","905":"A","906":"C","907":";","908":"Q","909":"A","910":"C","911":"x","912":"E","913":",","914":"C","915":"A","916":"A","917":"C","918":",","919":"C","920":"A","921":"A","922":"C","923":";","924":"M","925":"A","926":"C","927":"H","928":",","929":"C","930":"A","931":"A","932":"C","933":",","934":"M","935":"A","936":"A","937":"M","938":";","939":"Q","940":"A","941":"C","942":"N","943":",","944":"Q","945":"A","946":"A","947":"Q","948":",","949":"C","950":"A","951":"A","952":"C","953":",","954":"K","955":"A","956":"A","957":"K","958":",","959":"G","960":"A","961":"A","962":"G","963":",","964":"S","965":"A","966":"A","967":"S","968":",","969":"C","970":"A","971":"A","972":"C","973":",","974":"K","975":"A","976":"A","977":"K","978":";","979":"M","980":"A","981":"C","982":"j","983":"C","984":";","985":"I","986":"A","987":"C","988":"D","989":",","990":"C","991":"A","992":"A","993":"C","994":";","995":"I","996":"A","997":"C","998":"D","999":",","1000":"M","1001":"A","1002":"A","1003":"M","1004":",","1005":"U","1006":"A","1007":"A","1008":"U","1009":",","1010":"G","1011":"A","1012":"A","1013":"I","1014":",","1015":"M","1016":"A","1017":"A","1018":"M","1019":",","1020":"I","1021":"A","1022":"A","1023":"K","1024":";","1025":"M","1026":"A","1027":"C","1028":"9","1029":"B","1030":",","1031":"O","1032":"A","1033":"A","1034":"O","1035":",","1036":"C","1037":"A","1038":"A","1039":"C","1040":",","1041":"K","1042":"A","1043":"A","1044":"K","1045":",","1046":"G","1047":"A","1048":"A","1049":"G","1050":",","1051":"I","1052":"A","1053":"A","1054":"I","1055":";","1056":"M","1057":"A","1058":"C","1059":"p","1060":"B","1061":",","1062":"U","1063":"A","1064":"A","1065":"U","1066":",","1067":"C","1068":"A","1069":"A","1070":"C","1071":",","1072":"S","1073":"A","1074":"A","1075":"S","1076":",","1077":"E","1078":"A","1079":"A","1080":"E","1081":",","1082":"M","1083":"A","1084":"A","1085":"M","1086":",","1087":"E","1088":"A","1089":"A","1090":"E","1091":",","1092":"I","1093":"A","1094":"A","1095":"I","1096":",","1097":"C","1098":"A","1099":"A","1100":"C","1101":";","1102":"M","1103":"A","1104":"C","1105":"n","1106":"C","1107":",","1108":"S","1109":"A","1110":"A","1111":"S","1112":",","1113":"C","1114":"A","1115":"A","1116":"C","1117":",","1118":"a","1119":"A","1120":"A","1121":"a","1122":",","1123":"C","1124":"A","1125":"A","1126":"C","1127":",","1128":"M","1129":"A","1130":"A","1131":"M","1132":",","1133":"C","1134":"A","1135":"A","1136":"C","1137":",","1138":"C","1139":"A","1140":"A","1141":"C","1142":",","1143":"I","1144":"A","1145":"A","1146":"I","1147":",","1148":"C","1149":"A","1150":"A","1151":"C","1152":",","1153":"M","1154":"A","1155":"A","1156":"M","1157":";","1158":"Q","1159":"A","1160":"C","1161":"1","1162":"C","1163":",","1164":"O","1165":"A","1166":"A","1167":"O","1168":",","1169":"C","1170":"A","1171":"A","1172":"C","1173":",","1174":"K","1175":"A","1176":"A","1177":"K","1178":",","1179":"G","1180":"A","1181":"A","1182":"G","1183":",","1184":"K","1185":"A","1186":"A","1187":"K","1188":";","1189":"M","1190":"A","1191":"C","1192":"t","1193":"B","1194":",","1195":"C","1196":"A","1197":"A","1198":"C","1199":",","1200":"C","1201":"A","1202":"A","1203":"C","1204":";","1205":"I","1206":"A","1207":"C","1208":"H","1209":",","1210":"C","1211":"A","1212":"A","1213":"C","1214":";","1215":"I","1216":"A","1217":"E","1218":"D","1219":";","1220":"I","1221":"A","1222":"A","1223":"A","1224":";","1225":"I","1226":"A","1227":"A","1228":"A","1229":";","1230":"I","1231":"A","1232":"A","1233":"A","1234":";","1235":"I","1236":"A","1237":"A","1238":"A","1239":";","1240":"I","1241":"A","1242":"A","1243":"A","1244":",","1245":"S","1246":"A","1247":"A","1248":"S","1249":",","1250":"E","1251":"A","1252":"A","1253":"C","1254":",","1255":"M","1256":"A","1257":"A","1258":"M","1259":";","1260":"M","1261":"A","1262":"C","1263":"f","1264":",","1265":"O","1266":"A","1267":"A","1268":"O","1269":",","1270":"C","1271":"A","1272":"A","1273":"C","1274":",","1275":"K","1276":"A","1277":"A","1278":"K","1279":",","1280":"G","1281":"A","1282":"A","1283":"G","1284":",","1285":"I","1286":"A","1287":"A","1288":"I","1289":";","1290":"M","1291":"A","1292":"C","1293":"p","1294":"B","1295":",","1296":"S","1297":"A","1298":"A","1299":"S","1300":",","1301":"C","1302":"A","1303":"A","1304":"C","1305":",","1306":"U","1307":"A","1308":"A","1309":"U","1310":",","1311":"C","1312":"A","1313":"A","1314":"C","1315":",","1316":"C","1317":"A","1318":"A","1319":"C","1320":",","1321":"C","1322":"A","1323":"A","1324":"C","1325":",","1326":"I","1327":"A","1328":"A","1329":"I","1330":",","1331":"C","1332":"A","1333":"A","1334":"C","1335":",","1336":"M","1337":"A","1338":"A","1339":"M","1340":";","1341":"Q","1342":"A","1343":"C","1344":"j","1345":"C","1346":",","1347":"I","1348":"A","1349":"A","1350":"I","1351":",","1352":"S","1353":"A","1354":"A","1355":"S","1356":",","1357":"C","1358":"A","1359":"A","1360":"C","1361":",","1362":"K","1363":"A","1364":"A","1365":"K","1366":",","1367":"C","1368":"A","1369":"A","1370":"C","1371":",","1372":"M","1373":"A","1374":"A","1375":"M","1376":",","1377":"G","1378":"A","1379":"A","1380":"G","1381":",","1382":"C","1383":"A","1384":"A","1385":"C","1386":",","1387":"E","1388":"A","1389":"A","1390":"E","1391":";","1392":"U","1393":"A","1394":"C","1395":"/","1396":"B","1397":",","1398":"Q","1399":"A","1400":"A","1401":"Q","1402":",","1403":"C","1404":"A","1405":"A","1406":"C","1407":",","1408":"K","1409":"A","1410":"A","1411":"K","1412":",","1413":"G","1414":"A","1415":"A","1416":"G","1417":",","1418":"S","1419":"A","1420":"A","1421":"S","1422":",","1423":"C","1424":"A","1425":"A","1426":"C","1427":",","1428":"K","1429":"A","1430":"A","1431":"K","1432":";","1433":"U","1434":"A","1435":"C","1436":"h","1437":"C","1438":",","1439":"Y","1440":"A","1441":"A","1442":"Y","1443":",","1444":"C","1445":"A","1446":"A","1447":"C","1448":",","1449":"C","1450":"A","1451":"A","1452":"C","1453":";","1454":"U","1455":"A","1456":"C","1457":"d","1458":",","1459":"U","1460":"A","1461":"A","1462":"U","1463":",","1464":"C","1465":"A","1466":"A","1467":"C","1468":",","1469":"S","1470":"A","1471":"A","1472":"S","1473":",","1474":"C","1475":"A","1476":"A","1477":"C","1478":",","1479":"K","1480":"A","1481":"A","1482":"K","1483":",","1484":"C","1485":"A","1486":"A","1487":"C","1488":",","1489":"C","1490":"A","1491":"A","1492":"C","1493":",","1494":"C","1495":"A","1496":"A","1497":"C","1498":",","1499":"C","1500":"A","1501":"A","1502":"C","1503":",","1504":"E","1505":"A","1506":"A","1507":"E","1508":",","1509":"C","1510":"A","1511":"A","1512":"C","1513":";","1514":"Q","1515":"A","1516":"C","1517":"l","1518":"C","1519":";","1520":"Q","1521":"A","1522":"C","1523":"A","1524":",","1525":"O","1526":"A","1527":"A","1528":"O","1529":",","1530":"C","1531":"A","1532":"A","1533":"C","1534":",","1535":"K","1536":"A","1537":"A","1538":"K","1539":",","1540":"G","1541":"A","1542":"A","1543":"G","1544":",","1545":"K","1546":"A","1547":"A","1548":"K","1549":";","1550":"M","1551":"A","1552":"C","1553":"t","1554":"B","1555":",","1556":"C","1557":"A","1558":"A","1559":"C","1560":",","1561":"C","1562":"A","1563":"A","1564":"C","1565":";","1566":"I","1567":"A","1568":"C","1569":"H","1570":",","1571":"C","1572":"A","1573":"A","1574":"C","1575":",","1576":"C","1577":"A","1578":"A","1579":"C","1580":"\"","1581":",","1582":"\"","1583":"f","1584":"i","1585":"l","1586":"e","1587":"\"","1588":":","1589":"\"","1590":"/","1591":"h","1592":"o","1593":"m","1594":"e","1595":"/","1596":"k","1597":"r","1598":"a","1599":"u","1600":"d","1601":"o","1602":"/","1603":"W","1604":"o","1605":"r","1606":"k","1607":"s","1608":"p","1609":"a","1610":"c","1611":"e","1612":"/","1613":"t","1614":"e","1615":"s","1616":"t","1617":"/","1618":"m","1619":"a","1620":"x","1621":"C","1622":"o","1623":"m","1624":"p","1625":"l","1626":"y","1627":"/","1628":"f","1629":"r","1630":"o","1631":"n","1632":"t","1633":"e","1634":"n","1635":"d","1636":"/","1637":"s","1638":"r","1639":"c","1640":"/","1641":"c","1642":"o","1643":"m","1644":"p","1645":"o","1646":"n","1647":"e","1648":"n","1649":"t","1650":"s","1651":"/","1652":"T","1653":"a","1654":"s","1655":"k","1656":"L","1657":"i","1658":"s","1659":"t","1660":"/","1661":"T","1662":"a","1663":"s","1664":"k","1665":"L","1666":"i","1667":"s","1668":"t","1669":".","1670":"v","1671":"u","1672":"e","1673":"\"","1674":",","1675":"\"","1676":"s","1677":"o","1678":"u","1679":"r","1680":"c","1681":"e","1682":"s","1683":"C","1684":"o","1685":"n","1686":"t","1687":"e","1688":"n","1689":"t","1690":"\"","1691":":","1692":"[","1693":"\"","1694":"<","1695":"t","1696":"e","1697":"m","1698":"p","1699":"l","1700":"a","1701":"t","1702":"e","1703":">","1704":"\\","1705":"n","1706":"\\","1707":"t","1708":"<","1709":"d","1710":"i","1711":"v","1712":"\\","1713":"n","1714":"\\","1715":"t","1716":"\\","1717":"t","1718":"c","1719":"l","1720":"a","1721":"s","1722":"s","1723":"N","1724":"a","1725":"m","1726":"e","1727":"=","1728":"\\","1729":"\"","1730":"l","1731":"i","1732":"s","1733":"t","1734":"-","1735":"c","1736":"o","1737":"n","1738":"t","1739":"a","1740":"i","1741":"n","1742":"e","1743":"r","1744":"\\","1745":"\"","1746":"\\","1747":"n","1748":"\\","1749":"t","1750":">","1751":"\\","1752":"n","1753":"\\","1754":"t","1755":"\\","1756":"t","1757":"<","1758":"q","1759":"-","1760":"t","1761":"o","1762":"o","1763":"l","1764":"b","1765":"a","1766":"r","1767":">","1768":"\\","1769":"n","1770":"\\","1771":"t","1772":"\\","1773":"t","1774":"\\","1775":"t","1776":"<","1777":"q","1778":"-","1779":"t","1780":"o","1781":"o","1782":"l","1783":"b","1784":"a","1785":"r","1786":"-","1787":"t","1788":"i","1789":"t","1790":"l","1791":"e","1792":">","1793":"T","1794":"a","1795":"s","1796":"k","1797":" ","1798":"L","1799":"i","1800":"s","1801":"t","1802":"<","1803":"/","1804":"q","1805":"-","1806":"t","1807":"o","1808":"o","1809":"l","1810":"b","1811":"a","1812":"r","1813":"-","1814":"t","1815":"i","1816":"t","1817":"l","1818":"e","1819":">","1820":"\\","1821":"n","1822":"\\","1823":"t","1824":"\\","1825":"t","1826":"<","1827":"/","1828":"q","1829":"-","1830":"t","1831":"o","1832":"o","1833":"l","1834":"b","1835":"a","1836":"r","1837":">","1838":"\\","1839":"n","1840":"\\","1841":"t","1842":"\\","1843":"t","1844":"<","1845":"q","1846":"-","1847":"i","1848":"n","1849":"p","1850":"u","1851":"t","1852":"\\","1853":"n","1854":"\\","1855":"t","1856":"\\","1857":"t","1858":"\\","1859":"t","1860":"v","1861":"-","1862":"m","1863":"o","1864":"d","1865":"e","1866":"l","1867":"=","1868":"\\","1869":"\"","1870":"f","1871":"i","1872":"l","1873":"t","1874":"e","1875":"r","1876":"D","1877":"a","1878":"t","1879":"a","1880":"\\","1881":"\"","1882":"\\","1883":"n","1884":"\\","1885":"t","1886":"\\","1887":"t","1888":"\\","1889":"t","1890":"o","1891":"u","1892":"t","1893":"l","1894":"i","1895":"n","1896":"e","1897":"d","1898":"\\","1899":"n","1900":"\\","1901":"t","1902":"\\","1903":"t","1904":"\\","1905":"t","1906":"l","1907":"a","1908":"b","1909":"e","1910":"l","1911":"=","1912":"\\","1913":"\"","1914":"S","1915":"e","1916":"a","1917":"r","1918":"c","1919":"h","1920":" ","1921":"L","1922":"i","1923":"s","1924":"t","1925":".","1926":".","1927":".","1928":"\\","1929":"\"","1930":"\\","1931":"n","1932":"\\","1933":"t","1934":"\\","1935":"t","1936":"\\","1937":"t","1938":"c","1939":"l","1940":"a","1941":"s","1942":"s","1943":"=","1944":"\\","1945":"\"","1946":"l","1947":"i","1948":"s","1949":"t","1950":"-","1951":"s","1952":"e","1953":"a","1954":"r","1955":"c","1956":"h","1957":"\\","1958":"\"","1959":"\\","1960":"n","1961":"\\","1962":"t","1963":"\\","1964":"t","1965":"\\","1966":"t","1967":"@","1968":"k","1969":"e","1970":"y","1971":"u","1972":"p","1973":"=","1974":"\\","1975":"\"","1976":"c","1977":"h","1978":"a","1979":"n","1980":"g","1981":"e","1982":"F","1983":"i","1984":"l","1985":"t","1986":"e","1987":"r","1988":"\\","1989":"\"","1990":"\\","1991":"n","1992":"\\","1993":"t","1994":"\\","1995":"t","1996":">","1997":"\\","1998":"n","1999":"\\","2000":"t","2001":"\\","2002":"t","2003":"\\","2004":"t","2005":"<","2006":"t","2007":"e","2008":"m","2009":"p","2010":"l","2011":"a","2012":"t","2013":"e","2014":" ","2015":"#","2016":"p","2017":"r","2018":"e","2019":"p","2020":"e","2021":"n","2022":"d","2023":">","2024":"\\","2025":"n","2026":"\\","2027":"t","2028":"\\","2029":"t","2030":"\\","2031":"t","2032":"\\","2033":"t","2034":"<","2035":"q","2036":"-","2037":"i","2038":"c","2039":"o","2040":"n","2041":" ","2042":"n","2043":"a","2044":"m","2045":"e","2046":"=","2047":"\\","2048":"\"","2049":"s","2050":"e","2051":"a","2052":"r","2053":"c","2054":"h","2055":"\\","2056":"\"","2057":" ","2058":"/","2059":">","2060":"\\","2061":"n","2062":"\\","2063":"t","2064":"\\","2065":"t","2066":"\\","2067":"t","2068":"<","2069":"/","2070":"t","2071":"e","2072":"m","2073":"p","2074":"l","2075":"a","2076":"t","2077":"e","2078":">","2079":"\\","2080":"n","2081":"\\","2082":"t","2083":"\\","2084":"t","2085":"<","2086":"/","2087":"q","2088":"-","2089":"i","2090":"n","2091":"p","2092":"u","2093":"t","2094":">","2095":"\\","2096":"n","2097":"\\","2098":"t","2099":"\\","2100":"t","2101":"<","2102":"q","2103":"-","2104":"l","2105":"i","2106":"s","2107":"t","2108":"\\","2109":"n","2110":"\\","2111":"t","2112":"\\","2113":"t","2114":"\\","2115":"t","2116":"b","2117":"o","2118":"r","2119":"d","2120":"e","2121":"r","2122":"e","2123":"d","2124":"\\","2125":"n","2126":"\\","2127":"t","2128":"\\","2129":"t","2130":"\\","2131":"t","2132":"s","2133":"e","2134":"p","2135":"a","2136":"r","2137":"a","2138":"t","2139":"o","2140":"r","2141":"\\","2142":"n","2143":"\\","2144":"t","2145":"\\","2146":"t","2147":">","2148":"\\","2149":"n","2150":"\\","2151":"t","2152":"\\","2153":"t","2154":"\\","2155":"t","2156":"<","2157":"q","2158":"-","2159":"i","2160":"t","2161":"e","2162":"m","2163":"\\","2164":"n","2165":"\\","2166":"t","2167":"\\","2168":"t","2169":"\\","2170":"t","2171":"\\","2172":"t","2173":"v","2174":"-","2175":"f","2176":"o","2177":"r","2178":"=","2179":"\\","2180":"\"","2181":"t","2182":"a","2183":"s","2184":"k","2185":" ","2186":"i","2187":"n","2188":" ","2189":"l","2190":"i","2191":"s","2192":"t","2193":"D","2194":"a","2195":"t","2196":"a","2197":"\\","2198":"\"","2199":"\\","2200":"n","2201":"\\","2202":"t","2203":"\\","2204":"t","2205":"\\","2206":"t","2207":"\\","2208":"t","2209":":","2210":"k","2211":"e","2212":"y","2213":"=","2214":"\\","2215":"\"","2216":"t","2217":"a","2218":"s","2219":"k","2220":".","2221":"i","2222":"d","2223":"\\","2224":"\"","2225":"\\","2226":"n","2227":"\\","2228":"t","2229":"\\","2230":"t","2231":"\\","2232":"t","2233":"\\","2234":"t","2235":"v","2236":"-","2237":"r","2238":"i","2239":"p","2240":"p","2241":"l","2242":"e","2243":"\\","2244":"n","2245":"\\","2246":"t","2247":"\\","2248":"t","2249":"\\","2250":"t","2251":"\\","2252":"t","2253":"o","2254":"u","2255":"t","2256":"l","2257":"i","2258":"n","2259":"e","2260":"d","2261":"\\","2262":"n","2263":"\\","2264":"t","2265":"\\","2266":"t","2267":"\\","2268":"t","2269":"\\","2270":"t","2271":"c","2272":"l","2273":"i","2274":"c","2275":"k","2276":"a","2277":"b","2278":"l","2279":"e","2280":"\\","2281":"n","2282":"\\","2283":"t","2284":"\\","2285":"t","2286":"\\","2287":"t","2288":"\\","2289":"t","2290":"c","2291":"l","2292":"a","2293":"s","2294":"s","2295":"=","2296":"\\","2297":"\"","2298":"l","2299":"i","2300":"s","2301":"t","2302":"-","2303":"i","2304":"t","2305":"e","2306":"m","2307":"\\","2308":"\"","2309":"\\","2310":"n","2311":"\\","2312":"t","2313":"\\","2314":"t","2315":"\\","2316":"t","2317":"\\","2318":"t","2319":"@","2320":"c","2321":"l","2322":"i","2323":"c","2324":"k","2325":"=","2326":"\\","2327":"\"","2328":"s","2329":"e","2330":"l","2331":"e","2332":"c","2333":"t","2334":"T","2335":"a","2336":"s","2337":"k","2338":"(","2339":"t","2340":"a","2341":"s","2342":"k","2343":".","2344":"i","2345":"d","2346":")","2347":"\\","2348":"\"","2349":"\\","2350":"n","2351":"\\","2352":"t","2353":"\\","2354":"t","2355":"\\","2356":"t","2357":">","2358":"\\","2359":"n","2360":"\\","2361":"t","2362":"\\","2363":"t","2364":"\\","2365":"t","2366":"\\","2367":"t","2368":"<","2369":"q","2370":"-","2371":"i","2372":"t","2373":"e","2374":"m","2375":"-","2376":"s","2377":"e","2378":"c","2379":"t","2380":"i","2381":"o","2382":"n","2383":">","2384":"\\","2385":"n","2386":"\\","2387":"t","2388":"\\","2389":"t","2390":"\\","2391":"t","2392":"\\","2393":"t","2394":"\\","2395":"t","2396":"<","2397":"q","2398":"-","2399":"i","2400":"t","2401":"e","2402":"m","2403":"-","2404":"l","2405":"a","2406":"b","2407":"e","2408":"l","2409":" ","2410":"c","2411":"l","2412":"a","2413":"s","2414":"s","2415":"=","2416":"\\","2417":"\"","2418":"l","2419":"i","2420":"s","2421":"t","2422":"-","2423":"i","2424":"t","2425":"e","2426":"m","2427":"-","2428":"t","2429":"i","2430":"t","2431":"l","2432":"e","2433":"\\","2434":"\"","2435":">","2436":"\\","2437":"n","2438":"\\","2439":"t","2440":"\\","2441":"t","2442":"\\","2443":"t","2444":"\\","2445":"t","2446":"\\","2447":"t","2448":"\\","2449":"t","2450":"{","2451":"{","2452":" ","2453":"t","2454":"a","2455":"s","2456":"k","2457":".","2458":"n","2459":"a","2460":"m","2461":"e","2462":" ","2463":"}","2464":"}","2465":"\\","2466":"n","2467":"\\","2468":"t","2469":"\\","2470":"t","2471":"\\","2472":"t","2473":"\\","2474":"t","2475":"\\","2476":"t","2477":"<","2478":"/","2479":"q","2480":"-","2481":"i","2482":"t","2483":"e","2484":"m","2485":"-","2486":"l","2487":"a","2488":"b","2489":"e","2490":"l","2491":">","2492":"\\","2493":"n","2494":"\\","2495":"t","2496":"\\","2497":"t","2498":"\\","2499":"t","2500":"\\","2501":"t","2502":"\\","2503":"t","2504":"<","2505":"q","2506":"-","2507":"i","2508":"t","2509":"e","2510":"m","2511":"-","2512":"l","2513":"a","2514":"b","2515":"e","2516":"l","2517":" ","2518":"c","2519":"a","2520":"p","2521":"t","2522":"i","2523":"o","2524":"n","2525":">","2526":"\\","2527":"n","2528":"\\","2529":"t","2530":"\\","2531":"t","2532":"\\","2533":"t","2534":"\\","2535":"t","2536":"\\","2537":"t","2538":"\\","2539":"t","2540":"{","2541":"{","2542":" ","2543":"t","2544":"a","2545":"s","2546":"k","2547":".","2548":"s","2549":"u","2550":"b","2551":"H","2552":"e","2553":"a","2554":"d","2555":"i","2556":"n","2557":"g","2558":" ","2559":"}","2560":"}","2561":"\\","2562":"n","2563":"\\","2564":"t","2565":"\\","2566":"t","2567":"\\","2568":"t","2569":"\\","2570":"t","2571":"\\","2572":"t","2573":"<","2574":"/","2575":"q","2576":"-","2577":"i","2578":"t","2579":"e","2580":"m","2581":"-","2582":"l","2583":"a","2584":"b","2585":"e","2586":"l","2587":">","2588":"\\","2589":"n","2590":"\\","2591":"t","2592":"\\","2593":"t","2594":"\\","2595":"t","2596":"\\","2597":"t","2598":"<","2599":"/","2600":"q","2601":"-","2602":"i","2603":"t","2604":"e","2605":"m","2606":"-","2607":"s","2608":"e","2609":"c","2610":"t","2611":"i","2612":"o","2613":"n","2614":">","2615":"\\","2616":"n","2617":"\\","2618":"t","2619":"\\","2620":"t","2621":"\\","2622":"t","2623":"<","2624":"/","2625":"q","2626":"-","2627":"i","2628":"t","2629":"e","2630":"m","2631":">","2632":"\\","2633":"n","2634":"\\","2635":"t","2636":"\\","2637":"t","2638":"<","2639":"/","2640":"q","2641":"-","2642":"l","2643":"i","2644":"s","2645":"t","2646":">","2647":"\\","2648":"n","2649":"\\","2650":"t","2651":"<","2652":"/","2653":"d","2654":"i","2655":"v","2656":">","2657":"\\","2658":"n","2659":"<","2660":"/","2661":"t","2662":"e","2663":"m","2664":"p","2665":"l","2666":"a","2667":"t","2668":"e","2669":">","2670":"\\","2671":"n","2672":"\\","2673":"n","2674":"<","2675":"s","2676":"c","2677":"r","2678":"i","2679":"p","2680":"t","2681":" ","2682":"s","2683":"e","2684":"t","2685":"u","2686":"p","2687":">","2688":"\\","2689":"n","2690":"i","2691":"m","2692":"p","2693":"o","2694":"r","2695":"t","2696":" ","2697":"{","2698":" ","2699":"r","2700":"e","2701":"f","2702":",","2703":" ","2704":"o","2705":"n","2706":"M","2707":"o","2708":"u","2709":"n","2710":"t","2711":"e","2712":"d","2713":" ","2714":"}","2715":" ","2716":"f","2717":"r","2718":"o","2719":"m","2720":" ","2721":"'","2722":"v","2723":"u","2724":"e","2725":"'","2726":";","2727":"\\","2728":"n","2729":"i","2730":"m","2731":"p","2732":"o","2733":"r","2734":"t","2735":" ","2736":"{","2737":" ","2738":"u","2739":"s","2740":"e","2741":"T","2742":"a","2743":"s","2744":"k","2745":"S","2746":"t","2747":"o","2748":"r","2749":"e","2750":" ","2751":"}","2752":" ","2753":"f","2754":"r","2755":"o","2756":"m","2757":" ","2758":"'","2759":".","2760":".","2761":"/","2762":".","2763":".","2764":"/","2765":"s","2766":"t","2767":"o","2768":"r","2769":"e","2770":"s","2771":"/","2772":"t","2773":"a","2774":"s","2775":"k","2776":"S","2777":"t","2778":"o","2779":"r","2780":"e","2781":"'","2782":";","2783":"\\","2784":"n","2785":"i","2786":"m","2787":"p","2788":"o","2789":"r","2790":"t","2791":" ","2792":"{","2793":" ","2794":"N","2795":"o","2796":"t","2797":"i","2798":"f","2799":"y","2800":" ","2801":"}","2802":" ","2803":"f","2804":"r","2805":"o","2806":"m","2807":" ","2808":"'","2809":"q","2810":"u","2811":"a","2812":"s","2813":"a","2814":"r","2815":"'","2816":";","2817":"\\","2818":"n","2819":"c","2820":"o","2821":"n","2822":"s","2823":"t","2824":" ","2825":"l","2826":"o","2827":"a","2828":"d","2829":"i","2830":"n","2831":"g","2832":" ","2833":"=","2834":" ","2835":"r","2836":"e","2837":"f","2838":"(","2839":"f","2840":"a","2841":"l","2842":"s","2843":"e","2844":")","2845":";","2846":"\\","2847":"n","2848":"c","2849":"o","2850":"n","2851":"s","2852":"t","2853":" ","2854":"t","2855":"a","2856":"s","2857":"k","2858":"S","2859":"t","2860":"o","2861":"r","2862":"e","2863":" ","2864":"=","2865":" ","2866":"u","2867":"s","2868":"e","2869":"T","2870":"a","2871":"s","2872":"k","2873":"S","2874":"t","2875":"o","2876":"r","2877":"e","2878":"(","2879":")","2880":";","2881":"\\","2882":"n","2883":"c","2884":"o","2885":"n","2886":"s","2887":"t","2888":" ","2889":"f","2890":"i","2891":"l","2892":"t","2893":"e","2894":"r","2895":"D","2896":"a","2897":"t","2898":"a","2899":" ","2900":"=","2901":" ","2902":"r","2903":"e","2904":"f","2905":"(","2906":"'","2907":"'","2908":")","2909":";","2910":"\\","2911":"n","2912":"c","2913":"o","2914":"n","2915":"s","2916":"t","2917":" ","2918":"l","2919":"i","2920":"s","2921":"t","2922":"D","2923":"a","2924":"t","2925":"a","2926":" ","2927":"=","2928":" ","2929":"r","2930":"e","2931":"f","2932":"(","2933":"[","2934":"]","2935":")","2936":";","2937":"\\","2938":"n","2939":"\\","2940":"n","2941":"c","2942":"o","2943":"n","2944":"s","2945":"t","2946":" ","2947":"s","2948":"h","2949":"o","2950":"w","2951":"N","2952":"o","2953":"t","2954":"i","2955":"f","2956":"y","2957":" ","2958":"=","2959":" ","2960":"(","2961":"m","2962":"e","2963":"s","2964":"s","2965":"a","2966":"g","2967":"e","2968":",","2969":" ","2970":"c","2971":"o","2972":"l","2973":"o","2974":"r","2975":",","2976":" ","2977":"l","2978":"o","2979":"a","2980":"d","2981":"i","2982":"n","2983":"g","2984":")","2985":" ","2986":"=","2987":">","2988":" ","2989":"{","2990":"\\","2991":"n","2992":"\\","2993":"t","2994":"N","2995":"o","2996":"t","2997":"i","2998":"f","2999":"y","3000":".","3001":"c","3002":"r","3003":"e","3004":"a","3005":"t","3006":"e","3007":"(","3008":"{","3009":"\\","3010":"n","3011":"\\","3012":"t","3013":"\\","3014":"t","3015":"s","3016":"p","3017":"i","3018":"n","3019":"n","3020":"e","3021":"r","3022":":","3023":" ","3024":"l","3025":"o","3026":"a","3027":"d","3028":"i","3029":"n","3030":"g","3031":",","3032":"\\","3033":"n","3034":"\\","3035":"t","3036":"\\","3037":"t","3038":"m","3039":"e","3040":"s","3041":"s","3042":"a","3043":"g","3044":"e","3045":":","3046":" ","3047":"m","3048":"e","3049":"s","3050":"s","3051":"a","3052":"g","3053":"e","3054":",","3055":"\\","3056":"n","3057":"\\","3058":"t","3059":"\\","3060":"t","3061":"c","3062":"o","3063":"l","3064":"o","3065":"r","3066":":","3067":" ","3068":"c","3069":"o","3070":"l","3071":"o","3072":"r","3073":",","3074":"\\","3075":"n","3076":"\\","3077":"t","3078":"\\","3079":"t","3080":"p","3081":"o","3082":"s","3083":"i","3084":"t","3085":"i","3086":"o","3087":"n","3088":":","3089":" ","3090":"'","3091":"t","3092":"o","3093":"p","3094":"'","3095":",","3096":"\\","3097":"n","3098":"\\","3099":"t","3100":"\\","3101":"t","3102":"t","3103":"i","3104":"m","3105":"e","3106":"o","3107":"u","3108":"t","3109":":","3110":" ","3111":"2","3112":"0","3113":"0","3114":"0","3115":",","3116":"\\","3117":"n","3118":"\\","3119":"t","3120":"}","3121":")","3122":";","3123":"\\","3124":"n","3125":"}","3126":";","3127":"\\","3128":"n","3129":"c","3130":"o","3131":"n","3132":"s","3133":"t","3134":" ","3135":"c","3136":"h","3137":"a","3138":"n","3139":"g","3140":"e","3141":"F","3142":"i","3143":"l","3144":"t","3145":"e","3146":"r","3147":" ","3148":"=","3149":" ","3150":"(","3151":")","3152":" ","3153":"=","3154":">","3155":" ","3156":"{","3157":"\\","3158":"n","3159":"\\","3160":"t","3161":"i","3162":"f","3163":" ","3164":"(","3165":"f","3166":"i","3167":"l","3168":"t","3169":"e","3170":"r","3171":"D","3172":"a","3173":"t","3174":"a","3175":".","3176":"v","3177":"a","3178":"l","3179":"u","3180":"e","3181":")","3182":" ","3183":"{","3184":"\\","3185":"n","3186":"\\","3187":"t","3188":"\\","3189":"t","3190":"l","3191":"i","3192":"s","3193":"t","3194":"D","3195":"a","3196":"t","3197":"a","3198":".","3199":"v","3200":"a","3201":"l","3202":"u","3203":"e","3204":" ","3205":"=","3206":" ","3207":"t","3208":"a","3209":"s","3210":"k","3211":"S","3212":"t","3213":"o","3214":"r","3215":"e","3216":".","3217":"t","3218":"a","3219":"s","3220":"k","3221":"s","3222":".","3223":"f","3224":"i","3225":"l","3226":"t","3227":"e","3228":"r","3229":"(","3230":"t","3231":"a","3232":"s","3233":"k","3234":" ","3235":"=","3236":">","3237":" ","3238":"{","3239":"\\","3240":"n","3241":"\\","3242":"t","3243":"\\","3244":"t","3245":"\\","3246":"t","3247":"r","3248":"e","3249":"t","3250":"u","3251":"r","3252":"n","3253":" ","3254":"t","3255":"a","3256":"s","3257":"k","3258":".","3259":"n","3260":"a","3261":"m","3262":"e","3263":".","3264":"t","3265":"o","3266":"U","3267":"p","3268":"p","3269":"e","3270":"r","3271":"C","3272":"a","3273":"s","3274":"e","3275":"(","3276":")","3277":".","3278":"i","3279":"n","3280":"c","3281":"l","3282":"u","3283":"d","3284":"e","3285":"s","3286":"(","3287":"f","3288":"i","3289":"l","3290":"t","3291":"e","3292":"r","3293":"D","3294":"a","3295":"t","3296":"a","3297":".","3298":"v","3299":"a","3300":"l","3301":"u","3302":"e","3303":".","3304":"t","3305":"o","3306":"U","3307":"p","3308":"p","3309":"e","3310":"r","3311":"C","3312":"a","3313":"s","3314":"e","3315":"(","3316":")","3317":")","3318":";","3319":"\\","3320":"n","3321":"\\","3322":"t","3323":"\\","3324":"t","3325":"}","3326":")","3327":";","3328":"\\","3329":"n","3330":"\\","3331":"t","3332":"}","3333":" ","3334":"e","3335":"l","3336":"s","3337":"e","3338":" ","3339":"{","3340":"\\","3341":"n","3342":"\\","3343":"t","3344":"\\","3345":"t","3346":"l","3347":"i","3348":"s","3349":"t","3350":"D","3351":"a","3352":"t","3353":"a","3354":".","3355":"v","3356":"a","3357":"l","3358":"u","3359":"e","3360":" ","3361":"=","3362":" ","3363":"t","3364":"a","3365":"s","3366":"k","3367":"S","3368":"t","3369":"o","3370":"r","3371":"e","3372":".","3373":"t","3374":"a","3375":"s","3376":"k","3377":"s","3378":";","3379":"\\","3380":"n","3381":"\\","3382":"t","3383":"}","3384":"\\","3385":"n","3386":"}","3387":";","3388":"\\","3389":"n","3390":"c","3391":"o","3392":"n","3393":"s","3394":"t","3395":" ","3396":"s","3397":"e","3398":"l","3399":"e","3400":"c","3401":"t","3402":"T","3403":"a","3404":"s","3405":"k","3406":" ","3407":"=","3408":" ","3409":"(","3410":"t","3411":"a","3412":"s","3413":"k","3414":"I","3415":"d","3416":")","3417":" ","3418":"=","3419":">","3420":" ","3421":"{","3422":"\\","3423":"n","3424":"\\","3425":"t","3426":"l","3427":"o","3428":"a","3429":"d","3430":"i","3431":"n","3432":"g","3433":".","3434":"v","3435":"a","3436":"l","3437":"u","3438":"e","3439":" ","3440":"=","3441":" ","3442":"t","3443":"r","3444":"u","3445":"e","3446":";","3447":"\\","3448":"n","3449":"\\","3450":"t","3451":"s","3452":"h","3453":"o","3454":"w","3455":"N","3456":"o","3457":"t","3458":"i","3459":"f","3460":"y","3461":"(","3462":"'","3463":"L","3464":"o","3465":"a","3466":"d","3467":"i","3468":"n","3469":"g","3470":"'","3471":",","3472":" ","3473":"'","3474":"b","3475":"l","3476":"u","3477":"e","3478":"'","3479":",","3480":" ","3481":"t","3482":"r","3483":"u","3484":"e","3485":")","3486":";","3487":"\\","3488":"n","3489":"\\","3490":"t","3491":"t","3492":"a","3493":"s","3494":"k","3495":"S","3496":"t","3497":"o","3498":"r","3499":"e","3500":".","3501":"f","3502":"e","3503":"t","3504":"c","3505":"h","3506":"T","3507":"a","3508":"s","3509":"k","3510":"B","3511":"y","3512":"I","3513":"d","3514":"(","3515":"t","3516":"a","3517":"s","3518":"k","3519":"I","3520":"d","3521":")","3522":".","3523":"t","3524":"h","3525":"e","3526":"n","3527":"(","3528":"(","3529":")","3530":" ","3531":"=","3532":">","3533":" ","3534":"{","3535":"\\","3536":"n","3537":"\\","3538":"t","3539":"\\","3540":"t","3541":"l","3542":"o","3543":"a","3544":"d","3545":"i","3546":"n","3547":"g","3548":".","3549":"v","3550":"a","3551":"l","3552":"u","3553":"e","3554":" ","3555":"=","3556":" ","3557":"f","3558":"a","3559":"l","3560":"s","3561":"e","3562":";","3563":"\\","3564":"n","3565":"\\","3566":"t","3567":"}","3568":")","3569":";","3570":"\\","3571":"n","3572":"}","3573":";","3574":"\\","3575":"n","3576":"\\","3577":"n","3578":"o","3579":"n","3580":"M","3581":"o","3582":"u","3583":"n","3584":"t","3585":"e","3586":"d","3587":"(","3588":"(","3589":")","3590":" ","3591":"=","3592":">","3593":" ","3594":"{","3595":"\\","3596":"n","3597":"\\","3598":"t","3599":"l","3600":"o","3601":"a","3602":"d","3603":"i","3604":"n","3605":"g","3606":".","3607":"v","3608":"a","3609":"l","3610":"u","3611":"e","3612":" ","3613":"=","3614":" ","3615":"t","3616":"r","3617":"u","3618":"e","3619":";","3620":"\\","3621":"n","3622":"\\","3623":"t","3624":"t","3625":"a","3626":"s","3627":"k","3628":"S","3629":"t","3630":"o","3631":"r","3632":"e","3633":".","3634":"f","3635":"e","3636":"t","3637":"c","3638":"h","3639":"T","3640":"a","3641":"s","3642":"k","3643":"s","3644":"(","3645":")","3646":".","3647":"t","3648":"h","3649":"e","3650":"n","3651":"(","3652":"(","3653":")","3654":" ","3655":"=","3656":">","3657":" ","3658":"{","3659":"\\","3660":"n","3661":"\\","3662":"t","3663":"\\","3664":"t","3665":"i","3666":"f","3667":" ","3668":"(","3669":"t","3670":"a","3671":"s","3672":"k","3673":"S","3674":"t","3675":"o","3676":"r","3677":"e","3678":".","3679":"t","3680":"a","3681":"s","3682":"k","3683":"s","3684":".","3685":"l","3686":"e","3687":"n","3688":"g","3689":"t","3690":"h","3691":" ","3692":">","3693":" ","3694":"0","3695":")","3696":" ","3697":"{","3698":"\\","3699":"n","3700":"\\","3701":"t","3702":"\\","3703":"t","3704":"\\","3705":"t","3706":"l","3707":"i","3708":"s","3709":"t","3710":"D","3711":"a","3712":"t","3713":"a","3714":".","3715":"v","3716":"a","3717":"l","3718":"u","3719":"e","3720":" ","3721":"=","3722":" ","3723":"t","3724":"a","3725":"s","3726":"k","3727":"S","3728":"t","3729":"o","3730":"r","3731":"e","3732":".","3733":"t","3734":"a","3735":"s","3736":"k","3737":"s","3738":";","3739":"\\","3740":"n","3741":"\\","3742":"t","3743":"\\","3744":"t","3745":"\\","3746":"t","3747":"c","3748":"h","3749":"a","3750":"n","3751":"g","3752":"e","3753":"F","3754":"i","3755":"l","3756":"t","3757":"e","3758":"r","3759":"(","3760":")","3761":";","3762":"\\","3763":"n","3764":"\\","3765":"t","3766":"\\","3767":"t","3768":"\\","3769":"t","3770":"s","3771":"e","3772":"l","3773":"e","3774":"c","3775":"t","3776":"T","3777":"a","3778":"s","3779":"k","3780":"(","3781":"t","3782":"a","3783":"s","3784":"k","3785":"S","3786":"t","3787":"o","3788":"r","3789":"e","3790":".","3791":"t","3792":"a","3793":"s","3794":"k","3795":"s","3796":"[","3797":"0","3798":"]","3799":".","3800":"i","3801":"d","3802":")","3803":";","3804":"\\","3805":"n","3806":"\\","3807":"t","3808":"\\","3809":"t","3810":"}","3811":"\\","3812":"n","3813":"\\","3814":"t","3815":"\\","3816":"t","3817":"l","3818":"o","3819":"a","3820":"d","3821":"i","3822":"n","3823":"g","3824":".","3825":"v","3826":"a","3827":"l","3828":"u","3829":"e","3830":" ","3831":"=","3832":" ","3833":"f","3834":"a","3835":"l","3836":"s","3837":"e","3838":";","3839":"\\","3840":"n","3841":"\\","3842":"t","3843":"}","3844":")","3845":";","3846":"\\","3847":"n","3848":"}","3849":")","3850":";","3851":"\\","3852":"n","3853":"<","3854":"/","3855":"s","3856":"c","3857":"r","3858":"i","3859":"p","3860":"t","3861":">","3862":"\\","3863":"n","3864":"\\","3865":"n","3866":"<","3867":"s","3868":"t","3869":"y","3870":"l","3871":"e","3872":" ","3873":"s","3874":"c","3875":"o","3876":"p","3877":"e","3878":" ","3879":"l","3880":"a","3881":"n","3882":"g","3883":"=","3884":"\\","3885":"\"","3886":"s","3887":"c","3888":"s","3889":"s","3890":"\\","3891":"\"","3892":">","3893":"\\","3894":"n","3895":"@","3896":"i","3897":"m","3898":"p","3899":"o","3900":"r","3901":"t","3902":" ","3903":"'","3904":".","3905":".","3906":"/","3907":".","3908":".","3909":"/","3910":"c","3911":"s","3912":"s","3913":"/","3914":"a","3915":"p","3916":"p","3917":".","3918":"s","3919":"c","3920":"s","3921":"s","3922":"'","3923":";","3924":"\\","3925":"n","3926":"<","3927":"/","3928":"s","3929":"t","3930":"y","3931":"l","3932":"e","3933":">","3934":"\"","3935":"]","3936":"}"},"_coverageSchema":"1a1c01bbd47fc00a2c39e90264f33305004495a9","hash":"86e69bd565628fd7b0d0682af9be921a1477e23d"}
,"/home/kraudo/Workspace/test/maxComply/frontend/src/components/TaslDetails/TaskDetails.vue": {"path":"/home/kraudo/Workspace/test/maxComply/frontend/src/components/TaslDetails/TaskDetails.vue","statementMap":{"0":{"start":{"line":4,"column":0},"end":{"line":6,"column":3}},"1":{"start":{"line":7,"column":0},"end":{"line":7,"column":25}},"2":{"start":{"line":8,"column":0},"end":{"line":8,"column":44}},"3":{"start":{"line":152,"column":0},"end":{"line":154,"column":3}},"4":{"start":{"line":155,"column":0},"end":{"line":155,"column":24}},"5":{"start":{"line":156,"column":11},"end":{"line":156,"column":25}},"6":{"start":{"line":157,"column":19},"end":{"line":160,"column":1}},"7":{"start":{"line":161,"column":19},"end":{"line":163,"column":1}},"8":{"start":{"line":164,"column":19},"end":{"line":166,"column":1}},"9":{"start":{"line":167,"column":19},"end":{"line":170,"column":1}},"10":{"start":{"line":171,"column":19},"end":{"line":174,"column":1}},"11":{"start":{"line":175,"column":19},"end":{"line":178,"column":1}},"12":{"start":{"line":179,"column":19},"end":{"line":182,"column":1}},"13":{"start":{"line":183,"column":19},"end":{"line":186,"column":1}},"14":{"start":{"line":187,"column":19},"end":{"line":189,"column":1}},"15":{"start":{"line":190,"column":20},"end":{"line":190,"column":109}},"16":{"start":{"line":191,"column":20},"end":{"line":193,"column":1}},"17":{"start":{"line":194,"column":33},"end":{"line":194,"column":111}},"18":{"start":{"line":195,"column":20},"end":{"line":195,"column":33}},"19":{"start":{"line":197,"column":29},"end":{"line":197,"column":66}},"20":{"start":{"line":198,"column":30},"end":{"line":198,"column":68}},"21":{"start":{"line":199,"column":32},"end":{"line":199,"column":72}},"22":{"start":{"line":200,"column":27},"end":{"line":200,"column":62}},"23":{"start":{"line":201,"column":28},"end":{"line":201,"column":64}},"24":{"start":{"line":202,"column":2},"end":{"line":255,"column":150}},"25":{"start":{"line":205,"column":37},"end":{"line":253,"column":7}},"26":{"start":{"line":206,"column":6},"end":{"line":248,"column":144}},"27":{"start":{"line":210,"column":41},"end":{"line":210,"column":75}},"28":{"start":{"line":220,"column":41},"end":{"line":220,"column":75}},"29":{"start":{"line":229,"column":41},"end":{"line":229,"column":75}},"30":{"start":{"line":238,"column":41},"end":{"line":238,"column":75}},"31":{"start":{"line":256,"column":2},"end":{"line":256,"column":49}}},"fnMap":{"0":{"name":"render","decl":{"start":{"line":196,"column":9},"end":{"line":196,"column":15}},"loc":{"start":{"line":196,"column":63},"end":{"line":256,"column":1}},"line":196},"1":{"name":"(anonymous_1)","decl":{"start":{"line":205,"column":31},"end":{"line":205,"column":32}},"loc":{"start":{"line":205,"column":37},"end":{"line":253,"column":7}},"line":205},"2":{"name":"(anonymous_2)","decl":{"start":{"line":205,"column":165},"end":{"line":205,"column":166}},"loc":{"start":{"line":205,"column":174},"end":{"line":249,"column":5}},"line":205},"3":{"name":"(anonymous_3)","decl":{"start":{"line":210,"column":31},"end":{"line":210,"column":32}},"loc":{"start":{"line":210,"column":41},"end":{"line":210,"column":75}},"line":210},"4":{"name":"(anonymous_4)","decl":{"start":{"line":220,"column":31},"end":{"line":220,"column":32}},"loc":{"start":{"line":220,"column":41},"end":{"line":220,"column":75}},"line":220},"5":{"name":"(anonymous_5)","decl":{"start":{"line":229,"column":31},"end":{"line":229,"column":32}},"loc":{"start":{"line":229,"column":41},"end":{"line":229,"column":75}},"line":229},"6":{"name":"(anonymous_6)","decl":{"start":{"line":238,"column":31},"end":{"line":238,"column":32}},"loc":{"start":{"line":238,"column":41},"end":{"line":238,"column":75}},"line":238}},"branchMap":{"0":{"loc":{"start":{"line":202,"column":9},"end":{"line":255,"column":149}},"type":"cond-expr","locations":[{"start":{"line":202,"column":32},"end":{"line":255,"column":54}},{"start":{"line":255,"column":59},"end":{"line":255,"column":148}}],"line":202},"1":{"loc":{"start":{"line":202,"column":219},"end":{"line":255,"column":52}},"type":"cond-expr","locations":[{"start":{"line":202,"column":249},"end":{"line":255,"column":6}},{"start":{"line":255,"column":10},"end":{"line":255,"column":52}}],"line":202},"2":{"loc":{"start":{"line":208,"column":53},"end":{"line":248,"column":139}},"type":"cond-expr","locations":[{"start":{"line":208,"column":83},"end":{"line":208,"column":252}},{"start":{"line":208,"column":256},"end":{"line":248,"column":139}}],"line":208},"3":{"loc":{"start":{"line":208,"column":256},"end":{"line":248,"column":139}},"type":"cond-expr","locations":[{"start":{"line":208,"column":286},"end":{"line":218,"column":136}},{"start":{"line":218,"column":140},"end":{"line":248,"column":139}}],"line":208},"4":{"loc":{"start":{"line":214,"column":22},"end":{"line":214,"column":68}},"type":"cond-expr","locations":[{"start":{"line":214,"column":41},"end":{"line":214,"column":61}},{"start":{"line":214,"column":64},"end":{"line":214,"column":68}}],"line":214},"5":{"loc":{"start":{"line":215,"column":17},"end":{"line":215,"column":72}},"type":"cond-expr","locations":[{"start":{"line":215,"column":60},"end":{"line":215,"column":64}},{"start":{"line":215,"column":67},"end":{"line":215,"column":72}}],"line":215},"6":{"loc":{"start":{"line":215,"column":17},"end":{"line":215,"column":57}},"type":"binary-expr","locations":[{"start":{"line":215,"column":17},"end":{"line":215,"column":33}},{"start":{"line":215,"column":37},"end":{"line":215,"column":57}}],"line":215},"7":{"loc":{"start":{"line":218,"column":140},"end":{"line":248,"column":139}},"type":"cond-expr","locations":[{"start":{"line":218,"column":172},"end":{"line":227,"column":122}},{"start":{"line":227,"column":126},"end":{"line":248,"column":139}}],"line":218},"8":{"loc":{"start":{"line":227,"column":126},"end":{"line":248,"column":139}},"type":"cond-expr","locations":[{"start":{"line":227,"column":160},"end":{"line":237,"column":111}},{"start":{"line":237,"column":115},"end":{"line":248,"column":139}}],"line":227},"9":{"loc":{"start":{"line":237,"column":115},"end":{"line":248,"column":139}},"type":"cond-expr","locations":[{"start":{"line":237,"column":149},"end":{"line":248,"column":93}},{"start":{"line":248,"column":97},"end":{"line":248,"column":139}}],"line":237},"10":{"loc":{"start":{"line":243,"column":22},"end":{"line":243,"column":68}},"type":"cond-expr","locations":[{"start":{"line":243,"column":41},"end":{"line":243,"column":61}},{"start":{"line":243,"column":64},"end":{"line":243,"column":68}}],"line":243},"11":{"loc":{"start":{"line":244,"column":17},"end":{"line":244,"column":72}},"type":"cond-expr","locations":[{"start":{"line":244,"column":60},"end":{"line":244,"column":64}},{"start":{"line":244,"column":67},"end":{"line":244,"column":72}}],"line":244},"12":{"loc":{"start":{"line":244,"column":17},"end":{"line":244,"column":57}},"type":"binary-expr","locations":[{"start":{"line":244,"column":17},"end":{"line":244,"column":33}},{"start":{"line":244,"column":37},"end":{"line":244,"column":57}}],"line":244}},"s":{"0":1,"1":1,"2":1,"3":1,"4":1,"5":1,"6":1,"7":1,"8":1,"9":1,"10":1,"11":1,"12":1,"13":1,"14":1,"15":1,"16":1,"17":1,"18":1,"19":3,"20":3,"21":3,"22":3,"23":3,"24":3,"25":2,"26":0,"27":0,"28":0,"29":0,"30":0,"31":1},"f":{"0":3,"1":2,"2":0,"3":0,"4":0,"5":0,"6":0},"b":{"0":[3,0],"1":[2,1],"2":[0,0],"3":[0,0],"4":[0,0],"5":[0,0],"6":[0,0],"7":[0,0],"8":[0,0],"9":[0,0],"10":[0,0],"11":[0,0],"12":[0,0]},"inputSourceMap":{"0":"{","1":"\"","2":"v","3":"e","4":"r","5":"s","6":"i","7":"o","8":"n","9":"\"","10":":","11":"3","12":",","13":"\"","14":"s","15":"o","16":"u","17":"r","18":"c","19":"e","20":"s","21":"\"","22":":","23":"[","24":"\"","25":"/","26":"h","27":"o","28":"m","29":"e","30":"/","31":"k","32":"r","33":"a","34":"u","35":"d","36":"o","37":"/","38":"W","39":"o","40":"r","41":"k","42":"s","43":"p","44":"a","45":"c","46":"e","47":"/","48":"t","49":"e","50":"s","51":"t","52":"/","53":"m","54":"a","55":"x","56":"C","57":"o","58":"m","59":"p","60":"l","61":"y","62":"/","63":"f","64":"r","65":"o","66":"n","67":"t","68":"e","69":"n","70":"d","71":"/","72":"s","73":"r","74":"c","75":"/","76":"c","77":"o","78":"m","79":"p","80":"o","81":"n","82":"e","83":"n","84":"t","85":"s","86":"/","87":"T","88":"a","89":"s","90":"l","91":"D","92":"e","93":"t","94":"a","95":"i","96":"l","97":"s","98":"/","99":"T","100":"a","101":"s","102":"k","103":"D","104":"e","105":"t","106":"a","107":"i","108":"l","109":"s","110":".","111":"v","112":"u","113":"e","114":"\"","115":"]","116":",","117":"\"","118":"n","119":"a","120":"m","121":"e","122":"s","123":"\"","124":":","125":"[","126":"]","127":",","128":"\"","129":"m","130":"a","131":"p","132":"p","133":"i","134":"n","135":"g","136":"s","137":"\"","138":":","139":"\"","140":";","141":";","142":";","143":";","144":";","145":";","146":";","147":";","148":"A","149":"A","150":"m","151":"G","152":"A","153":";","154":"A","155":"A","156":"A","157":"A","158":";","159":"A","160":"A","161":"A","162":"A","163":";","164":"A","165":"A","166":"C","167":"A","168":";","169":"A","170":"A","171":"A","172":"A","173":";","174":"A","175":"A","176":"A","177":"A","178":";","179":"A","180":"A","181":"C","182":"A","183":";","184":"A","185":"A","186":"A","187":"A","188":";","189":"A","190":"A","191":"A","192":"A","193":";","194":"A","195":"A","196":"A","197":"g","198":"C","199":";","200":"A","201":"A","202":"A","203":"A","204":";","205":";","206":";","207":";","208":";","209":";","210":";","211":";","212":";","213":";","214":"I","215":"A","216":"E","217":"h","218":"C","219":",","220":"M","221":"A","222":"A","223":"M","224":",","225":"Q","226":"A","227":"A","228":"Q","229":";","230":"I","231":"A","232":"A","233":"G","234":";","235":"I","236":"A","237":"A","238":"A","239":";","240":"I","241":"A","242":"A","243":"A","244":";","245":"I","246":"A","247":"A","248":"A","249":";","250":"I","251":"A","252":"A","253":"A","254":";","255":"I","256":"A","257":"A","258":"A","259":",","260":"G","261":"A","262":"A","263":"G","264":",","265":"E","266":"A","267":"A","268":"C","269":",","270":"C","271":"A","272":"A","273":"C","274":",","275":"C","276":"A","277":"A","278":"C","279":",","280":"C","281":"A","282":"A","283":"C","284":";","285":"I","286":"A","287":"C","288":"x","289":"B","290":",","291":"M","292":"A","293":"A","294":"M","295":",","296":"Y","297":"A","298":"A","299":"Y","300":";","301":"I","302":"A","303":"A","304":"G","305":";","306":"I","307":"A","308":"A","309":"A","310":";","311":"I","312":"A","313":"A","314":"A","315":";","316":"I","317":"A","318":"A","319":"A","320":";","321":"I","322":"A","323":"A","324":"A","325":";","326":"I","327":"A","328":"A","329":"A","330":",","331":"G","332":"A","333":"A","334":"G","335":",","336":"E","337":"A","338":"A","339":"C","340":",","341":"I","342":"A","343":"A","344":"I","345":",","346":"C","347":"A","348":"A","349":"C","350":";","351":"I","352":"A","353":"C","354":"9","355":"B","356":",","357":"M","358":"A","359":"A","360":"M","361":",","362":"S","363":"A","364":"A","365":"S","366":";","367":"I","368":"A","369":"A","370":"G","371":";","372":"I","373":"A","374":"A","375":"A","376":";","377":"I","378":"A","379":"A","380":"A","381":";","382":"I","383":"A","384":"A","385":"A","386":";","387":"I","388":"A","389":"A","390":"A","391":";","392":"I","393":"A","394":"A","395":"A","396":",","397":"Y","398":"A","399":"A","400":"Y","401":",","402":"E","403":"A","404":"A","405":"C","406":",","407":"C","408":"A","409":"A","410":"C","411":";","412":"I","413":"A","414":"C","415":"h","416":"C","417":",","418":"M","419":"A","420":"A","421":"M","422":",","423":"U","424":"A","425":"A","426":"U","427":";","428":"I","429":"A","430":"A","431":"G","432":";","433":"I","434":"A","435":"A","436":"A","437":";","438":"I","439":"A","440":"A","441":"A","442":";","443":"I","444":"A","445":"A","446":"A","447":";","448":"I","449":"A","450":"A","451":"A","452":";","453":"I","454":"A","455":"A","456":"A","457":",","458":"G","459":"A","460":"A","461":"G","462":",","463":"E","464":"A","465":"A","466":"C","467":",","468":"I","469":"A","470":"A","471":"I","472":",","473":"C","474":"A","475":"A","476":"C","477":";","478":"I","479":"A","480":"E","481":"5","482":"B","483":",","484":"M","485":"A","486":"A","487":"M","488":",","489":"U","490":"A","491":"A","492":"U","493":",","494":"G","495":"A","496":"A","497":"G","498":",","499":"C","500":"A","501":"A","502":"C","503":",","504":"O","505":"A","506":"A","507":"O","508":",","509":"E","510":"A","511":"A","512":"E","513":",","514":"K","515":"A","516":"A","517":"K","518":",","519":"K","520":"A","521":"A","522":"K","523":";","524":"M","525":"A","526":"C","527":"t","528":"C","529":";","530":"M","531":"A","532":"A","533":"A","534":";","535":"M","536":"A","537":"A","538":"A","539":";","540":"M","541":"A","542":"A","543":"A","544":",","545":"M","546":"A","547":"A","548":"M","549":",","550":"C","551":"A","552":"A","553":"C","554":",","555":"M","556":"A","557":"A","558":"M","559":",","560":"C","561":"A","562":"A","563":"C","564":";","565":"Q","566":"A","567":"C","568":"b","569":",","570":"O","571":"A","572":"A","573":"O","574":",","575":"E","576":"A","577":"A","578":"E","579":",","580":"O","581":"A","582":"A","583":"O","584":";","585":"Q","586":"A","587":"C","588":"h","589":"B","590":",","591":"K","592":"A","593":"A","594":"K","595":",","596":"E","597":"A","598":"A","599":"E","600":",","601":"K","602":"A","603":"A","604":"K","605":";","606":"Q","607":"A","608":"C","609":"Z","610":",","611":"Q","612":"A","613":"A","614":"Q","615":",","616":"E","617":"A","618":"A","619":"E","620":",","621":"K","622":"A","623":"A","624":"K","625":";","626":"Q","627":"A","628":"C","629":"f","630":",","631":"O","632":"A","633":"A","634":"O","635":",","636":"E","637":"A","638":"A","639":"E","640":";","641":"M","642":"A","643":"C","644":"V","645":",","646":"C","647":"A","648":"A","649":"C","650":",","651":"C","652":"A","653":"A","654":"C","655":";","656":"I","657":"A","658":"C","659":"H","660":",","661":"C","662":"A","663":"A","664":"C","665":";","666":"I","667":"A","668":"E","669":"D","670":",","671":"M","672":"A","673":"A","674":"M","675":",","676":"k","677":"B","678":"A","679":"A","680":"k","681":"B","682":",","683":"G","684":"A","685":"A","686":"I","687":",","688":"K","689":"A","690":"A","691":"K","692":",","693":"I","694":"A","695":"A","696":"K","697":";","698":"M","699":"A","700":"C","701":"r","702":"C","703":",","704":"M","705":"A","706":"A","707":"M","708":",","709":"K","710":"A","711":"A","712":"K","713":",","714":"G","715":"A","716":"A","717":"G","718":",","719":"E","720":"A","721":"A","722":"E","723":";","724":"M","725":"A","726":"C","727":"h","728":"B","729":",","730":"I","731":"A","732":"A","733":"I","734":",","735":"K","736":"A","737":"A","738":"K","739":",","740":"C","741":"A","742":"A","743":"C","744":",","745":"U","746":"A","747":"A","748":"U","749":",","750":"E","751":"A","752":"A","753":"E","754":";","755":"Q","756":"A","757":"C","758":"r","759":"B","760":",","761":"I","762":"A","763":"A","764":"I","765":",","766":"K","767":"A","768":"A","769":"K","770":",","771":"C","772":"A","773":"A","774":"C","775":",","776":"U","777":"A","778":"A","779":"U","780":",","781":"C","782":"A","783":"A","784":"C","785":",","786":"G","787":"A","788":"A","789":"G","790":",","791":"E","792":"A","793":"A","794":"E","795":";","796":"U","797":"A","798":"C","799":"z","800":"B","801":",","802":"K","803":"A","804":"A","805":"K","806":",","807":"C","808":"A","809":"A","810":"C","811":",","812":"I","813":"A","814":"A","815":"I","816":",","817":"C","818":"A","819":"A","820":"C","821":",","822":"G","823":"A","824":"A","825":"G","826":",","827":"I","828":"A","829":"A","830":"I","831":",","832":"G","833":"A","834":"A","835":"G","836":",","837":"I","838":"A","839":"A","840":"I","841":",","842":"G","843":"A","844":"A","845":"G","846":",","847":"C","848":"A","849":"A","850":"C","851":",","852":"M","853":"A","854":"A","855":"M","856":",","857":"I","858":"A","859":"A","860":"I","861":",","862":"K","863":"A","864":"A","865":"K","866":",","867":"C","868":"A","869":"A","870":"C","871":",","872":"U","873":"A","874":"A","875":"U","876":",","877":"C","878":"A","879":"A","880":"C","881":",","882":"G","883":"A","884":"A","885":"G","886":",","887":"I","888":"A","889":"A","890":"K","891":",","892":"i","893":"B","894":"A","895":"A","896":"g","897":"B","898":",","899":"K","900":"A","901":"A","902":"K","903":",","904":"C","905":"A","906":"A","907":"C","908":",","909":"U","910":"A","911":"A","912":"U","913":",","914":"C","915":"A","916":"A","917":"C","918":",","919":"G","920":"A","921":"A","922":"I","923":",","924":"E","925":"A","926":"A","927":"C","928":",","929":"C","930":"A","931":"A","932":"C","933":";","934":"Q","935":"A","936":"C","937":"x","938":"G","939":";","940":"Q","941":"A","942":"C","943":"A","944":",","945":"I","946":"A","947":"A","948":"I","949":",","950":"K","951":"A","952":"A","953":"K","954":",","955":"C","956":"A","957":"A","958":"C","959":",","960":"U","961":"A","962":"A","963":"U","964":",","965":"C","966":"A","967":"A","968":"C","969":",","970":"G","971":"A","972":"A","973":"G","974":",","975":"E","976":"A","977":"A","978":"E","979":";","980":"U","981":"A","982":"C","983":"z","984":"B","985":",","986":"K","987":"A","988":"A","989":"K","990":",","991":"C","992":"A","993":"A","994":"C","995":",","996":"I","997":"A","998":"A","999":"I","1000":",","1001":"C","1002":"A","1003":"A","1004":"C","1005":",","1006":"G","1007":"A","1008":"A","1009":"G","1010":",","1011":"I","1012":"A","1013":"A","1014":"I","1015":",","1016":"G","1017":"A","1018":"A","1019":"G","1020":",","1021":"I","1022":"A","1023":"A","1024":"I","1025":",","1026":"G","1027":"A","1028":"A","1029":"G","1030":",","1031":"C","1032":"A","1033":"A","1034":"C","1035":",","1036":"M","1037":"A","1038":"A","1039":"M","1040":",","1041":"I","1042":"A","1043":"A","1044":"I","1045":",","1046":"K","1047":"A","1048":"A","1049":"K","1050":",","1051":"C","1052":"A","1053":"A","1054":"C","1055":",","1056":"U","1057":"A","1058":"A","1059":"U","1060":",","1061":"C","1062":"A","1063":"A","1064":"C","1065":",","1066":"G","1067":"A","1068":"A","1069":"G","1070":",","1071":"I","1072":"A","1073":"A","1074":"K","1075":",","1076":"i","1077":"B","1078":"A","1079":"A","1080":"g","1081":"B","1082":",","1083":"K","1084":"A","1085":"A","1086":"K","1087":",","1088":"C","1089":"A","1090":"A","1091":"C","1092":",","1093":"U","1094":"A","1095":"A","1096":"U","1097":",","1098":"C","1099":"A","1100":"A","1101":"C","1102":",","1103":"G","1104":"A","1105":"A","1106":"I","1107":",","1108":"E","1109":"A","1110":"A","1111":"C","1112":",","1113":"C","1114":"A","1115":"A","1116":"C","1117":";","1118":"Q","1119":"A","1120":"C","1121":"x","1122":"G","1123":";","1124":"M","1125":"A","1126":"C","1127":"D","1128":";","1129":"M","1130":"A","1131":"C","1132":"A","1133":",","1134":"O","1135":"A","1136":"A","1137":"O","1138":",","1139":"K","1140":"A","1141":"A","1142":"K","1143":";","1144":"I","1145":"A","1146":"C","1147":"b","1148":",","1149":"C","1150":"A","1151":"A","1152":"C","1153":";","1154":"I","1155":"A","1156":"C","1157":"D","1158":",","1159":"M","1160":"A","1161":"A","1162":"M","1163":",","1164":"U","1165":"A","1166":"A","1167":"U","1168":",","1169":"G","1170":"A","1171":"A","1172":"I","1173":",","1174":"I","1175":"A","1176":"A","1177":"I","1178":",","1179":"I","1180":"A","1181":"A","1182":"K","1183":";","1184":"M","1185":"A","1186":"C","1187":"5","1188":"B","1189":",","1190":"O","1191":"A","1192":"A","1193":"O","1194":";","1195":"Q","1196":"A","1197":"C","1198":"N","1199":",","1200":"E","1201":"A","1202":"A","1203":"E","1204":",","1205":"E","1206":"A","1207":"A","1208":"E","1209":",","1210":"I","1211":"A","1212":"A","1213":"I","1214":",","1215":"C","1216":"A","1217":"A","1218":"C","1219":",","1220":"E","1221":"A","1222":"A","1223":"E","1224":",","1225":"I","1226":"A","1227":"A","1228":"I","1229":",","1230":"E","1231":"A","1232":"A","1233":"E","1234":";","1235":"Q","1236":"A","1237":"C","1238":"j","1239":"B","1240":",","1241":"E","1242":"A","1243":"A","1244":"E","1245":",","1246":"E","1247":"A","1248":"A","1249":"E","1250":",","1251":"I","1252":"A","1253":"A","1254":"I","1255":",","1256":"C","1257":"A","1258":"A","1259":"C","1260":",","1261":"E","1262":"A","1263":"A","1264":"E","1265":",","1266":"I","1267":"A","1268":"A","1269":"I","1270":",","1271":"E","1272":"A","1273":"A","1274":"E","1275":";","1276":"Q","1277":"A","1278":"C","1279":"j","1280":"B","1281":",","1282":"E","1283":"A","1284":"A","1285":"E","1286":",","1287":"E","1288":"A","1289":"A","1290":"E","1291":",","1292":"I","1293":"A","1294":"A","1295":"I","1296":",","1297":"C","1298":"A","1299":"A","1300":"C","1301":",","1302":"E","1303":"A","1304":"A","1305":"E","1306":",","1307":"I","1308":"A","1309":"A","1310":"I","1311":",","1312":"E","1313":"A","1314":"A","1315":"E","1316":";","1317":"Q","1318":"A","1319":"C","1320":"j","1321":"B","1322":",","1323":"E","1324":"A","1325":"A","1326":"E","1327":",","1328":"E","1329":"A","1330":"A","1331":"E","1332":",","1333":"I","1334":"A","1335":"A","1336":"I","1337":",","1338":"C","1339":"A","1340":"A","1341":"C","1342":",","1343":"E","1344":"A","1345":"A","1346":"E","1347":",","1348":"I","1349":"A","1350":"A","1351":"I","1352":";","1353":"M","1354":"A","1355":"C","1356":"h","1357":"B","1358":",","1359":"C","1360":"A","1361":"A","1362":"C","1363":";","1364":"I","1365":"A","1366":"C","1367":"F","1368":",","1369":"C","1370":"A","1371":"A","1372":"C","1373":";","1374":"I","1375":"A","1376":"C","1377":"D","1378":",","1379":"M","1380":"A","1381":"A","1382":"M","1383":",","1384":"U","1385":"A","1386":"A","1387":"U","1388":",","1389":"G","1390":"A","1391":"A","1392":"G","1393":",","1394":"Y","1395":"A","1396":"A","1397":"Y","1398":";","1399":"M","1400":"A","1401":"C","1402":"9","1403":"B","1404":",","1405":"M","1406":"A","1407":"A","1408":"M","1409":",","1410":"M","1411":"A","1412":"A","1413":"M","1414":",","1415":"G","1416":"A","1417":"A","1418":"G","1419":",","1420":"Y","1421":"A","1422":"A","1423":"Y","1424":",","1425":"C","1426":"A","1427":"A","1428":"C","1429":",","1430":"K","1431":"A","1432":"A","1433":"K","1434":",","1435":"C","1436":"A","1437":"A","1438":"C","1439":",","1440":"E","1441":"A","1442":"A","1443":"E","1444":";","1445":"M","1446":"A","1447":"E","1448":"p","1449":"C","1450":",","1451":"I","1452":"A","1453":"A","1454":"I","1455":";","1456":"Q","1457":"A","1458":"C","1459":"H","1460":",","1461":"M","1462":"A","1463":"A","1464":"M","1465":",","1466":"S","1467":"A","1468":"A","1469":"S","1470":",","1471":"C","1472":"A","1473":"A","1474":"C","1475":",","1476":"c","1477":"A","1478":"A","1479":"c","1480":",","1481":"C","1482":"A","1483":"A","1484":"C","1485":",","1486":"M","1487":"A","1488":"A","1489":"M","1490":",","1491":"E","1492":"A","1493":"A","1494":"E","1495":",","1496":"Q","1497":"A","1498":"A","1499":"Q","1500":",","1501":"C","1502":"A","1503":"A","1504":"C","1505":",","1506":"K","1507":"A","1508":"A","1509":"K","1510":",","1511":"C","1512":"A","1513":"A","1514":"C","1515":";","1516":"Q","1517":"A","1518":"C","1519":"t","1520":"D","1521":",","1522":"U","1523":"A","1524":"A","1525":"U","1526":",","1527":"C","1528":"A","1529":"A","1530":"C","1531":",","1532":"8","1533":"B","1534":"A","1535":"A","1536":"8","1537":"B","1538":",","1539":"E","1540":"A","1541":"A","1542":"E","1543":",","1544":"O","1545":"A","1546":"A","1547":"O","1548":",","1549":"C","1550":"A","1551":"A","1552":"C","1553":";","1554":"M","1555":"A","1556":"C","1557":"p","1558":"D","1559":",","1560":"C","1561":"A","1562":"A","1563":"C","1564":",","1565":"C","1566":"A","1567":"A","1568":"C","1569":",","1570":"O","1571":"A","1572":"A","1573":"O","1574":",","1575":"K","1576":"A","1577":"A","1578":"K","1579":",","1580":"E","1581":"A","1582":"A","1583":"E","1584":";","1585":"Q","1586":"A","1587":"C","1588":"f","1589":",","1590":"U","1591":"A","1592":"A","1593":"U","1594":",","1595":"C","1596":"A","1597":"A","1598":"C","1599":",","1600":"6","1601":"B","1602":"A","1603":"A","1604":"6","1605":"B","1606":",","1607":"E","1608":"A","1609":"A","1610":"E","1611":",","1612":"K","1613":"A","1614":"A","1615":"K","1616":",","1617":"C","1618":"A","1619":"A","1620":"C","1621":";","1622":"M","1623":"A","1624":"C","1625":"j","1626":"D","1627":",","1628":"C","1629":"A","1630":"A","1631":"C","1632":",","1633":"S","1634":"A","1635":"A","1636":"S","1637":";","1638":"Q","1639":"A","1640":"C","1641":"T","1642":",","1643":"U","1644":"A","1645":"A","1646":"U","1647":",","1648":"C","1649":"A","1650":"A","1651":"C","1652":",","1653":"K","1654":"A","1655":"A","1656":"K","1657":",","1658":"G","1659":"A","1660":"A","1661":"G","1662":",","1663":"K","1664":"A","1665":"A","1666":"K","1667":";","1668":"M","1669":"A","1670":"C","1671":"z","1672":"B","1673":";","1674":"I","1675":"A","1676":"C","1677":"D","1678":",","1679":"C","1680":"A","1681":"A","1682":"C","1683":";","1684":"I","1685":"A","1686":"C","1687":"D","1688":";","1689":"I","1690":"A","1691":"A","1692":"A","1693":";","1694":"I","1695":"A","1696":"A","1697":"A","1698":";","1699":"I","1700":"A","1701":"A","1702":"A","1703":";","1704":"I","1705":"A","1706":"A","1707":"A","1708":";","1709":"I","1710":"A","1711":"A","1712":"A","1713":",","1714":"W","1715":"A","1716":"A","1717":"W","1718":",","1719":"E","1720":"A","1721":"A","1722":"C","1723":",","1724":"M","1725":"A","1726":"A","1727":"M","1728":";","1729":"M","1730":"A","1731":"C","1732":"j","1733":"B","1734":",","1735":"Y","1736":"A","1737":"A","1738":"Y","1739":",","1740":"C","1741":"A","1742":"A","1743":"C","1744":",","1745":"K","1746":"A","1747":"A","1748":"K","1749":",","1750":"G","1751":"A","1752":"A","1753":"G","1754":",","1755":"S","1756":"A","1757":"A","1758":"S","1759":",","1760":"C","1761":"A","1762":"A","1763":"C","1764":",","1765":"Y","1766":"A","1767":"A","1768":"Y","1769":";","1770":"I","1771":"A","1772":"C","1773":"5","1774":"C","1775":",","1776":"C","1777":"A","1778":"A","1779":"C","1780":",","1781":"C","1782":"A","1783":"A","1784":"C","1785":"\"","1786":",","1787":"\"","1788":"f","1789":"i","1790":"l","1791":"e","1792":"\"","1793":":","1794":"\"","1795":"/","1796":"h","1797":"o","1798":"m","1799":"e","1800":"/","1801":"k","1802":"r","1803":"a","1804":"u","1805":"d","1806":"o","1807":"/","1808":"W","1809":"o","1810":"r","1811":"k","1812":"s","1813":"p","1814":"a","1815":"c","1816":"e","1817":"/","1818":"t","1819":"e","1820":"s","1821":"t","1822":"/","1823":"m","1824":"a","1825":"x","1826":"C","1827":"o","1828":"m","1829":"p","1830":"l","1831":"y","1832":"/","1833":"f","1834":"r","1835":"o","1836":"n","1837":"t","1838":"e","1839":"n","1840":"d","1841":"/","1842":"s","1843":"r","1844":"c","1845":"/","1846":"c","1847":"o","1848":"m","1849":"p","1850":"o","1851":"n","1852":"e","1853":"n","1854":"t","1855":"s","1856":"/","1857":"T","1858":"a","1859":"s","1860":"l","1861":"D","1862":"e","1863":"t","1864":"a","1865":"i","1866":"l","1867":"s","1868":"/","1869":"T","1870":"a","1871":"s","1872":"k","1873":"D","1874":"e","1875":"t","1876":"a","1877":"i","1878":"l","1879":"s","1880":".","1881":"v","1882":"u","1883":"e","1884":"\"","1885":",","1886":"\"","1887":"s","1888":"o","1889":"u","1890":"r","1891":"c","1892":"e","1893":"s","1894":"C","1895":"o","1896":"n","1897":"t","1898":"e","1899":"n","1900":"t","1901":"\"","1902":":","1903":"[","1904":"\"","1905":"<","1906":"t","1907":"e","1908":"m","1909":"p","1910":"l","1911":"a","1912":"t","1913":"e","1914":">","1915":"\\","1916":"n","1917":"\\","1918":"t","1919":"<","1920":"d","1921":"i","1922":"v","1923":"\\","1924":"n","1925":"\\","1926":"t","1927":"\\","1928":"t","1929":"v","1930":"-","1931":"i","1932":"f","1933":"=","1934":"\\","1935":"\"","1936":"s","1937":"e","1938":"l","1939":"e","1940":"c","1941":"t","1942":"e","1943":"d","1944":"T","1945":"a","1946":"s","1947":"k","1948":"\\","1949":"\"","1950":"\\","1951":"n","1952":"\\","1953":"t","1954":"\\","1955":"t","1956":"c","1957":"l","1958":"a","1959":"s","1960":"s","1961":"N","1962":"a","1963":"m","1964":"e","1965":"=","1966":"\\","1967":"\"","1968":"t","1969":"a","1970":"s","1971":"k","1972":"-","1973":"d","1974":"e","1975":"t","1976":"a","1977":"i","1978":"l","1979":"\\","1980":"\"","1981":"\\","1982":"n","1983":"\\","1984":"t","1985":">","1986":"\\","1987":"n","1988":"\\","1989":"t","1990":"\\","1991":"t","1992":"<","1993":"h","1994":"4","1995":" ","1996":"c","1997":"l","1998":"a","1999":"s","2000":"s","2001":"=","2002":"\\","2003":"\"","2004":"t","2005":"a","2006":"s","2007":"k","2008":"-","2009":"t","2010":"i","2011":"t","2012":"l","2013":"e","2014":"\\","2015":"\"","2016":">","2017":"\\","2018":"n","2019":"\\","2020":"t","2021":"\\","2022":"t","2023":"\\","2024":"t","2025":"{","2026":"{","2027":" ","2028":"s","2029":"e","2030":"l","2031":"e","2032":"c","2033":"t","2034":"e","2035":"d","2036":"T","2037":"a","2038":"s","2039":"k","2040":".","2041":"n","2042":"a","2043":"m","2044":"e","2045":" ","2046":"}","2047":"}","2048":"\\","2049":"n","2050":"\\","2051":"t","2052":"\\","2053":"t","2054":"<","2055":"/","2056":"h","2057":"4","2058":">","2059":"\\","2060":"n","2061":"\\","2062":"t","2063":"\\","2064":"t","2065":"<","2066":"d","2067":"i","2068":"v","2069":" ","2070":"v","2071":"-","2072":"i","2073":"f","2074":"=","2075":"\\","2076":"\"","2077":"s","2078":"e","2079":"l","2080":"e","2081":"c","2082":"t","2083":"e","2084":"d","2085":"T","2086":"a","2087":"s","2088":"k","2089":".","2090":"s","2091":"t","2092":"a","2093":"t","2094":"u","2095":"s","2096":"\\","2097":"\"","2098":">","2099":"\\","2100":"n","2101":"\\","2102":"t","2103":"\\","2104":"t","2105":"\\","2106":"t","2107":"<","2108":"q","2109":"-","2110":"f","2111":"o","2112":"r","2113":"m","2114":" ","2115":"@","2116":"s","2117":"u","2118":"b","2119":"m","2120":"i","2121":"t","2122":"=","2123":"\\","2124":"\"","2125":"s","2126":"u","2127":"b","2128":"m","2129":"i","2130":"t","2131":"F","2132":"o","2133":"r","2134":"m","2135":"\\","2136":"\"","2137":">","2138":"\\","2139":"n","2140":"\\","2141":"t","2142":"\\","2143":"t","2144":"\\","2145":"t","2146":"\\","2147":"t","2148":"<","2149":"d","2150":"i","2151":"v","2152":"\\","2153":"n","2154":"\\","2155":"t","2156":"\\","2157":"t","2158":"\\","2159":"t","2160":"\\","2161":"t","2162":"\\","2163":"t","2164":"v","2165":"-","2166":"f","2167":"o","2168":"r","2169":"=","2170":"\\","2171":"\"","2172":"f","2173":"i","2174":"e","2175":"l","2176":"d","2177":" ","2178":"i","2179":"n","2180":" ","2181":"s","2182":"e","2183":"l","2184":"e","2185":"c","2186":"t","2187":"e","2188":"d","2189":"T","2190":"a","2191":"s","2192":"k","2193":".","2194":"f","2195":"i","2196":"e","2197":"l","2198":"d","2199":"s","2200":"\\","2201":"\"","2202":"\\","2203":"n","2204":"\\","2205":"t","2206":"\\","2207":"t","2208":"\\","2209":"t","2210":"\\","2211":"t","2212":"\\","2213":"t","2214":":","2215":"k","2216":"e","2217":"y","2218":"=","2219":"\\","2220":"\"","2221":"f","2222":"i","2223":"e","2224":"l","2225":"d","2226":".","2227":"i","2228":"d","2229":"\\","2230":"\"","2231":"\\","2232":"n","2233":"\\","2234":"t","2235":"\\","2236":"t","2237":"\\","2238":"t","2239":"\\","2240":"t","2241":">","2242":"\\","2243":"n","2244":"\\","2245":"t","2246":"\\","2247":"t","2248":"\\","2249":"t","2250":"\\","2251":"t","2252":"\\","2253":"t","2254":"<","2255":"d","2256":"i","2257":"v","2258":">","2259":"\\","2260":"n","2261":"\\","2262":"t","2263":"\\","2264":"t","2265":"\\","2266":"t","2267":"\\","2268":"t","2269":"\\","2270":"t","2271":"\\","2272":"t","2273":"<","2274":"d","2275":"i","2276":"v","2277":"\\","2278":"n","2279":"\\","2280":"t","2281":"\\","2282":"t","2283":"\\","2284":"t","2285":"\\","2286":"t","2287":"\\","2288":"t","2289":"\\","2290":"t","2291":"\\","2292":"t","2293":"v","2294":"-","2295":"i","2296":"f","2297":"=","2298":"\\","2299":"\"","2300":"f","2301":"i","2302":"e","2303":"l","2304":"d","2305":".","2306":"t","2307":"y","2308":"p","2309":"e","2310":" ","2311":"=","2312":"=","2313":"=","2314":" ","2315":"'","2316":"p","2317":"a","2318":"r","2319":"a","2320":"g","2321":"r","2322":"a","2323":"p","2324":"h","2325":"'","2326":"\\","2327":"\"","2328":"\\","2329":"n","2330":"\\","2331":"t","2332":"\\","2333":"t","2334":"\\","2335":"t","2336":"\\","2337":"t","2338":"\\","2339":"t","2340":"\\","2341":"t","2342":"\\","2343":"t","2344":"c","2345":"l","2346":"a","2347":"s","2348":"s","2349":"N","
[...]
4874":"\\","4875":"t","4876":"\\","4877":"t","4878":"\\","4879":"t","4880":"\\","4881":"t","4882":"/","4883":">","4884":"\\","4885":"n","4886":"\\","4887":"t","4888":"\\","4889":"t","4890":"\\","4891":"t","4892":"\\","4893":"t","4894":"\\","4895":"t","4896":"\\","4897":"t","4898":"<","4899":"/","4900":"d","4901":"i","4902":"v","4903":">","4904":"\\","4905":"n","4906":"\\","4907":"t","4908":"\\","4909":"t","4910":"\\","4911":"t","4912":"\\","4913":"t","4914":"\\","4915":"t","4916":"<","4917":"/","4918":"d","4919":"i","4920":"v","4921":">","4922":"\\","4923":"n","4924":"\\","4925":"t","4926":"\\","4927":"t","4928":"\\","4929":"t","4930":"\\","4931":"t","4932":"<","4933":"/","4934":"d","4935":"i","4936":"v","4937":">","4938":"\\","4939":"n","4940":"\\","4941":"t","4942":"\\","4943":"t","4944":"\\","4945":"t","4946":"\\","4947":"t","4948":"<","4949":"q","4950":"-","4951":"b","4952":"t","4953":"n","4954":"\\","4955":"n","4956":"\\","4957":"t","4958":"\\","4959":"t","4960":"\\","4961":"t","4962":"\\","4963":"t","4964":"\\","4965":"t","4966":"t","4967":"y","4968":"p","4969":"e","4970":"=","4971":"\\","4972":"\"","4973":"s","4974":"u","4975":"b","4976":"m","4977":"i","4978":"t","4979":"\\","4980":"\"","4981":"\\","4982":"n","4983":"\\","4984":"t","4985":"\\","4986":"t","4987":"\\","4988":"t","4989":"\\","4990":"t","4991":"\\","4992":"t","4993":"l","4994":"a","4995":"b","4996":"e","4997":"l","4998":"=","4999":"\\","5000":"\"","5001":"S","5002":"u","5003":"b","5004":"m","5005":"i","5006":"t","5007":"\\","5008":"\"","5009":"\\","5010":"n","5011":"\\","5012":"t","5013":"\\","5014":"t","5015":"\\","5016":"t","5017":"\\","5018":"t","5019":"\\","5020":"t","5021":"c","5022":"l","5023":"a","5024":"s","5025":"s","5026":"=","5027":"\\","5028":"\"","5029":"f","5030":"o","5031":"r","5032":"m","5033":"-","5034":"s","5035":"u","5036":"b","5037":"m","5038":"i","5039":"t","5040":"\\","5041":"\"","5042":"\\","5043":"n","5044":"\\","5045":"t","5046":"\\","5047":"t","5048":"\\","5049":"t","5050":"\\","5051":"t","5052":"/","5053":">","5054":"\\","5055":"n","5056":"\\","5057":"t","5058":"\\","5059":"t","5060":"\\","5061":"t","5062":"<","5063":"/","5064":"q","5065":"-","5066":"f","5067":"o","5068":"r","5069":"m","5070":">","5071":"\\","5072":"n","5073":"\\","5074":"t","5075":"\\","5076":"t","5077":"<","5078":"/","5079":"d","5080":"i","5081":"v","5082":">","5083":"\\","5084":"n","5085":"\\","5086":"t","5087":"<","5088":"/","5089":"d","5090":"i","5091":"v","5092":">","5093":"\\","5094":"n","5095":"\\","5096":"t","5097":"<","5098":"d","5099":"i","5100":"v","5101":" ","5102":"v","5103":"-","5104":"e","5105":"l","5106":"s","5107":"e","5108":">","5109":"\\","5110":"n","5111":"\\","5112":"t","5113":"\\","5114":"t","5115":"<","5116":"p","5117":">","5118":"N","5119":"o","5120":" ","5121":"t","5122":"a","5123":"s","5124":"k","5125":" ","5126":"s","5127":"e","5128":"l","5129":"e","5130":"c","5131":"t","5132":"e","5133":"d","5134":".","5135":"<","5136":"/","5137":"p","5138":">","5139":"\\","5140":"n","5141":"\\","5142":"t","5143":"<","5144":"/","5145":"d","5146":"i","5147":"v","5148":">","5149":"\\","5150":"n","5151":"<","5152":"/","5153":"t","5154":"e","5155":"m","5156":"p","5157":"l","5158":"a","5159":"t","5160":"e","5161":">","5162":"\\","5163":"n","5164":"\\","5165":"n","5166":"<","5167":"s","5168":"c","5169":"r","5170":"i","5171":"p","5172":"t","5173":" ","5174":"s","5175":"e","5176":"t","5177":"u","5178":"p","5179":">","5180":"\\","5181":"n","5182":"i","5183":"m","5184":"p","5185":"o","5186":"r","5187":"t","5188":" ","5189":"{","5190":" ","5191":"r","5192":"e","5193":"f","5194":",","5195":" ","5196":"w","5197":"a","5198":"t","5199":"c","5200":"h","5201":"E","5202":"f","5203":"f","5204":"e","5205":"c","5206":"t","5207":" ","5208":"}","5209":" ","5210":"f","5211":"r","5212":"o","5213":"m","5214":" ","5215":"'","5216":"v","5217":"u","5218":"e","5219":"'","5220":";","5221":"\\","5222":"n","5223":"i","5224":"m","5225":"p","5226":"o","5227":"r","5228":"t","5229":" ","5230":"{","5231":" ","5232":"u","5233":"s","5234":"e","5235":"T","5236":"a","5237":"s","5238":"k","5239":"S","5240":"t","5241":"o","5242":"r","5243":"e","5244":" ","5245":"}","5246":" ","5247":"f","5248":"r","5249":"o","5250":"m","5251":" ","5252":"'","5253":".","5254":".","5255":"/","5256":".","5257":".","5258":"/","5259":"s","5260":"t","5261":"o","5262":"r","5263":"e","5264":"s","5265":"/","5266":"t","5267":"a","5268":"s","5269":"k","5270":"S","5271":"t","5272":"o","5273":"r","5274":"e","5275":"'","5276":";","5277":"\\","5278":"n","5279":"i","5280":"m","5281":"p","5282":"o","5283":"r","5284":"t","5285":" ","5286":"{","5287":" ","5288":"N","5289":"o","5290":"t","5291":"i","5292":"f","5293":"y","5294":" ","5295":"}","5296":" ","5297":"f","5298":"r","5299":"o","5300":"m","5301":" ","5302":"'","5303":"q","5304":"u","5305":"a","5306":"s","5307":"a","5308":"r","5309":"'","5310":";","5311":"\\","5312":"n","5313":"\\","5314":"n","5315":"c","5316":"o","5317":"n","5318":"s","5319":"t","5320":" ","5321":"f","5322":"o","5323":"r","5324":"m","5325":"D","5326":"a","5327":"t","5328":"a","5329":" ","5330":"=","5331":" ","5332":"r","5333":"e","5334":"f","5335":"(","5336":"{","5337":"}","5338":")","5339":";","5340":"\\","5341":"n","5342":"c","5343":"o","5344":"n","5345":"s","5346":"t","5347":" ","5348":"s","5349":"e","5350":"l","5351":"e","5352":"c","5353":"t","5354":"e","5355":"d","5356":"T","5357":"a","5358":"s","5359":"k","5360":" ","5361":"=","5362":" ","5363":"r","5364":"e","5365":"f","5366":"(","5367":"n","5368":"u","5369":"l","5370":"l","5371":")","5372":";","5373":"\\","5374":"n","5375":"c","5376":"o","5377":"n","5378":"s","5379":"t","5380":" ","5381":"t","5382":"a","5383":"s","5384":"k","5385":"S","5386":"t","5387":"o","5388":"r","5389":"e","5390":" ","5391":"=","5392":" ","5393":"u","5394":"s","5395":"e","5396":"T","5397":"a","5398":"s","5399":"k","5400":"S","5401":"t","5402":"o","5403":"r","5404":"e","5405":"(","5406":")","5407":";","5408":"\\","5409":"n","5410":"c","5411":"o","5412":"n","5413":"s","5414":"t","5415":" ","5416":"s","5417":"u","5418":"b","5419":"m","5420":"i","5421":"t","5422":"t","5423":"i","5424":"n","5425":"g","5426":" ","5427":"=","5428":" ","5429":"r","5430":"e","5431":"f","5432":"(","5433":"t","5434":"r","5435":"u","5436":"e","5437":")","5438":";","5439":"\\","5440":"n","5441":"\\","5442":"n","5443":"c","5444":"o","5445":"n","5446":"s","5447":"t","5448":" ","5449":"s","5450":"h","5451":"o","5452":"w","5453":"N","5454":"o","5455":"t","5456":"i","5457":"f","5458":"y","5459":" ","5460":"=","5461":" ","5462":"(","5463":"m","5464":"e","5465":"s","5466":"s","5467":"a","5468":"g","5469":"e","5470":",","5471":" ","5472":"c","5473":"o","5474":"l","5475":"o","5476":"r","5477":")","5478":" ","5479":"=","5480":">","5481":" ","5482":"{","5483":"\\","5484":"n","5485":"\\","5486":"t","5487":"N","5488":"o","5489":"t","5490":"i","5491":"f","5492":"y","5493":".","5494":"c","5495":"r","5496":"e","5497":"a","5498":"t","5499":"e","5500":"(","5501":"{","5502":"\\","5503":"n","5504":"\\","5505":"t","5506":"\\","5507":"t","5508":"m","5509":"e","5510":"s","5511":"s","5512":"a","5513":"g","5514":"e","5515":":","5516":" ","5517":"m","5518":"e","5519":"s","5520":"s","5521":"a","5522":"g","5523":"e","5524":",","5525":"\\","5526":"n","5527":"\\","5528":"t","5529":"\\","5530":"t","5531":"c","5532":"o","5533":"l","5534":"o","5535":"r","5536":":","5537":" ","5538":"c","5539":"o","5540":"l","5541":"o","5542":"r","5543":",","5544":"\\","5545":"n","5546":"\\","5547":"t","5548":"\\","5549":"t","5550":"p","5551":"o","5552":"s","5553":"i","5554":"t","5555":"i","5556":"o","5557":"n","5558":":","5559":" ","5560":"'","5561":"t","5562":"o","5563":"p","5564":"'","5565":",","5566":"\\","5567":"n","5568":"\\","5569":"t","5570":"\\","5571":"t","5572":"t","5573":"i","5574":"m","5575":"e","5576":"o","5577":"u","5578":"t","5579":":","5580":" ","5581":"2","5582":"0","5583":"0","5584":"0","5585":",","5586":"\\","5587":"n","5588":"\\","5589":"t","5590":"}","5591":")","5592":";","5593":"\\","5594":"n","5595":"}","5596":";","5597":"\\","5598":"n","5599":"\\","5600":"n","5601":"c","5602":"o","5603":"n","5604":"s","5605":"t","5606":" ","5607":"g","5608":"e","5609":"t","5610":"V","5611":"a","5612":"l","5613":"i","5614":"d","5615":"a","5616":"t","5617":"i","5618":"o","5619":"n","5620":"R","5621":"u","5622":"l","5623":"e","5624":"s","5625":" ","5626":"=","5627":" ","5628":"(","5629":"f","5630":"i","5631":"e","5632":"l","5633":"d","5634":")","5635":" ","5636":"=","5637":">","5638":" ","5639":"{","5640":"\\","5641":"n","5642":"\\","5643":"t","5644":"c","5645":"o","5646":"n","5647":"s","5648":"t","5649":" ","5650":"r","5651":"u","5652":"l","5653":"e","5654":"s","5655":" ","5656":"=","5657":" ","5658":"[","5659":"]","5660":";","5661":"\\","5662":"n","5663":"\\","5664":"t","5665":"i","5666":"f","5667":" ","5668":"(","5669":"f","5670":"i","5671":"e","5672":"l","5673":"d","5674":".","5675":"v","5676":"a","5677":"l","5678":"i","5679":"d","5680":"a","5681":"t","5682":"i","5683":"o","5684":"n","5685":")","5686":" ","5687":"{","5688":"\\","5689":"n","5690":"\\","5691":"t","5692":"\\","5693":"t","5694":"i","5695":"f","5696":" ","5697":"(","5698":"f","5699":"i","5700":"e","5701":"l","5702":"d","5703":".","5704":"v","5705":"a","5706":"l","5707":"i","5708":"d","5709":"a","5710":"t","5711":"i","5712":"o","5713":"n","5714":".","5715":"m","5716":"i","5717":"n","5718":")","5719":" ","5720":"{","5721":"\\","5722":"n","5723":"\\","5724":"t","5725":"\\","5726":"t","5727":"\\","5728":"t","5729":"r","5730":"u","5731":"l","5732":"e","5733":"s","5734":".","5735":"p","5736":"u","5737":"s","5738":"h","5739":"(","5740":"v","5741":"a","5742":"l","5743":" ","5744":"=","5745":">","5746":" ","5747":"v","5748":"a","5749":"l","5750":" ","5751":"&","5752":"&","5753":" ","5754":"v","5755":"a","5756":"l","5757":".","5758":"l","5759":"e","5760":"n","5761":"g","5762":"t","5763":"h","5764":" ","5765":">","5766":"=","5767":" ","5768":"f","5769":"i","5770":"e","5771":"l","5772":"d","5773":".","5774":"v","5775":"a","5776":"l","5777":"i","5778":"d","5779":"a","5780":"t","5781":"i","5782":"o","5783":"n","5784":".","5785":"m","5786":"i","5787":"n","5788":" ","5789":"|","5790":"|","5791":" ","5792":"`","5793":"M","5794":"i","5795":"n","5796":" ","5797":"l","5798":"e","5799":"n","5800":"g","5801":"t","5802":"h","5803":" ","5804":"i","5805":"s","5806":" ","5807":"$","5808":"{","5809":"f","5810":"i","5811":"e","5812":"l","5813":"d","5814":".","5815":"v","5816":"a","5817":"l","5818":"i","5819":"d","5820":"a","5821":"t","5822":"i","5823":"o","5824":"n","5825":".","5826":"m","5827":"i","5828":"n","5829":"}","5830":"`","5831":")","5832":";","5833":"\\","5834":"n","5835":"\\","5836":"t","5837":"\\","5838":"t","5839":"}","5840":"\\","5841":"n","5842":"\\","5843":"t","5844":"\\","5845":"t","5846":"i","5847":"f","5848":" ","5849":"(","5850":"f","5851":"i","5852":"e","5853":"l","5854":"d","5855":".","5856":"v","5857":"a","5858":"l","5859":"i","5860":"d","5861":"a","5862":"t","5863":"i","5864":"o","5865":"n","5866":".","5867":"m","5868":"a","5869":"x","5870":")","5871":" ","5872":"{","5873":"\\","5874":"n","5875":"\\","5876":"t","5877":"\\","5878":"t","5879":"\\","5880":"t","5881":"r","5882":"u","5883":"l","5884":"e","5885":"s","5886":".","5887":"p","5888":"u","5889":"s","5890":"h","5891":"(","5892":"v","5893":"a","5894":"l","5895":" ","5896":"=","5897":">","5898":" ","5899":"v","5900":"a","5901":"l","5902":" ","5903":"&","5904":"&","5905":" ","5906":"v","5907":"a","5908":"l","5909":".","5910":"l","5911":"e","5912":"n","5913":"g","5914":"t","5915":"h","5916":" ","5917":"<","5918":"=","5919":" ","5920":"f","5921":"i","5922":"e","5923":"l","5924":"d","5925":".","5926":"v","5927":"a","5928":"l","5929":"i","5930":"d","5931":"a","5932":"t","5933":"i","5934":"o","5935":"n","5936":".","5937":"m","5938":"a","5939":"x","5940":" ","5941":"|","5942":"|","5943":" ","5944":"`","5945":"M","5946":"a","5947":"x","5948":" ","5949":"l","5950":"e","5951":"n","5952":"g","5953":"t","5954":"h","5955":" ","5956":"i","5957":"s","5958":" ","5959":"$","5960":"{","5961":"f","5962":"i","5963":"e","5964":"l","5965":"d","5966":".","5967":"v","5968":"a","5969":"l","5970":"i","5971":"d","5972":"a","5973":"t","5974":"i","5975":"o","5976":"n","5977":".","5978":"m","5979":"a","5980":"x","5981":"}","5982":"`","5983":")","5984":";","5985":"\\","5986":"n","5987":"\\","5988":"t","5989":"\\","5990":"t","5991":"}","5992":"\\","5993":"n","5994":"\\","5995":"t","5996":"}","5997":"\\","5998":"n","5999":"\\","6000":"t","6001":"r","6002":"e","6003":"t","6004":"u","6005":"r","6006":"n","6007":" ","6008":"r","6009":"u","6010":"l","6011":"e","6012":"s","6013":";","6014":"\\","6015":"n","6016":"}","6017":";","6018":"\\","6019":"n","6020":"c","6021":"o","6022":"n","6023":"s","6024":"t","6025":" ","6026":"g","6027":"e","6028":"t","6029":"C","6030":"o","6031":"l","6032":"S","6033":"p","6034":"a","6035":"n","6036":" ","6037":"=","6038":" ","6039":"(","6040":"s","6041":"i","6042":"z","6043":"e","6044":")","6045":" ","6046":"=","6047":">","6048":" ","6049":"{","6050":"\\","6051":"n","6052":"\\","6053":"t","6054":"r","6055":"e","6056":"t","6057":"u","6058":"r","6059":"n","6060":" ","6061":"{","6062":"\\","6063":"n","6064":"\\","6065":"t","6066":"\\","6067":"t","6068":"l","6069":"g","6070":":","6071":" ","6072":"s","6073":"i","6074":"z","6075":"e","6076":".","6077":"l","6078":"g","6079":" ","6080":"|","6081":"|","6082":" ","6083":"1","6084":"2","6085":",","6086":"\\","6087":"n","6088":"\\","6089":"t","6090":"\\","6091":"t","6092":"m","6093":"d","6094":":","6095":" ","6096":"s","6097":"i","6098":"z","6099":"e","6100":".","6101":"m","6102":"d","6103":" ","6104":"|","6105":"|","6106":" ","6107":"1","6108":"2","6109":",","6110":"\\","6111":"n","6112":"\\","6113":"t","6114":"\\","6115":"t","6116":"s","6117":"m","6118":":","6119":" ","6120":"s","6121":"i","6122":"z","6123":"e","6124":".","6125":"s","6126":"m","6127":" ","6128":"|","6129":"|","6130":" ","6131":"1","6132":"2","6133":",","6134":"\\","6135":"n","6136":"\\","6137":"t","6138":"\\","6139":"t","6140":"x","6141":"s","6142":":","6143":" ","6144":"s","6145":"i","6146":"z","6147":"e","6148":".","6149":"x","6150":"s","6151":" ","6152":"|","6153":"|","6154":" ","6155":"1","6156":"2","6157":",","6158":"\\","6159":"n","6160":"\\","6161":"t","6162":"}","6163":";","6164":"\\","6165":"n","6166":"}","6167":";","6168":"\\","6169":"n","6170":"c","6171":"o","6172":"n","6173":"s","6174":"t","6175":" ","6176":"s","6177":"u","6178":"b","6179":"m","6180":"i","6181":"t","6182":"F","6183":"o","6184":"r","6185":"m","6186":" ","6187":"=","6188":" ","6189":"a","6190":"s","6191":"y","6192":"n","6193":"c","6194":" ","6195":"(","6196":")","6197":" ","6198":"=","6199":">","6200":" ","6201":"{","6202":"\\","6203":"n","6204":"\\","6205":"t","6206":"c","6207":"o","6208":"n","6209":"s","6210":"t","6211":" ","6212":"t","6213":"a","6214":"s","6215":"k","6216":"I","6217":"d","6218":" ","6219":"=","6220":" ","6221":"s","6222":"e","6223":"l","6224":"e","6225":"c","6226":"t","6227":"e","6228":"d","6229":"T","6230":"a","6231":"s","6232":"k","6233":".","6234":"v","6235":"a","6236":"l","6237":"u","6238":"e","6239":".","6240":"i","6241":"d","6242":";","6243":"\\","6244":"n","6245":"\\","6246":"n","6247":"\\","6248":"t","6249":"t","6250":"r","6251":"y","6252":" ","6253":"{","6254":"\\","6255":"n","6256":"\\","6257":"t","6258":"\\","6259":"t","6260":"a","6261":"w","6262":"a","6263":"i","6264":"t","6265":" ","6266":"t","6267":"a","6268":"s","6269":"k","6270":"S","6271":"t","6272":"o","6273":"r","6274":"e","6275":".","6276":"s","6277":"u","6278":"b","6279":"m","6280":"i","6281":"t","6282":"T","6283":"a","6284":"s","6285":"k","6286":"F","6287":"o","6288":"r","6289":"m","6290":"(","6291":"t","6292":"a","6293":"s","6294":"k","6295":"I","6296":"d","6297":",","6298":" ","6299":"f","6300":"o","6301":"r","6302":"m","6303":"D","6304":"a","6305":"t","6306":"a","6307":".","6308":"v","6309":"a","6310":"l","6311":"u","6312":"e","6313":")","6314":";","6315":"\\","6316":"n","6317":"\\","6318":"t","6319":"\\","6320":"t","6321":"s","6322":"h","6323":"o","6324":"w","6325":"N","6326":"o","6327":"t","6328":"i","6329":"f","6330":"y","6331":"(","6332":"'","6333":"F","6334":"o","6335":"r","6336":"m","6337":" ","6338":"s","6339":"u","6340":"b","6341":"m","6342":"i","6343":"t","6344":"t","6345":"e","6346":"d","6347":" ","6348":"s","6349":"u","6350":"c","6351":"c","6352":"e","6353":"s","6354":"s","6355":"f","6356":"u","6357":"l","6358":"l","6359":"y","6360":"!","6361":"'","6362":",","6363":" ","6364":"'","6365":"g","6366":"r","6367":"e","6368":"e","6369":"n","6370":"'","6371":")","6372":";","6373":"\\","6374":"n","6375":"\\","6376":"t","6377":"}","6378":" ","6379":"c","6380":"a","6381":"t","6382":"c","6383":"h","6384":" ","6385":"(","6386":"e","6387":"r","6388":"r","6389":"o","6390":"r","6391":")","6392":" ","6393":"{","6394":"\\","6395":"n","6396":"\\","6397":"t","6398":"\\","6399":"t","6400":"s","6401":"h","6402":"o","6403":"w","6404":"N","6405":"o","6406":"t","6407":"i","6408":"f","6409":"y","6410":"(","6411":"'","6412":"E","6413":"r","6414":"r","6415":"o","6416":"r","6417":" ","6418":"w","6419":"h","6420":"i","6421":"l","6422":"e","6423":" ","6424":"s","6425":"u","6426":"b","6427":"m","6428":"i","6429":"t","6430":"t","6431":"i","6432":"n","6433":"g","6434":" ","6435":"f","6436":"o","6437":"r","6438":"m","6439":"'","6440":",","6441":" ","6442":"'","6443":"r","6444":"e","6445":"d","6446":"'","6447":")","6448":";","6449":"\\","6450":"n","6451":"\\","6452":"t","6453":"}","6454":" ","6455":"f","6456":"i","6457":"n","6458":"a","6459":"l","6460":"l","6461":"y","6462":" ","6463":"{","6464":"\\","6465":"n","6466":"\\","6467":"t","6468":"\\","6469":"t","6470":"s","6471":"u","6472":"b","6473":"m","6474":"i","6475":"t","6476":"t","6477":"i","6478":"n","6479":"g","6480":".","6481":"v","6482":"a","6483":"l","6484":"u","6485":"e","6486":" ","6487":"=","6488":" ","6489":"f","6490":"a","6491":"l","6492":"s","6493":"e","6494":";","6495":"\\","6496":"n","6497":"\\","6498":"t","6499":"}","6500":"\\","6501":"n","6502":"}","6503":";","6504":"\\","6505":"n","6506":"w","6507":"a","6508":"t","6509":"c","6510":"h","6511":"E","6512":"f","6513":"f","6514":"e","6515":"c","6516":"t","6517":"(","6518":"(","6519":")","6520":" ","6521":"=","6522":">","6523":" ","6524":"{","6525":"\\","6526":"n","6527":"\\","6528":"t","6529":"s","6530":"e","6531":"l","6532":"e","6533":"c","6534":"t","6535":"e","6536":"d","6537":"T","6538":"a","6539":"s","6540":"k","6541":".","6542":"v","6543":"a","6544":"l","6545":"u","6546":"e","6547":" ","6548":"=","6549":" ","6550":"t","6551":"a","6552":"s","6553":"k","6554":"S","6555":"t","6556":"o","6557":"r","6558":"e","6559":".","6560":"s","6561":"e","6562":"l","6563":"e","6564":"c","6565":"t","6566":"e","6567":"d","6568":"T","6569":"a","6570":"s","6571":"k","6572":";","6573":"\\","6574":"n","6575":"}","6576":")","6577":";","6578":"\\","6579":"n","6580":"<","6581":"/","6582":"s","6583":"c","6584":"r","6585":"i","6586":"p","6587":"t","6588":">","6589":"\\","6590":"n","6591":"\\","6592":"n","6593":"<","6594":"s","6595":"t","6596":"y","6597":"l","6598":"e","6599":" ","6600":"s","6601":"c","6602":"o","6603":"p","6604":"e","6605":" ","6606":"l","6607":"a","6608":"n","6609":"g","6610":"=","6611":"\\","6612":"\"","6613":"s","6614":"c","6615":"s","6616":"s","6617":"\\","6618":"\"","6619":">","6620":"\\","6621":"n","6622":"@","6623":"i","6624":"m","6625":"p","6626":"o","6627":"r","6628":"t","6629":" ","6630":"'","6631":".","6632":".","6633":"/","6634":".","6635":".","6636":"/","6637":"c","6638":"s","6639":"s","6640":"/","6641":"a","6642":"p","6643":"p","6644":".","6645":"s","6646":"c","6647":"s","6648":"s","6649":"'","6650":";","6651":"\\","6652":"n","6653":"<","6654":"/","6655":"s","6656":"t","6657":"y","6658":"l","6659":"e","6660":">","6661":"\"","6662":"]","6663":"}"},"_coverageSchema":"1a1c01bbd47fc00a2c39e90264f33305004495a9","hash":"aaf07cb288f65d51e8b8c8e6155809bc3ca5683b"}
}
