TN:
SF:src/components/TaskList/TaskList.vue
FN:124,render
FN:133,(anonymous_1)
FN:134,(anonymous_2)
FN:143,(anonymous_3)
FN:143,(anonymous_4)
FN:149,(anonymous_5)
FN:151,(anonymous_6)
FN:152,(anonymous_7)
FN:155,(anonymous_8)
FN:161,(anonymous_9)
FNF:10
FNH:9
FNDA:1,render
FNDA:1,(anonymous_1)
FNDA:1,(anonymous_2)
FNDA:1,(anonymous_3)
FNDA:1,(anonymous_4)
FNDA:0,(anonymous_5)
FNDA:1,(anonymous_6)
FNDA:1,(anonymous_7)
FNDA:1,(anonymous_8)
FNDA:1,(anonymous_9)
DA:4,1
DA:7,1
DA:116,1
DA:119,1
DA:120,1
DA:121,1
DA:125,1
DA:126,1
DA:127,1
DA:128,1
DA:129,1
DA:130,1
DA:131,1
DA:132,1
DA:133,1
DA:134,1
DA:143,1
DA:144,1
DA:149,0
DA:151,1
DA:152,1
DA:155,1
DA:161,1
DA:175,1
LF:24
LH:23
BRF:0
BRH:0
end_of_record
TN:
SF:src/components/TaslDetails/TaskDetails.vue
FN:196,render
FN:205,(anonymous_1)
FN:205,(anonymous_2)
FN:210,(anonymous_3)
FN:220,(anonymous_4)
FN:229,(anonymous_5)
FN:238,(anonymous_6)
FNF:7
FNH:2
FNDA:3,render
FNDA:2,(anonymous_1)
FNDA:0,(anonymous_2)
FNDA:0,(anonymous_3)
FNDA:0,(anonymous_4)
FNDA:0,(anonymous_5)
FNDA:0,(anonymous_6)
DA:4,1
DA:7,1
DA:8,1
DA:152,1
DA:155,1
DA:156,1
DA:157,1
DA:161,1
DA:164,1
DA:167,1
DA:171,1
DA:175,1
DA:179,1
DA:183,1
DA:187,1
DA:190,1
DA:191,1
DA:194,1
DA:195,1
DA:197,3
DA:198,3
DA:199,3
DA:200,3
DA:201,3
DA:202,3
DA:205,2
DA:206,0
DA:210,0
DA:220,0
DA:229,0
DA:238,0
DA:256,1
LF:32
LH:27
BRDA:202,0,0,3
BRDA:202,0,1,0
BRDA:202,1,0,2
BRDA:202,1,1,1
BRDA:208,2,0,0
BRDA:208,2,1,0
BRDA:208,3,0,0
BRDA:208,3,1,0
BRDA:214,4,0,0
BRDA:214,4,1,0
BRDA:215,5,0,0
BRDA:215,5,1,0
BRDA:215,6,0,0
BRDA:215,6,1,0
BRDA:218,7,0,0
BRDA:218,7,1,0
BRDA:227,8,0,0
BRDA:227,8,1,0
BRDA:237,9,0,0
BRDA:237,9,1,0
BRDA:243,10,0,0
BRDA:243,10,1,0
BRDA:244,11,0,0
BRDA:244,11,1,0
BRDA:244,12,0,0
BRDA:244,12,1,0
BRF:26
BRH:3
end_of_record
